threads_spec: cpu
Using CPUID GenuineIntel-6-6A-6
DEBUGINFOD_URLS=
Compression enabled, disabling build id collection at the end of the session.
nr_threads: 64
thread_masks[0]: 0x55b7ca997db0: maps mask[64]: 0
thread_masks[0]: 0x55b7ca997dc0: affinity mask[64]: 0
thread_masks[1]: 0x55b7ca997dd0: maps mask[64]: 1
thread_masks[1]: 0x55b7ca997de0: affinity mask[64]: 1
thread_masks[2]: 0x55b7ca997df0: maps mask[64]: 2
thread_masks[2]: 0x55b7ca997e00: affinity mask[64]: 2
thread_masks[3]: 0x55b7ca997e10: maps mask[64]: 3
thread_masks[3]: 0x55b7ca997e20: affinity mask[64]: 3
thread_masks[4]: 0x55b7ca997e30: maps mask[64]: 4
thread_masks[4]: 0x55b7ca997e40: affinity mask[64]: 4
thread_masks[5]: 0x55b7ca997e50: maps mask[64]: 5
thread_masks[5]: 0x55b7ca997e60: affinity mask[64]: 5
thread_masks[6]: 0x55b7ca997e70: maps mask[64]: 6
thread_masks[6]: 0x55b7ca997e80: affinity mask[64]: 6
thread_masks[7]: 0x55b7ca997e90: maps mask[64]: 7
thread_masks[7]: 0x55b7ca997ea0: affinity mask[64]: 7
thread_masks[8]: 0x55b7ca997eb0: maps mask[64]: 8
thread_masks[8]: 0x55b7ca997ec0: affinity mask[64]: 8
thread_masks[9]: 0x55b7ca997ed0: maps mask[64]: 9
thread_masks[9]: 0x55b7ca997ee0: affinity mask[64]: 9
thread_masks[10]: 0x55b7ca997ef0: maps mask[64]: 10
thread_masks[10]: 0x55b7ca997f00: affinity mask[64]: 10
thread_masks[11]: 0x55b7ca997f10: maps mask[64]: 11
thread_masks[11]: 0x55b7ca997f20: affinity mask[64]: 11
thread_masks[12]: 0x55b7ca997f30: maps mask[64]: 12
thread_masks[12]: 0x55b7ca997f40: affinity mask[64]: 12
thread_masks[13]: 0x55b7ca997f50: maps mask[64]: 13
thread_masks[13]: 0x55b7ca997f60: affinity mask[64]: 13
thread_masks[14]: 0x55b7ca997f70: maps mask[64]: 14
thread_masks[14]: 0x55b7ca997f80: affinity mask[64]: 14
thread_masks[15]: 0x55b7ca997f90: maps mask[64]: 15
thread_masks[15]: 0x55b7ca997fa0: affinity mask[64]: 15
thread_masks[16]: 0x55b7ca997fb0: maps mask[64]: 16
thread_masks[16]: 0x55b7ca997fc0: affinity mask[64]: 16
thread_masks[17]: 0x55b7ca997fd0: maps mask[64]: 17
thread_masks[17]: 0x55b7ca997fe0: affinity mask[64]: 17
thread_masks[18]: 0x55b7ca997ff0: maps mask[64]: 18
thread_masks[18]: 0x55b7ca998000: affinity mask[64]: 18
thread_masks[19]: 0x55b7ca998010: maps mask[64]: 19
thread_masks[19]: 0x55b7ca998020: affinity mask[64]: 19
thread_masks[20]: 0x55b7ca998030: maps mask[64]: 20
thread_masks[20]: 0x55b7ca998040: affinity mask[64]: 20
thread_masks[21]: 0x55b7ca998050: maps mask[64]: 21
thread_masks[21]: 0x55b7ca998060: affinity mask[64]: 21
thread_masks[22]: 0x55b7ca998070: maps mask[64]: 22
thread_masks[22]: 0x55b7ca998080: affinity mask[64]: 22
thread_masks[23]: 0x55b7ca998090: maps mask[64]: 23
thread_masks[23]: 0x55b7ca9980a0: affinity mask[64]: 23
thread_masks[24]: 0x55b7ca9980b0: maps mask[64]: 24
thread_masks[24]: 0x55b7ca9980c0: affinity mask[64]: 24
thread_masks[25]: 0x55b7ca9980d0: maps mask[64]: 25
thread_masks[25]: 0x55b7ca9980e0: affinity mask[64]: 25
thread_masks[26]: 0x55b7ca9980f0: maps mask[64]: 26
thread_masks[26]: 0x55b7ca998100: affinity mask[64]: 26
thread_masks[27]: 0x55b7ca998110: maps mask[64]: 27
thread_masks[27]: 0x55b7ca998120: affinity mask[64]: 27
thread_masks[28]: 0x55b7ca998130: maps mask[64]: 28
thread_masks[28]: 0x55b7ca998140: affinity mask[64]: 28
thread_masks[29]: 0x55b7ca998150: maps mask[64]: 29
thread_masks[29]: 0x55b7ca998160: affinity mask[64]: 29
thread_masks[30]: 0x55b7ca998170: maps mask[64]: 30
thread_masks[30]: 0x55b7ca998180: affinity mask[64]: 30
thread_masks[31]: 0x55b7ca998190: maps mask[64]: 31
thread_masks[31]: 0x55b7ca9981a0: affinity mask[64]: 31
thread_masks[32]: 0x55b7ca9981b0: maps mask[64]: 32
thread_masks[32]: 0x55b7ca9981c0: affinity mask[64]: 32
thread_masks[33]: 0x55b7ca9981d0: maps mask[64]: 33
thread_masks[33]: 0x55b7ca9981e0: affinity mask[64]: 33
thread_masks[34]: 0x55b7ca9981f0: maps mask[64]: 34
thread_masks[34]: 0x55b7ca998200: affinity mask[64]: 34
thread_masks[35]: 0x55b7ca998210: maps mask[64]: 35
thread_masks[35]: 0x55b7ca998220: affinity mask[64]: 35
thread_masks[36]: 0x55b7ca998230: maps mask[64]: 36
thread_masks[36]: 0x55b7ca998240: affinity mask[64]: 36
thread_masks[37]: 0x55b7ca998250: maps mask[64]: 37
thread_masks[37]: 0x55b7ca998260: affinity mask[64]: 37
thread_masks[38]: 0x55b7ca998270: maps mask[64]: 38
thread_masks[38]: 0x55b7ca998280: affinity mask[64]: 38
thread_masks[39]: 0x55b7ca998290: maps mask[64]: 39
thread_masks[39]: 0x55b7ca9982a0: affinity mask[64]: 39
thread_masks[40]: 0x55b7ca9982b0: maps mask[64]: 40
thread_masks[40]: 0x55b7ca9982c0: affinity mask[64]: 40
thread_masks[41]: 0x55b7ca9982d0: maps mask[64]: 41
thread_masks[41]: 0x55b7ca9982e0: affinity mask[64]: 41
thread_masks[42]: 0x55b7ca9982f0: maps mask[64]: 42
thread_masks[42]: 0x55b7ca998300: affinity mask[64]: 42
thread_masks[43]: 0x55b7ca998310: maps mask[64]: 43
thread_masks[43]: 0x55b7ca998320: affinity mask[64]: 43
thread_masks[44]: 0x55b7ca998330: maps mask[64]: 44
thread_masks[44]: 0x55b7ca998340: affinity mask[64]: 44
thread_masks[45]: 0x55b7ca998350: maps mask[64]: 45
thread_masks[45]: 0x55b7ca998360: affinity mask[64]: 45
thread_masks[46]: 0x55b7ca998370: maps mask[64]: 46
thread_masks[46]: 0x55b7ca998380: affinity mask[64]: 46
thread_masks[47]: 0x55b7ca998390: maps mask[64]: 47
thread_masks[47]: 0x55b7ca9983a0: affinity mask[64]: 47
thread_masks[48]: 0x55b7ca9983b0: maps mask[64]: 48
thread_masks[48]: 0x55b7ca9983c0: affinity mask[64]: 48
thread_masks[49]: 0x55b7ca9983d0: maps mask[64]: 49
thread_masks[49]: 0x55b7ca9983e0: affinity mask[64]: 49
thread_masks[50]: 0x55b7ca9983f0: maps mask[64]: 50
thread_masks[50]: 0x55b7ca998400: affinity mask[64]: 50
thread_masks[51]: 0x55b7ca998410: maps mask[64]: 51
thread_masks[51]: 0x55b7ca998420: affinity mask[64]: 51
thread_masks[52]: 0x55b7ca998430: maps mask[64]: 52
thread_masks[52]: 0x55b7ca998440: affinity mask[64]: 52
thread_masks[53]: 0x55b7ca998450: maps mask[64]: 53
thread_masks[53]: 0x55b7ca998460: affinity mask[64]: 53
thread_masks[54]: 0x55b7ca998470: maps mask[64]: 54
thread_masks[54]: 0x55b7ca998480: affinity mask[64]: 54
thread_masks[55]: 0x55b7ca998490: maps mask[64]: 55
thread_masks[55]: 0x55b7ca9984a0: affinity mask[64]: 55
thread_masks[56]: 0x55b7ca9984b0: maps mask[64]: 56
thread_masks[56]: 0x55b7ca9984c0: affinity mask[64]: 56
thread_masks[57]: 0x55b7ca9984d0: maps mask[64]: 57
thread_masks[57]: 0x55b7ca9984e0: affinity mask[64]: 57
thread_masks[58]: 0x55b7ca9984f0: maps mask[64]: 58
thread_masks[58]: 0x55b7ca998500: affinity mask[64]: 58
thread_masks[59]: 0x55b7ca998510: maps mask[64]: 59
thread_masks[59]: 0x55b7ca998520: affinity mask[64]: 59
thread_masks[60]: 0x55b7ca998530: maps mask[64]: 60
thread_masks[60]: 0x55b7ca998540: affinity mask[64]: 60
thread_masks[61]: 0x55b7ca998550: maps mask[64]: 61
thread_masks[61]: 0x55b7ca998560: affinity mask[64]: 61
thread_masks[62]: 0x55b7ca998570: maps mask[64]: 62
thread_masks[62]: 0x55b7ca998580: affinity mask[64]: 62
thread_masks[63]: 0x55b7ca998590: maps mask[64]: 63
thread_masks[63]: 0x55b7ca9985a0: affinity mask[64]: 63
nr_cblocks: 0
affinity: SYS
mmap flush: 1
comp level: 1
Problems creating module maps, continuing anyway...
WARNING: Kernel address maps (/proc/{kallsyms,modules}) are restricted,
check /proc/sys/kernel/kptr_restrict and /proc/sys/kernel/perf_event_paranoid.

Samples in kernel functions may not be resolved if a suitable vmlinux
file is not found in the buildid cache or in the vmlinux path.

Samples in kernel modules won't be resolved at all.

If some relocation was applied (e.g. kexec) symbols may be misresolved
even with a suitable vmlinux or kallsyms file.

mmap size 528384B
Couldn't record kernel reference relocation symbol
Symbol resolution may be skewed if relocation was used (e.g. kexec).
Check /proc/kallsyms permission or run as root.
couldn't open /proc/1/task/1/maps
couldn't open /proc/1150/task/1150/maps
couldn't open /proc/1185/task/1185/maps
couldn't open /proc/1193/task/1193/maps
couldn't open /proc/1546/task/1546/maps
couldn't open /proc/1653/task/1653/maps
couldn't open /proc/1661/task/1661/maps
couldn't open /proc/1819/task/1819/maps
couldn't open /proc/1852/task/1852/maps
couldn't open /proc/1856/task/1856/maps
couldn't open /proc/1963/task/1963/maps
couldn't open /proc/2004/task/2004/maps
couldn't open /proc/2008/task/2008/maps
couldn't open /proc/2010/task/2010/maps
couldn't open /proc/2013/task/2013/maps
couldn't open /proc/2015/task/2015/maps
couldn't open /proc/2016/task/2016/maps
couldn't open /proc/2026/task/2026/maps
couldn't open /proc/2029/task/2029/maps
couldn't open /proc/2031/task/2031/maps
couldn't open /proc/2034/task/2034/maps
couldn't open /proc/2041/task/2041/maps
couldn't open /proc/2084/task/2084/maps
couldn't open /proc/2120/task/2120/maps
couldn't open /proc/2130/task/2130/maps
couldn't open /proc/2161/task/2161/maps
couldn't open /proc/2174/task/2174/maps
couldn't open /proc/2188/task/2188/maps
couldn't open /proc/2195/task/2195/maps
couldn't open /proc/4230/task/4230/maps
couldn't open /proc/4234/task/4234/maps
couldn't open /proc/5114/task/5114/maps
couldn't open /proc/5116/task/5116/maps
couldn't open /proc/12719/task/12719/maps
couldn't open /proc/13494/task/13494/maps
couldn't open /proc/1101083/task/1101083/maps
couldn't open /proc/1101087/task/1101087/maps
couldn't open /proc/1101089/task/1101089/maps
threads[1102213]: started on cpu1
threads[1102214]: started on cpu2
threads[1102215]: started on cpu3
threads[1102216]: started on cpu4
threads[1102217]: started on cpu5
threads[1102218]: started on cpu6
threads[1102219]: started on cpu7
threads[1102220]: started on cpu8
threads[1102221]: started on cpu9
threads[1102222]: started on cpu10
threads[1102223]: started on cpu11
threads[1102224]: started on cpu12
threads[1102225]: started on cpu13
threads[1102226]: started on cpu14
threads[1102227]: started on cpu15
threads[1102228]: started on cpu16
threads[1102229]: started on cpu17
threads[1102230]: started on cpu18
threads[1102231]: started on cpu19
threads[1102232]: started on cpu20
threads[1102233]: started on cpu21
threads[1102234]: started on cpu22
threads[1102235]: started on cpu23
threads[1102236]: started on cpu24
threads[1102237]: started on cpu25
threads[1102238]: started on cpu26
threads[1102239]: started on cpu27
threads[1102240]: started on cpu28
threads[1102241]: started on cpu29
threads[1102242]: started on cpu30
threads[1102243]: started on cpu31
threads[1102244]: started on cpu32
threads[1102245]: started on cpu33
threads[1102246]: started on cpu34
threads[1102247]: started on cpu35
threads[1102248]: started on cpu36
threads[1102249]: started on cpu37
threads[1102250]: started on cpu38
threads[1102251]: started on cpu39
threads[1102252]: started on cpu40
threads[1102253]: started on cpu41
threads[1102254]: started on cpu42
threads[1102255]: started on cpu43
threads[1102256]: started on cpu44
threads[1102257]: started on cpu45
threads[1102258]: started on cpu46
threads[1102259]: started on cpu47
threads[1102260]: started on cpu48
threads[1102261]: started on cpu49
threads[1102262]: started on cpu50
threads[1102263]: started on cpu51
threads[1102264]: started on cpu52
threads[1102265]: started on cpu53
threads[1102266]: started on cpu54
threads[1102267]: started on cpu55
threads[1102268]: started on cpu56
threads[1102269]: started on cpu57
threads[1102270]: started on cpu58
threads[1102271]: started on cpu59
threads[1102272]: started on cpu60
threads[1102273]: started on cpu61
threads[1102274]: started on cpu62
threads[1102275]: started on cpu63
threads[1102211]: started on cpu0

1102212:perf-sync:ready:SYS=2935375487153253
[ perf record: Woken up 147 times to write data ]
threads[1102211]: samples=28, wakes=13, transferred=3385152, compressed=467828
threads[1102213]: samples=22, wakes=11, transferred=2474696, compressed=349730
threads[1102214]: samples=19, wakes=10, transferred=2140752, compressed=302212
threads[1102215]: samples=22, wakes=11, transferred=2419048, compressed=343221
threads[1102216]: samples=21, wakes=10, transferred=2357464, compressed=331945
threads[1102217]: samples=21, wakes=11, transferred=2391120, compressed=337711
threads[1102218]: samples=21, wakes=11, transferred=2391544, compressed=336454
threads[1102219]: samples=22, wakes=11, transferred=2503648, compressed=350399
threads[1102220]: samples=21, wakes=11, transferred=2392688, compressed=337412
threads[1102221]: samples=19, wakes=10, transferred=2352656, compressed=332010
threads[1102222]: samples=22, wakes=11, transferred=2409256, compressed=337072
threads[1102223]: samples=22, wakes=11, transferred=2540576, compressed=356515
threads[1102224]: samples=21, wakes=12, transferred=2664344, compressed=376590
threads[1102225]: samples=17, wakes=10, transferred=2261440, compressed=318688
threads[1102226]: samples=21, wakes=11, transferred=2444392, compressed=344432
threads[1102227]: samples=22, wakes=11, transferred=2434736, compressed=342577
threads[1102228]: samples=1, wakes=2, transferred=12096, compressed=2096
threads[1102229]: samples=3, wakes=2, transferred=11568, compressed=1938
threads[1102230]: samples=1, wakes=2, transferred=7344, compressed=1315
threads[1102231]: samples=1, wakes=2, transferred=7344, compressed=1307
threads[1102232]: samples=3, wakes=2, transferred=9264, compressed=1727
threads[1102233]: samples=1, wakes=2, transferred=7992, compressed=1415
threads[1102234]: samples=1, wakes=2, transferred=7416, compressed=1342
threads[1102235]: samples=1, wakes=2, transferred=7416, compressed=1314
threads[1102236]: samples=1, wakes=2, transferred=7416, compressed=1311
threads[1102237]: samples=1, wakes=2, transferred=7560, compressed=1377
threads[1102238]: samples=1, wakes=2, transferred=7488, compressed=1364
threads[1102239]: samples=1, wakes=2, transferred=7056, compressed=1252
threads[1102240]: samples=1, wakes=2, transferred=7704, compressed=1348
threads[1102241]: samples=1, wakes=2, transferred=7560, compressed=1315
threads[1102242]: samples=1, wakes=2, transferred=7344, compressed=1293
threads[1102243]: samples=1, wakes=2, transferred=7776, compressed=1359
threads[1102244]: samples=3, wakes=3, transferred=364360, compressed=58544
threads[1102245]: samples=5, wakes=3, transferred=282216, compressed=47032
threads[1102246]: samples=1, wakes=2, transferred=49824, compressed=8626
threads[1102247]: samples=3, wakes=2, transferred=65928, compressed=11348
threads[1102248]: samples=1, wakes=2, transferred=8568, compressed=1631
threads[1102249]: samples=1, wakes=2, transferred=8416, compressed=1573
threads[1102250]: samples=1, wakes=2, transferred=9640, compressed=1743
threads[1102251]: samples=1, wakes=2, transferred=8136, compressed=1479
threads[1102252]: samples=1, wakes=2, transferred=7488, compressed=1320
threads[1102253]: samples=1, wakes=2, transferred=7848, compressed=1392
threads[1102254]: samples=1, wakes=2, transferred=8352, compressed=1517
threads[1102255]: samples=1, wakes=2, transferred=7992, compressed=1487
threads[1102256]: samples=1, wakes=2, transferred=8352, compressed=1483
threads[1102257]: samples=1, wakes=2, transferred=8712, compressed=1529
threads[1102258]: samples=1, wakes=2, transferred=29880, compressed=5285
threads[1102259]: samples=1, wakes=2, transferred=8928, compressed=1677
threads[1102260]: samples=1, wakes=2, transferred=8136, compressed=1474
threads[1102261]: samples=3, wakes=2, transferred=11640, compressed=2340
threads[1102262]: samples=3, wakes=2, transferred=10088, compressed=2101
threads[1102263]: samples=3, wakes=2, transferred=8536, compressed=1597
threads[1102264]: samples=3, wakes=2, transferred=14856, compressed=2643
threads[1102265]: samples=3, wakes=2, transferred=14104, compressed=2758
threads[1102266]: samples=3, wakes=2, transferred=11192, compressed=2092
threads[1102267]: samples=1, wakes=2, transferred=8568, compressed=1648
threads[1102268]: samples=3, wakes=2, transferred=10264, compressed=1984
threads[1102269]: samples=1, wakes=2, transferred=8848, compressed=1675
threads[1102270]: samples=1, wakes=2, transferred=8352, compressed=1614
threads[1102271]: samples=1, wakes=2, transferred=7776, compressed=1426
threads[1102272]: samples=1, wakes=2, transferred=8208, compressed=1482
threads[1102273]: samples=1, wakes=2, transferred=9144, compressed=1641
threads[1102274]: samples=1, wakes=2, transferred=8568, compressed=1553
threads[1102275]: samples=1, wakes=2, transferred=9504, compressed=1715
failed to write feature HYBRID_TOPOLOGY
[ perf record: Captured and wrote 5.974 MB /tmp/amplxe-tmp-lyt/amplxe-res-1102107-5857399857380393/data.0/system-wide.perf, compressed (original 38.849 MB, ratio is 7.066) ]
