threads_spec: cpu
Using CPUID GenuineIntel-6-6A-6
DEBUGINFOD_URLS=
Compression enabled, disabling build id collection at the end of the session.
nr_threads: 64
thread_masks[0]: 0x558cff9ec060: maps mask[64]: 0
thread_masks[0]: 0x558cff9ec070: affinity mask[64]: 0
thread_masks[1]: 0x558cff9ec080: maps mask[64]: 1
thread_masks[1]: 0x558cff9ec090: affinity mask[64]: 1
thread_masks[2]: 0x558cff9ec0a0: maps mask[64]: 2
thread_masks[2]: 0x558cff9ec0b0: affinity mask[64]: 2
thread_masks[3]: 0x558cff9ec0c0: maps mask[64]: 3
thread_masks[3]: 0x558cff9ec0d0: affinity mask[64]: 3
thread_masks[4]: 0x558cff9ec0e0: maps mask[64]: 4
thread_masks[4]: 0x558cff9ec0f0: affinity mask[64]: 4
thread_masks[5]: 0x558cff9ec100: maps mask[64]: 5
thread_masks[5]: 0x558cff9ec110: affinity mask[64]: 5
thread_masks[6]: 0x558cff9ec120: maps mask[64]: 6
thread_masks[6]: 0x558cff9ec130: affinity mask[64]: 6
thread_masks[7]: 0x558cff9ec140: maps mask[64]: 7
thread_masks[7]: 0x558cff9ec150: affinity mask[64]: 7
thread_masks[8]: 0x558cff9ec160: maps mask[64]: 8
thread_masks[8]: 0x558cff9ec170: affinity mask[64]: 8
thread_masks[9]: 0x558cff9ec180: maps mask[64]: 9
thread_masks[9]: 0x558cff9ec190: affinity mask[64]: 9
thread_masks[10]: 0x558cff9ec1a0: maps mask[64]: 10
thread_masks[10]: 0x558cff9ec1b0: affinity mask[64]: 10
thread_masks[11]: 0x558cff9ec1c0: maps mask[64]: 11
thread_masks[11]: 0x558cff9ec1d0: affinity mask[64]: 11
thread_masks[12]: 0x558cff9ec1e0: maps mask[64]: 12
thread_masks[12]: 0x558cff9ec1f0: affinity mask[64]: 12
thread_masks[13]: 0x558cff9ec200: maps mask[64]: 13
thread_masks[13]: 0x558cff9ec210: affinity mask[64]: 13
thread_masks[14]: 0x558cff9ec220: maps mask[64]: 14
thread_masks[14]: 0x558cff9ec230: affinity mask[64]: 14
thread_masks[15]: 0x558cff9ec240: maps mask[64]: 15
thread_masks[15]: 0x558cff9ec250: affinity mask[64]: 15
thread_masks[16]: 0x558cff9ec260: maps mask[64]: 16
thread_masks[16]: 0x558cff9ec270: affinity mask[64]: 16
thread_masks[17]: 0x558cff9ec280: maps mask[64]: 17
thread_masks[17]: 0x558cff9ec290: affinity mask[64]: 17
thread_masks[18]: 0x558cff9ec2a0: maps mask[64]: 18
thread_masks[18]: 0x558cff9ec2b0: affinity mask[64]: 18
thread_masks[19]: 0x558cff9ec2c0: maps mask[64]: 19
thread_masks[19]: 0x558cff9ec2d0: affinity mask[64]: 19
thread_masks[20]: 0x558cff9ec2e0: maps mask[64]: 20
thread_masks[20]: 0x558cff9ec2f0: affinity mask[64]: 20
thread_masks[21]: 0x558cff9ec300: maps mask[64]: 21
thread_masks[21]: 0x558cff9ec310: affinity mask[64]: 21
thread_masks[22]: 0x558cff9ec320: maps mask[64]: 22
thread_masks[22]: 0x558cff9ec330: affinity mask[64]: 22
thread_masks[23]: 0x558cff9ec340: maps mask[64]: 23
thread_masks[23]: 0x558cff9ec350: affinity mask[64]: 23
thread_masks[24]: 0x558cff9ec360: maps mask[64]: 24
thread_masks[24]: 0x558cff9ec370: affinity mask[64]: 24
thread_masks[25]: 0x558cff9ec380: maps mask[64]: 25
thread_masks[25]: 0x558cff9ec390: affinity mask[64]: 25
thread_masks[26]: 0x558cff9ec3a0: maps mask[64]: 26
thread_masks[26]: 0x558cff9ec3b0: affinity mask[64]: 26
thread_masks[27]: 0x558cff9ec3c0: maps mask[64]: 27
thread_masks[27]: 0x558cff9ec3d0: affinity mask[64]: 27
thread_masks[28]: 0x558cff9ec3e0: maps mask[64]: 28
thread_masks[28]: 0x558cff9ec3f0: affinity mask[64]: 28
thread_masks[29]: 0x558cff9ec400: maps mask[64]: 29
thread_masks[29]: 0x558cff9ec410: affinity mask[64]: 29
thread_masks[30]: 0x558cff9ec420: maps mask[64]: 30
thread_masks[30]: 0x558cff9ec430: affinity mask[64]: 30
thread_masks[31]: 0x558cff9ec440: maps mask[64]: 31
thread_masks[31]: 0x558cff9ec450: affinity mask[64]: 31
thread_masks[32]: 0x558cff9ec460: maps mask[64]: 32
thread_masks[32]: 0x558cff9ec470: affinity mask[64]: 32
thread_masks[33]: 0x558cff9ec480: maps mask[64]: 33
thread_masks[33]: 0x558cff9ec490: affinity mask[64]: 33
thread_masks[34]: 0x558cff9ec4a0: maps mask[64]: 34
thread_masks[34]: 0x558cff9ec4b0: affinity mask[64]: 34
thread_masks[35]: 0x558cff9ec4c0: maps mask[64]: 35
thread_masks[35]: 0x558cff9ec4d0: affinity mask[64]: 35
thread_masks[36]: 0x558cff9ec4e0: maps mask[64]: 36
thread_masks[36]: 0x558cff9ec4f0: affinity mask[64]: 36
thread_masks[37]: 0x558cff9ec500: maps mask[64]: 37
thread_masks[37]: 0x558cff9ec510: affinity mask[64]: 37
thread_masks[38]: 0x558cff9ec520: maps mask[64]: 38
thread_masks[38]: 0x558cff9ec530: affinity mask[64]: 38
thread_masks[39]: 0x558cff9ec540: maps mask[64]: 39
thread_masks[39]: 0x558cff9ec550: affinity mask[64]: 39
thread_masks[40]: 0x558cff9ec560: maps mask[64]: 40
thread_masks[40]: 0x558cff9ec570: affinity mask[64]: 40
thread_masks[41]: 0x558cff9ec580: maps mask[64]: 41
thread_masks[41]: 0x558cff9ec590: affinity mask[64]: 41
thread_masks[42]: 0x558cff9ec5a0: maps mask[64]: 42
thread_masks[42]: 0x558cff9ec5b0: affinity mask[64]: 42
thread_masks[43]: 0x558cff9ec5c0: maps mask[64]: 43
thread_masks[43]: 0x558cff9ec5d0: affinity mask[64]: 43
thread_masks[44]: 0x558cff9ec5e0: maps mask[64]: 44
thread_masks[44]: 0x558cff9ec5f0: affinity mask[64]: 44
thread_masks[45]: 0x558cff9ec600: maps mask[64]: 45
thread_masks[45]: 0x558cff9ec610: affinity mask[64]: 45
thread_masks[46]: 0x558cff9ec620: maps mask[64]: 46
thread_masks[46]: 0x558cff9ec630: affinity mask[64]: 46
thread_masks[47]: 0x558cff9ec640: maps mask[64]: 47
thread_masks[47]: 0x558cff9ec650: affinity mask[64]: 47
thread_masks[48]: 0x558cff9ec660: maps mask[64]: 48
thread_masks[48]: 0x558cff9ec670: affinity mask[64]: 48
thread_masks[49]: 0x558cff9ec680: maps mask[64]: 49
thread_masks[49]: 0x558cff9ec690: affinity mask[64]: 49
thread_masks[50]: 0x558cff9ec6a0: maps mask[64]: 50
thread_masks[50]: 0x558cff9ec6b0: affinity mask[64]: 50
thread_masks[51]: 0x558cff9ec6c0: maps mask[64]: 51
thread_masks[51]: 0x558cff9ec6d0: affinity mask[64]: 51
thread_masks[52]: 0x558cff9ec6e0: maps mask[64]: 52
thread_masks[52]: 0x558cff9ec6f0: affinity mask[64]: 52
thread_masks[53]: 0x558cff9ec700: maps mask[64]: 53
thread_masks[53]: 0x558cff9ec710: affinity mask[64]: 53
thread_masks[54]: 0x558cff9ec720: maps mask[64]: 54
thread_masks[54]: 0x558cff9ec730: affinity mask[64]: 54
thread_masks[55]: 0x558cff9ec740: maps mask[64]: 55
thread_masks[55]: 0x558cff9ec750: affinity mask[64]: 55
thread_masks[56]: 0x558cff9ec760: maps mask[64]: 56
thread_masks[56]: 0x558cff9ec770: affinity mask[64]: 56
thread_masks[57]: 0x558cff9ec780: maps mask[64]: 57
thread_masks[57]: 0x558cff9ec790: affinity mask[64]: 57
thread_masks[58]: 0x558cff9ec7a0: maps mask[64]: 58
thread_masks[58]: 0x558cff9ec7b0: affinity mask[64]: 58
thread_masks[59]: 0x558cff9ec7c0: maps mask[64]: 59
thread_masks[59]: 0x558cff9ec7d0: affinity mask[64]: 59
thread_masks[60]: 0x558cff9ec7e0: maps mask[64]: 60
thread_masks[60]: 0x558cff9ec7f0: affinity mask[64]: 60
thread_masks[61]: 0x558cff9ec800: maps mask[64]: 61
thread_masks[61]: 0x558cff9ec810: affinity mask[64]: 61
thread_masks[62]: 0x558cff9ec820: maps mask[64]: 62
thread_masks[62]: 0x558cff9ec830: affinity mask[64]: 62
thread_masks[63]: 0x558cff9ec840: maps mask[64]: 63
thread_masks[63]: 0x558cff9ec850: affinity mask[64]: 63
nr_cblocks: 0
affinity: SYS
mmap flush: 1
comp level: 1
mmap size 528384B
couldn't open /proc/1/task/1/maps
couldn't open /proc/1149/task/1149/maps
couldn't open /proc/1196/task/1196/maps
couldn't open /proc/1200/task/1200/maps
couldn't open /proc/1585/task/1585/maps
couldn't open /proc/1587/task/1587/maps
couldn't open /proc/1686/task/1686/maps
couldn't open /proc/1801/task/1801/maps
couldn't open /proc/1816/task/1816/maps
couldn't open /proc/1817/task/1817/maps
couldn't open /proc/1832/task/1832/maps
couldn't open /proc/1846/task/1846/maps
couldn't open /proc/1947/task/1947/maps
couldn't open /proc/1962/task/1962/maps
couldn't open /proc/1982/task/1982/maps
couldn't open /proc/1985/task/1985/maps
couldn't open /proc/2002/task/2002/maps
couldn't open /proc/2144/task/2144/maps
couldn't open /proc/2314/task/2314/maps
couldn't open /proc/2315/task/2315/maps
couldn't open /proc/2316/task/2316/maps
couldn't open /proc/2910/task/2910/maps
couldn't open /proc/2911/task/2911/maps
couldn't open /proc/10708/task/10708/maps
couldn't open /proc/10712/task/10712/maps
couldn't open /proc/240438/task/240438/maps
couldn't open /proc/790015/task/790015/maps
couldn't open /proc/790016/task/790016/maps
couldn't open /proc/790104/task/790104/maps
couldn't open /proc/790182/task/790182/maps
couldn't open /proc/830840/task/830840/maps
couldn't open /proc/830841/task/830841/maps
couldn't open /proc/830842/task/830842/maps
couldn't open /proc/834023/task/834023/maps
couldn't open /proc/837920/task/837920/maps
couldn't open /proc/837922/task/837922/maps
couldn't open /proc/861486/task/861486/maps
couldn't open /proc/861489/task/861489/maps
couldn't open /proc/1443241/task/1443241/maps
threads[1451560]: started on cpu1
threads[1451561]: started on cpu2
threads[1451562]: started on cpu3
threads[1451563]: started on cpu4
threads[1451564]: started on cpu5
threads[1451565]: started on cpu6
threads[1451566]: started on cpu7
threads[1451567]: started on cpu8
threads[1451568]: started on cpu9
threads[1451569]: started on cpu10
threads[1451570]: started on cpu11
threads[1451571]: started on cpu12
threads[1451572]: started on cpu13
threads[1451573]: started on cpu14
threads[1451574]: started on cpu15
threads[1451575]: started on cpu16
threads[1451576]: started on cpu17
threads[1451577]: started on cpu18
threads[1451578]: started on cpu19
threads[1451579]: started on cpu20
threads[1451580]: started on cpu21
threads[1451581]: started on cpu22
threads[1451582]: started on cpu23
threads[1451583]: started on cpu24
threads[1451584]: started on cpu25
threads[1451585]: started on cpu26
threads[1451586]: started on cpu27
threads[1451587]: started on cpu28
threads[1451588]: started on cpu29
threads[1451589]: started on cpu30
threads[1451590]: started on cpu31
threads[1451591]: started on cpu32
threads[1451592]: started on cpu33
threads[1451593]: started on cpu34
threads[1451594]: started on cpu35
threads[1451595]: started on cpu36
threads[1451596]: started on cpu37
threads[1451597]: started on cpu38
threads[1451598]: started on cpu39
threads[1451599]: started on cpu40
threads[1451600]: started on cpu41
threads[1451601]: started on cpu42
threads[1451602]: started on cpu43
threads[1451603]: started on cpu44
threads[1451604]: started on cpu45
threads[1451605]: started on cpu46
threads[1451606]: started on cpu47
threads[1451607]: started on cpu48
threads[1451608]: started on cpu49
threads[1451609]: started on cpu50
threads[1451610]: started on cpu51
threads[1451611]: started on cpu52
threads[1451612]: started on cpu53
threads[1451613]: started on cpu54
threads[1451614]: started on cpu55
threads[1451615]: started on cpu56
threads[1451616]: started on cpu57
threads[1451617]: started on cpu58
threads[1451618]: started on cpu59
threads[1451619]: started on cpu60
threads[1451620]: started on cpu61
threads[1451621]: started on cpu62
threads[1451622]: started on cpu63
threads[1451556]: started on cpu0

1451559:perf-sync:ready:SYS=4825267126084645
[ perf record: Woken up 121 times to write data ]
threads[1451556]: samples=27, wakes=12, transferred=3083512, compressed=432849
threads[1451560]: samples=16, wakes=9, transferred=1982392, compressed=294077
threads[1451561]: samples=19, wakes=9, transferred=1921616, compressed=284543
threads[1451562]: samples=18, wakes=9, transferred=1902032, compressed=280626
threads[1451563]: samples=22, wakes=10, transferred=2177680, compressed=321631
threads[1451564]: samples=17, wakes=9, transferred=1944272, compressed=288240
threads[1451565]: samples=17, wakes=9, transferred=2039216, compressed=301713
threads[1451566]: samples=18, wakes=10, transferred=2230256, compressed=328316
threads[1451567]: samples=19, wakes=10, transferred=2301136, compressed=339649
threads[1451568]: samples=15, wakes=9, transferred=2027472, compressed=300094
threads[1451569]: samples=15, wakes=9, transferred=1995824, compressed=294727
threads[1451570]: samples=16, wakes=8, transferred=1779568, compressed=262019
threads[1451571]: samples=20, wakes=10, transferred=2233648, compressed=331889
threads[1451572]: samples=16, wakes=9, transferred=2004240, compressed=295012
threads[1451573]: samples=15, wakes=8, transferred=1786832, compressed=265058
threads[1451574]: samples=14, wakes=8, transferred=1650608, compressed=241531
threads[1451575]: samples=1, wakes=2, transferred=4672, compressed=879
threads[1451576]: samples=3, wakes=2, transferred=9072, compressed=1740
threads[1451577]: samples=3, wakes=2, transferred=6320, compressed=1412
threads[1451578]: samples=3, wakes=2, transferred=9840, compressed=1766
threads[1451579]: samples=3, wakes=2, transferred=5232, compressed=1091
threads[1451580]: samples=1, wakes=2, transferred=5120, compressed=911
threads[1451581]: samples=1, wakes=2, transferred=5376, compressed=966
threads[1451582]: samples=1, wakes=2, transferred=4352, compressed=796
threads[1451583]: samples=1, wakes=2, transferred=5696, compressed=1125
threads[1451584]: samples=1, wakes=2, transferred=4288, compressed=799
threads[1451585]: samples=1, wakes=2, transferred=4672, compressed=912
threads[1451586]: samples=1, wakes=2, transferred=24720, compressed=3931
threads[1451587]: samples=1, wakes=2, transferred=5248, compressed=938
threads[1451588]: samples=1, wakes=2, transferred=5120, compressed=921
threads[1451589]: samples=1, wakes=2, transferred=5120, compressed=924
threads[1451590]: samples=1, wakes=2, transferred=4736, compressed=894
threads[1451591]: samples=1, wakes=2, transferred=14480, compressed=2618
threads[1451592]: samples=3, wakes=2, transferred=11608, compressed=2310
threads[1451593]: samples=1, wakes=2, transferred=18880, compressed=3102
threads[1451594]: samples=3, wakes=2, transferred=11552, compressed=2116
threads[1451595]: samples=1, wakes=2, transferred=13184, compressed=3073
threads[1451596]: samples=5, wakes=3, transferred=385552, compressed=48045
threads[1451597]: samples=6, wakes=4, transferred=585632, compressed=68046
threads[1451598]: samples=1, wakes=2, transferred=4608, compressed=831
threads[1451599]: samples=1, wakes=2, transferred=4288, compressed=760
threads[1451600]: samples=1, wakes=2, transferred=4032, compressed=735
threads[1451601]: samples=1, wakes=2, transferred=4160, compressed=749
threads[1451602]: samples=1, wakes=2, transferred=4672, compressed=837
threads[1451603]: samples=1, wakes=2, transferred=4288, compressed=808
threads[1451604]: samples=1, wakes=2, transferred=9920, compressed=1652
threads[1451605]: samples=1, wakes=2, transferred=5568, compressed=1033
threads[1451606]: samples=1, wakes=2, transferred=4352, compressed=823
threads[1451607]: samples=1, wakes=2, transferred=33376, compressed=5452
threads[1451608]: samples=3, wakes=2, transferred=15352, compressed=2868
threads[1451609]: samples=3, wakes=2, transferred=8240, compressed=1696
threads[1451610]: samples=3, wakes=2, transferred=22032, compressed=3096
threads[1451611]: samples=3, wakes=2, transferred=16920, compressed=2857
threads[1451612]: samples=1, wakes=2, transferred=9920, compressed=1692
threads[1451613]: samples=3, wakes=2, transferred=4720, compressed=955
threads[1451614]: samples=1, wakes=2, transferred=5120, compressed=892
threads[1451615]: samples=1, wakes=2, transferred=4160, compressed=745
threads[1451616]: samples=1, wakes=2, transferred=4608, compressed=796
threads[1451617]: samples=1, wakes=2, transferred=4800, compressed=844
threads[1451618]: samples=3, wakes=2, transferred=5680, compressed=1097
threads[1451619]: samples=1, wakes=2, transferred=6720, compressed=1190
threads[1451620]: samples=1, wakes=2, transferred=5312, compressed=1004
threads[1451621]: samples=1, wakes=2, transferred=6720, compressed=1205
threads[1451622]: samples=1, wakes=2, transferred=5312, compressed=970
failed to write feature HYBRID_TOPOLOGY
[ perf record: Captured and wrote 5.438 MB /tmp/amplxe-tmp-lyt/amplxe-res-1451516-33590841190875817/data.0/system-wide.perf, compressed (original 32.821 MB, ratio is 6.819) ]
