./winograd: Segmentation fault

 Performance counter stats for './winograd conf/vgg16.conf':

         73,057.51 msec task-clock                #   20.896 CPUs utilized          
             5,190      context-switches          #   71.040 /sec                   
                 3      cpu-migrations            #    0.041 /sec                   
         4,382,421      page-faults               #   59.986 K/sec                  
   183,570,593,053      cycles                    #    2.513 GHz                      (38.95%)
    83,171,322,576      instructions              #    0.45  insn per cycle           (46.38%)
     9,440,839,704      branches                  #  129.225 M/sec                    (53.99%)
        14,971,273      branch-misses             #    0.16% of all branches          (61.75%)
   925,817,245,852      slots                     #   12.672 G/sec                    (69.45%)
    53,175,933,764      topdown-retiring          #      5.3% retiring                (69.45%)
   348,567,604,165      topdown-bad-spec          #     35.0% bad speculation         (69.45%)
    46,334,038,887      topdown-fe-bound          #      4.7% frontend bound          (69.45%)
   547,132,515,950      topdown-be-bound          #     55.0% backend bound           (69.45%)
    19,190,108,849      L1-dcache-loads           #  262.671 M/sec                    (69.25%)
     5,579,683,730      L1-dcache-load-misses     #   29.08% of all L1-dcache accesses  (69.35%)
        55,562,188      LLC-loads                 #  760.527 K/sec                    (69.53%)
        33,085,925      LLC-load-misses           #   59.55% of all LL-cache accesses  (69.64%)
   <not supported>      L1-icache-loads                                             
        60,427,207      L1-icache-load-misses                                         (31.36%)
    18,851,097,569      dTLB-loads                #  258.031 M/sec                    (31.50%)
        20,045,305      dTLB-load-misses          #    0.11% of all dTLB cache accesses  (31.16%)
   <not supported>      iTLB-loads                                                  
           419,562      iTLB-load-misses                                              (30.82%)
   <not supported>      L1-dcache-prefetches                                        
   <not supported>      L1-dcache-prefetch-misses                                   

       3.496208403 seconds time elapsed

      38.111479000 seconds user
      34.965503000 seconds sys


