cuBLAS error at winograd.cc:106 - code: 7
CUDA error at winograd.cc:95 - driver shutting down
CUDA error at winograd.cc:100 - driver shutting down
CUDA error at winograd.cc:95 - driver shutting down
CUDA error at winograd.cc:95 - driver shutting down
./winograd: Segmentation fault

 Performance counter stats for './winograd conf/small.conf':

          1,771.35 msec task-clock                #    1.463 CPUs utilized          
               370      context-switches          #  208.880 /sec                   
                 2      cpu-migrations            #    1.129 /sec                   
           251,659      page-faults               #  142.071 K/sec                  
     2,793,436,093      cycles                    #    1.577 GHz                      (37.86%)
     4,151,855,113      instructions              #    1.49  insn per cycle           (45.51%)
       690,809,255      branches                  #  389.989 M/sec                    (58.50%)
         5,206,315      branch-misses             #    0.75% of all branches          (71.35%)
    18,056,199,968      slots                     #   10.193 G/sec                    (80.13%)
     2,865,289,691      topdown-retiring          #     14.8% retiring                (80.13%)
     5,211,714,356      topdown-bad-spec          #     27.0% bad speculation         (80.13%)
     1,413,260,884      topdown-fe-bound          #      7.3% frontend bound          (80.13%)
     9,844,649,194      topdown-be-bound          #     50.9% backend bound           (80.13%)
       958,132,930      L1-dcache-loads           #  540.904 M/sec                    (81.02%)
        61,023,535      L1-dcache-load-misses     #    6.37% of all L1-dcache accesses  (81.03%)
         4,484,356      LLC-loads                 #    2.532 M/sec                    (81.12%)
         2,317,493      LLC-load-misses           #   51.68% of all LL-cache accesses  (81.35%)
   <not supported>      L1-icache-loads                                             
        46,705,115      L1-icache-load-misses                                         (19.02%)
     1,119,057,494      dTLB-loads                #  631.752 M/sec                    (30.57%)
           624,817      dTLB-load-misses          #    0.06% of all dTLB cache accesses  (30.69%)
   <not supported>      iTLB-loads                                                  
           118,897      iTLB-load-misses                                              (30.33%)
   <not supported>      L1-dcache-prefetches                                        
   <not supported>      L1-dcache-prefetch-misses                                   

       1.210466122 seconds time elapsed

       1.195887000 seconds user
       0.581783000 seconds sys


