
 Performance counter stats for './winograd conf/small.conf':

         10,008.97 msec task-clock                #    7.640 CPUs utilized          
               592      context-switches          #   59.147 /sec                   
                 0      cpu-migrations            #    0.000 /sec                   
           469,410      page-faults               #   46.899 K/sec                  
    23,468,119,702      cycles                    #    2.345 GHz                      (35.61%)
     9,799,729,759      instructions              #    0.42  insn per cycle           (42.08%)
     1,750,394,245      branches                  #  174.883 M/sec                    (50.34%)
         6,974,313      branch-misses             #    0.40% of all branches          (58.88%)
   114,348,197,613      slots                     #   11.425 G/sec                    (65.93%)
     9,503,083,683      topdown-retiring          #      8.1% retiring                (65.93%)
    13,257,086,511      topdown-bad-spec          #     11.4% bad speculation         (65.93%)
     1,923,857,693      topdown-fe-bound          #      1.6% frontend bound          (65.93%)
    92,012,349,774      topdown-be-bound          #     78.8% backend bound           (65.93%)
     2,264,522,374      L1-dcache-loads           #  226.249 M/sec                    (64.61%)
       437,345,853      L1-dcache-load-misses     #   19.31% of all L1-dcache accesses  (65.68%)
        12,428,992      LLC-loads                 #    1.242 M/sec                    (69.03%)
         6,320,293      LLC-load-misses           #   50.85% of all LL-cache accesses  (73.97%)
   <not supported>      L1-icache-loads                                             
        27,005,347      L1-icache-load-misses                                         (36.44%)
     2,283,090,950      dTLB-loads                #  228.105 M/sec                    (34.55%)
         1,667,650      dTLB-load-misses          #    0.07% of all dTLB cache accesses  (31.10%)
   <not supported>      iTLB-loads                                                  
           279,658      iTLB-load-misses                                              (28.56%)
   <not supported>      L1-dcache-prefetches                                        
   <not supported>      L1-dcache-prefetch-misses                                   

       1.310043445 seconds time elapsed

       7.372436000 seconds user
       2.644460000 seconds sys


