cuBLAS error at winograd.cc:106 - code: 7
CUDA error at winograd.cc:95 - driver shutting down
CUDA error at winograd.cc:100 - driver shutting down
CUDA error at winograd.cc:95 - driver shutting down
./winograd: Segmentation fault

 Performance counter stats for './winograd conf/small.conf':

          3,382.79 msec task-clock                #    2.739 CPUs utilized          
             1,403      context-switches          #  414.747 /sec                   
                10      cpu-migrations            #    2.956 /sec                   
           246,958      page-faults               #   73.004 K/sec                  
     5,560,325,946      cycles                    #    1.644 GHz                      (31.53%)
     6,025,196,211      instructions              #    1.08  insn per cycle           (34.13%)
     1,065,893,354      branches                  #  315.093 M/sec                    (40.52%)
         6,864,221      branch-misses             #    0.64% of all branches          (50.55%)
    31,203,194,123      slots                     #    9.224 G/sec                    (60.54%)
     4,223,829,117      topdown-retiring          #     12.8% retiring                (60.54%)
     7,291,851,306      topdown-bad-spec          #     22.0% bad speculation         (60.54%)
     1,831,103,390      topdown-fe-bound          #      5.5% frontend bound          (60.54%)
    19,750,236,452      topdown-be-bound          #     59.7% backend bound           (60.54%)
     1,323,040,211      L1-dcache-loads           #  391.110 M/sec                    (60.94%)
        75,708,188      L1-dcache-load-misses     #    5.72% of all L1-dcache accesses  (64.65%)
         5,243,041      LLC-loads                 #    1.550 M/sec                    (70.36%)
         2,457,383      LLC-load-misses           #   46.87% of all LL-cache accesses  (78.12%)
   <not supported>      L1-icache-loads                                             
        24,051,509      L1-icache-load-misses                                         (43.53%)
       953,445,124      dTLB-loads                #  281.852 M/sec                    (40.78%)
           597,905      dTLB-load-misses          #    0.06% of all dTLB cache accesses  (34.20%)
   <not supported>      iTLB-loads                                                  
           169,175      iTLB-load-misses                                              (27.35%)
   <not supported>      L1-dcache-prefetches                                        
   <not supported>      L1-dcache-prefetch-misses                                   

       1.234875760 seconds time elapsed

       2.818909000 seconds user
       0.577512000 seconds sys


