
 Performance counter stats for './winograd conf/small.conf':

          9,583.65 msec task-clock                #    7.289 CPUs utilized          
               643      context-switches          #   67.093 /sec                   
                 2      cpu-migrations            #    0.209 /sec                   
           473,909      page-faults               #   49.450 K/sec                  
    21,590,201,099      cycles                    #    2.253 GHz                      (32.17%)
    10,255,825,360      instructions              #    0.48  insn per cycle           (40.81%)
     1,590,285,789      branches                  #  165.937 M/sec                    (49.52%)
         7,275,646      branch-misses             #    0.46% of all branches          (58.40%)
   104,977,193,633      slots                     #   10.954 G/sec                    (66.43%)
     8,506,125,802      topdown-retiring          #      7.9% retiring                (66.43%)
    13,416,640,557      topdown-bad-spec          #     12.5% bad speculation         (66.43%)
     2,001,948,538      topdown-fe-bound          #      1.9% frontend bound          (66.43%)
    83,676,621,442      topdown-be-bound          #     77.8% backend bound           (66.43%)
     2,259,886,668      L1-dcache-loads           #  235.806 M/sec                    (67.38%)
       379,246,104      L1-dcache-load-misses     #   16.78% of all L1-dcache accesses  (72.45%)
        11,627,592      LLC-loads                 #    1.213 M/sec                    (74.63%)
         6,159,500      LLC-load-misses           #   52.97% of all LL-cache accesses  (75.39%)
   <not supported>      L1-icache-loads                                             
        26,982,905      L1-icache-load-misses                                         (32.86%)
     2,181,078,070      dTLB-loads                #  227.583 M/sec                    (30.74%)
         1,831,625      dTLB-load-misses          #    0.08% of all dTLB cache accesses  (28.20%)
   <not supported>      iTLB-loads                                                  
           277,945      iTLB-load-misses                                              (25.63%)
   <not supported>      L1-dcache-prefetches                                        
   <not supported>      L1-dcache-prefetch-misses                                   

       1.314801470 seconds time elapsed

       6.114736000 seconds user
       3.477854000 seconds sys


