./winograd: Segmentation fault

 Performance counter stats for './winograd conf/vgg16.conf':

         61,021.78 msec task-clock                #   17.480 CPUs utilized          
               934      context-switches          #   15.306 /sec                   
                 6      cpu-migrations            #    0.098 /sec                   
         4,210,963      page-faults               #   69.008 K/sec                  
   157,522,218,614      cycles                    #    2.581 GHz                      (37.92%)
    79,797,794,423      instructions              #    0.51  insn per cycle           (45.37%)
     8,803,475,361      branches                  #  144.268 M/sec                    (53.03%)
        12,875,845      branch-misses             #    0.15% of all branches          (60.93%)
   784,191,798,650      slots                     #   12.851 G/sec                    (68.89%)
    41,731,287,281      topdown-retiring          #      5.2% retiring                (68.89%)
   182,502,163,078      topdown-bad-spec          #     22.7% bad speculation         (68.89%)
     4,956,872,926      topdown-fe-bound          #      0.6% frontend bound          (68.89%)
   575,477,541,235      topdown-be-bound          #     71.5% backend bound           (68.89%)
    18,398,004,098      L1-dcache-loads           #  301.499 M/sec                    (69.36%)
     5,750,534,877      L1-dcache-load-misses     #   31.26% of all L1-dcache accesses  (69.20%)
        59,251,762      LLC-loads                 #  970.994 K/sec                    (69.52%)
        37,702,814      LLC-load-misses           #   63.63% of all LL-cache accesses  (70.09%)
   <not supported>      L1-icache-loads                                             
        60,569,490      L1-icache-load-misses                                         (30.79%)
    17,740,748,112      dTLB-loads                #  290.728 M/sec                    (30.83%)
        17,286,992      dTLB-load-misses          #    0.10% of all dTLB cache accesses  (30.50%)
   <not supported>      iTLB-loads                                                  
           370,510      iTLB-load-misses                                              (30.47%)
   <not supported>      L1-dcache-prefetches                                        
   <not supported>      L1-dcache-prefetch-misses                                   

       3.490874318 seconds time elapsed

      29.254144000 seconds user
      31.772554000 seconds sys


