cuBLAS error at winograd.cc:106 - code: 7
cuBLAS error at winograd.cc:106 - code: 7
CUDA error at winograd.cc:96 - driver shutting down
CUDA error at winograd.cc:95 - driver shutting down
CUDA error at winograd.cc:95 - driver shutting down
./winograd: Segmentation fault

 Performance counter stats for './winograd conf/small.conf':

          9,510.14 msec task-clock                #    7.229 CPUs utilized          
             1,761      context-switches          #  185.171 /sec                   
                60      cpu-migrations            #    6.309 /sec                   
           246,705      page-faults               #   25.941 K/sec                  
    21,565,738,234      cycles                    #    2.268 GHz                      (37.09%)
     7,283,118,519      instructions              #    0.34  insn per cycle           (43.34%)
     1,563,827,720      branches                  #  164.438 M/sec                    (50.92%)
         6,381,188      branch-misses             #    0.41% of all branches          (59.60%)
   106,612,534,890      slots                     #   11.210 G/sec                    (68.11%)
     8,494,111,227      topdown-retiring          #      7.6% retiring                (68.11%)
    12,246,728,045      topdown-bad-spec          #     11.0% bad speculation         (68.11%)
     1,154,496,485      topdown-fe-bound          #      1.0% frontend bound          (68.11%)
    89,232,424,738      topdown-be-bound          #     80.3% backend bound           (68.11%)
     1,531,580,003      L1-dcache-loads           #  161.047 M/sec                    (68.75%)
        72,005,035      L1-dcache-load-misses     #    4.70% of all L1-dcache accesses  (71.15%)
         5,658,519      LLC-loads                 #  594.998 K/sec                    (73.79%)
         2,828,912      LLC-load-misses           #   49.99% of all LL-cache accesses  (73.66%)
   <not supported>      L1-icache-loads                                             
        26,284,790      L1-icache-load-misses                                         (32.93%)
     1,480,801,147      dTLB-loads                #  155.708 M/sec                    (31.39%)
           586,311      dTLB-load-misses          #    0.04% of all dTLB cache accesses  (29.27%)
   <not supported>      iTLB-loads                                                  
           196,742      iTLB-load-misses                                              (28.78%)
   <not supported>      L1-dcache-prefetches                                        
   <not supported>      L1-dcache-prefetch-misses                                   

       1.315628540 seconds time elapsed

       8.958553000 seconds user
       0.561690000 seconds sys


