cuBLAS error at winograd.cc:143 - code: 13
cuBLAS error at winograd.cc:143 - code: 13
cuBLAS error at winograd.cc:143 - code: 13
cuBLAS error at winograd.cc:143 - code: 13
cuBLAS error at winograd.cc:143 - code: 13
cuBLAS error at winograd.cc:143 - code: 13
cuBLAS error at winograd.cc:143 - code: 13
cuBLAS error at winograd.cc:143 - code: 13
cuBLAS error at winograd.cc:143 - code: 13
cuBLAS error at winograd.cc:143 - code: 13
cuBLAS error at winograd.cc:143 - code: 13
cuBLAS error at winograd.cc:143 - code: 13
cuBLAS error at winograd.cc:143 - code: 13
cuBLAS error at winograd.cc:143 - code: 13
cuBLAS error at winograd.cc:143 - code: 13
cuBLAS error at winograd.cc:143 - code: 13
cuBLAS error at winograd.cc:143 - code: 13
cuBLAS error at winograd.cc:143 - code: 13
cuBLAS error at winograd.cc:143 - code: 13
cuBLAS error at winograd.cc:143 - code: 13
cuBLAS error at winograd.cc:143 - code: 13
cuBLAS error at winograd.cc:143 - code: 13
cuBLAS error at winograd.cc:143 - code: 13
cuBLAS error at winograd.cc:143 - code: 13
cuBLAS error at winograd.cc:143 - code: 13
cuBLAS error at winograd.cc:143 - code: 13
cuBLAS error at winograd.cc:143 - code: 13
cuBLAS error at winograd.cc:143 - code: 13
cuBLAS error at winograd.cc:143 - code: 13
cuBLAS error at winograd.cc:143 - code: 13
cuBLAS error at winograd.cc:143 - code: 13
cuBLAS error at winograd.cc:143 - code: 13
cuBLAS error at winograd.cc:143 - code: 13
cuBLAS error at winograd.cc:143 - code: 13
cuBLAS error at winograd.cc:143 - code: 13
cuBLAS error at winograd.cc:143 - code: 13
cuBLAS error at winograd.cc:143 - code: 13
cuBLAS error at winograd.cc:143 - code: 13
cuBLAS error at winograd.cc:143 - code: 13
cuBLAS error at winograd.cc:143 - code: 13
cuBLAS error at winograd.cc:143 - code: 13
cuBLAS error at winograd.cc:143 - code: 13
cuBLAS error at winograd.cc:143 - code: 13
cuBLAS error at winograd.cc:143 - code: 13
cuBLAS error at winograd.cc:143 - code: 13
cuBLAS error at winograd.cc:143 - code: 13
cuBLAS error at winograd.cc:143 - code: 13
cuBLAS error at winograd.cc:143 - code: 13
cuBLAS error at winograd.cc:143 - code: 13
cuBLAS error at winograd.cc:143 - code: 13
cuBLAS error at winograd.cc:143 - code: 13
cuBLAS error at winograd.cc:143 - code: 13
cuBLAS error at winograd.cc:143 - code: 13
cuBLAS error at winograd.cc:143 - code: 13
cuBLAS error at winograd.cc:143 - code: 13
cuBLAS error at winograd.cc:143 - code: 13
cuBLAS error at winograd.cc:143 - code: 13
cuBLAS error at winograd.cc:143 - code: 13
cuBLAS error at winograd.cc:143 - code: 13
cuBLAS error at winograd.cc:143 - code: 13
cuBLAS error at winograd.cc:143 - code: 13
cuBLAS error at winograd.cc:143 - code: 13
cuBLAS error at winograd.cc:143 - code: 13
cuBLAS error at winograd.cc:143 - code: 13
cuBLAS error at winograd.cc:143 - code: 13
cuBLAS error at winograd.cc:143 - code: 13
cuBLAS error at winograd.cc:143 - code: 13
cuBLAS error at winograd.cc:143 - code: 13

 Performance counter stats for './winograd conf/small.conf':

         15,417.26 msec task-clock                #    9.440 CPUs utilized          
             7,322      context-switches          #  474.922 /sec                   
                 5      cpu-migrations            #    0.324 /sec                   
           477,969      page-faults               #   31.002 K/sec                  
    18,261,672,027      cycles                    #    1.184 GHz                      (41.73%)
     8,238,671,490      instructions              #    0.45  insn per cycle           (48.15%)
     1,407,554,515      branches                  #   91.297 M/sec                    (55.95%)
         7,408,453      branch-misses             #    0.53% of all branches          (64.09%)
   108,496,550,700      slots                     #    7.037 G/sec                    (72.18%)
     8,480,028,678      topdown-retiring          #      7.2% retiring                (72.18%)
    20,567,220,398      topdown-bad-spec          #     17.4% bad speculation         (72.18%)
     2,035,506,868      topdown-fe-bound          #      1.7% frontend bound          (72.18%)
    86,905,880,631      topdown-be-bound          #     73.7% backend bound           (72.18%)
     2,203,455,076      L1-dcache-loads           #  142.921 M/sec                    (71.75%)
       321,938,481      L1-dcache-load-misses     #   14.61% of all L1-dcache accesses  (71.77%)
        13,240,987      LLC-loads                 #  858.842 K/sec                    (73.34%)
         8,133,800      LLC-load-misses           #   61.43% of all LL-cache accesses  (73.99%)
   <not supported>      L1-icache-loads                                             
        49,835,606      L1-icache-load-misses                                         (33.31%)
     2,190,336,251      dTLB-loads                #  142.070 M/sec                    (33.77%)
         2,087,521      dTLB-load-misses          #    0.10% of all dTLB cache accesses  (35.04%)
   <not supported>      iTLB-loads                                                  
           477,776      iTLB-load-misses                                              (32.55%)
   <not supported>      L1-dcache-prefetches                                        
   <not supported>      L1-dcache-prefetch-misses                                   

       1.633155355 seconds time elapsed

      10.646101000 seconds user
       4.848841000 seconds sys


