cuBLAS error at winograd.cc:106 - code: 7
CUDA error at winograd.cc:96 - driver shutting down
CUDA error at winograd.cc:95 - driver shutting down
CUDA error at winograd.cc:95 - driver shutting down
CUDA error at winograd.cc:100 - driver shutting down
CUDA error at winograd.cc:95 - driver shutting down
CUDA error at winograd.cc:95 - driver shutting down
CUDA error at winograd.cc:95 - driver shutting down
./winograd: Segmentation fault

 Performance counter stats for './winograd conf/small.conf':

          3,323.41 msec task-clock                #    2.636 CPUs utilized          
             1,391      context-switches          #  418.545 /sec                   
                 8      cpu-migrations            #    2.407 /sec                   
           242,686      page-faults               #   73.023 K/sec                  
     5,648,480,956      cycles                    #    1.700 GHz                      (31.73%)
     5,800,152,635      instructions              #    1.03  insn per cycle           (34.52%)
     1,072,385,815      branches                  #  322.676 M/sec                    (39.77%)
         7,370,074      branch-misses             #    0.69% of all branches          (49.93%)
    29,122,614,027      slots                     #    8.763 G/sec                    (60.85%)
     4,187,852,090      topdown-retiring          #     13.2% retiring                (60.85%)
     8,066,028,997      topdown-bad-spec          #     25.3% bad speculation         (60.85%)
     1,804,276,121      topdown-fe-bound          #      5.7% frontend bound          (60.85%)
    17,776,107,471      topdown-be-bound          #     55.8% backend bound           (60.85%)
     1,266,255,330      L1-dcache-loads           #  381.010 M/sec                    (63.08%)
        75,501,461      L1-dcache-load-misses     #    5.96% of all L1-dcache accesses  (66.43%)
         5,280,587      LLC-loads                 #    1.589 M/sec                    (70.78%)
         2,596,498      LLC-load-misses           #   49.17% of all LL-cache accesses  (76.86%)
   <not supported>      L1-icache-loads                                             
        22,160,422      L1-icache-load-misses                                         (40.04%)
       958,326,755      dTLB-loads                #  288.356 M/sec                    (37.36%)
           651,374      dTLB-load-misses          #    0.07% of all dTLB cache accesses  (33.01%)
   <not supported>      iTLB-loads                                                  
           150,847      iTLB-load-misses                                              (27.83%)
   <not supported>      L1-dcache-prefetches                                        
   <not supported>      L1-dcache-prefetch-misses                                   

       1.260963728 seconds time elapsed

       2.782010000 seconds user
       0.554027000 seconds sys


