cuBLAS error at winograd.cc:106 - code: 7
cuBLAS error at winograd.cc:106 - code: 7
CUDA error at winograd.cc:95 - driver shutting down
CUDA error at winograd.cc:95 - driver shutting down
CUDA error at winograd.cc:95 - driver shutting down
./winograd: Segmentation fault

 Performance counter stats for './winograd conf/small.conf':

          1,796.56 msec task-clock                #    1.491 CPUs utilized          
               418      context-switches          #  232.667 /sec                   
                 8      cpu-migrations            #    4.453 /sec                   
           247,801      page-faults               #  137.931 K/sec                  
     2,763,303,931      cycles                    #    1.538 GHz                      (38.21%)
     4,178,672,901      instructions              #    1.51  insn per cycle           (45.66%)
       699,530,922      branches                  #  389.372 M/sec                    (56.17%)
         4,772,420      branch-misses             #    0.68% of all branches          (69.92%)
    17,316,986,115      slots                     #    9.639 G/sec                    (79.57%)
     2,827,020,779      topdown-retiring          #     15.2% retiring                (79.57%)
     5,201,062,452      topdown-bad-spec          #     27.9% bad speculation         (79.57%)
     1,410,676,146      topdown-fe-bound          #      7.6% frontend bound          (79.57%)
     9,173,928,560      topdown-be-bound          #     49.3% backend bound           (79.57%)
       981,385,968      L1-dcache-loads           #  546.258 M/sec                    (81.15%)
        60,588,715      L1-dcache-load-misses     #    6.17% of all L1-dcache accesses  (81.27%)
         4,657,943      LLC-loads                 #    2.593 M/sec                    (81.28%)
         2,558,886      LLC-load-misses           #   54.94% of all LL-cache accesses  (81.46%)
   <not supported>      L1-icache-loads                                             
        41,308,535      L1-icache-load-misses                                         (19.42%)
     1,682,378,598      dTLB-loads                #  936.443 M/sec                    (19.96%)
           602,319      dTLB-load-misses          #    0.04% of all dTLB cache accesses  (29.86%)
   <not supported>      iTLB-loads                                                  
           120,531      iTLB-load-misses                                              (30.69%)
   <not supported>      L1-dcache-prefetches                                        
   <not supported>      L1-dcache-prefetch-misses                                   

       1.204868836 seconds time elapsed

       1.214742000 seconds user
       0.587427000 seconds sys


