cuBLAS error at winograd.cc:106 - code: 7

 Performance counter stats for './winograd conf/vgg16.conf':

          2,588.13 msec task-clock                #    2.267 CPUs utilized          
               173      context-switches          #   66.844 /sec                   
                 2      cpu-migrations            #    0.773 /sec                   
           299,629      page-faults               #  115.771 K/sec                  
     2,795,006,821      cycles                    #    1.080 GHz                      (38.71%)
     3,720,404,340      instructions              #    1.33  insn per cycle           (52.51%)
       619,876,358      branches                  #  239.508 M/sec                    (66.35%)
         4,658,999      branch-misses             #    0.75% of all branches          (76.03%)
    21,585,741,733      slots                     #    8.340 G/sec                    (83.10%)
     3,597,878,168      topdown-retiring          #     16.2% retiring                (83.10%)
     4,264,682,174      topdown-bad-spec          #     19.3% bad speculation         (83.10%)
     1,628,560,642      topdown-fe-bound          #      7.4% frontend bound          (83.10%)
    12,655,907,046      topdown-be-bound          #     57.1% backend bound           (83.10%)
     1,131,144,172      L1-dcache-loads           #  437.051 M/sec                    (85.05%)
       201,614,625      L1-dcache-load-misses     #   17.82% of all L1-dcache accesses  (86.59%)
         5,476,132      LLC-loads                 #    2.116 M/sec                    (86.96%)
         3,086,932      LLC-load-misses           #   56.37% of all LL-cache accesses  (86.94%)
   <not supported>      L1-icache-loads                                             
        29,020,324      L1-icache-load-misses                                         (25.62%)
     2,193,712,386      dTLB-loads                #  847.606 M/sec                    (15.68%)
         2,000,677      dTLB-load-misses          #    0.09% of all dTLB cache accesses  (13.13%)
   <not supported>      iTLB-loads                                                  
           128,393      iTLB-load-misses                                              (30.87%)
   <not supported>      L1-dcache-prefetches                                        
   <not supported>      L1-dcache-prefetch-misses                                   

       1.141858561 seconds time elapsed

       1.299032000 seconds user
       1.295084000 seconds sys


