6 [139844599015296] INFO perfrun.launcher <> - Launcher main begin
6 [139844599015296] INFO perfrun.launcher <> - MessageCatalogInit finished
6 [139844599015296] INFO perfrun.launcher <> - Launcher instance created
6 [139844599015296] INFO perfrun.launcher <> - argc = 7; cmdline = /home/vtune/Intel_VTune_Profiler_2023.2.0/bin64/amplxe-runss --ui-output-format xml --ui-output-fd 14 --option-file /home/vtune/intel/vtune/projects/sample (matrix)/r002ps/config/runsa.options 
696 [139844599015296] INFO perfrun.launcher <> - create msngr2::ICliToolContext
696 [139844599015296] INFO perfrun.launcher <> - create file finder object
696 [139844599015296] INFO perfrun.launcher <> - create a result directory: pattern = /home/vtune/intel/vtune/projects/sample (matrix)/r002ps pid = 4294967295
718 [139844599015296] INFO perfrun.sdk <> - checked that the directory /home/vtune/intel/vtune/projects/sample (matrix)/r002ps is a local directory
718 [139844599015296] INFO perfrun.sdk <> - the directory /home/vtune/intel/vtune/projects/sample (matrix)/r002ps is a local directory with FS type ID 61267
718 [139844599015296] INFO perfrun.launcher <> - create data directory = /home/vtune/intel/vtune/projects/sample (matrix)/r002ps/data.0
718 [139844599015296] INFO perfrun.launcher <> - Creating the master collection flag
729 [139844599015296] INFO perfrun.launcher <> - Done creating the master collection flag
751 [139844447626816] INFO perfrun.launcher <> - plugin [remoteplug] was disabled because it doesn't support the given collection type.
751 [139844447626816] INFO perfrun.system <> - online nodes : 0
751 [139844447626816] INFO perfrun.system <> - nodes with cpus : 0
751 [139844447626816] INFO perfrun.system <> - nodes with memory : 0
753 [139844447626816] INFO perfrun.sdk <> - Allocating TMU :/home/vtune/intel/vtune/projects/sample (matrix)/r002ps/data.0/systemcollector-47083-9049fa0820a9.jf.intel.com.sc
753 [139844447626816] INFO perfrun.launcher <> - plugin [itt] was disabled because it doesn't support the given collection type.
753 [139844447626816] INFO perfrun.launcher <> - plugin [ptracecollector] was disabled because it doesn't support the given collection type.
753 [139844447626816] INFO perfrun.launcher <> - plugin [gpu] was disabled because it doesn't support the given collection type.
753 [139844447626816] INFO perfrun.launcher <> - plugin [] was disabled because it doesn't support the given collection type.
753 [139844447626816] INFO perfrun.launcher <> - plugin [] was disabled because it doesn't support the given collection type.
753 [139844447626816] INFO perfrun.launcher <> - plugin [] was disabled because it doesn't support the given collection type.
753 [139844447626816] INFO perfrun.mrte <> - system-wide mode is 0
753 [139844447626816] INFO perfrun.mrte <> - Getting  mrte profiling environment ...
758 [139844447626816] INFO perfrun.mrte <> - INTEL_MRTE_DATA_DIR=/home/vtune/intel/vtune/projects/sample (matrix)/r002ps/data.0
758 [139844447626816] INFO perfrun.mrte <> - INTEL_MRTE_HOST_NAME=9049fa0820a9.jf.intel.com
758 [139844447626816] INFO perfrun.mrte <> - JAVA_TOOL_OPTIONS=-agentlib:amplxe_samplingmrte_javaprof_1.0 -Dsun.boot.library.path=/home/vtune/Intel_VTune_Profiler_2023.2.0/lib32/runtime:/home/vtune/Intel_VTune_Profiler_2023.2.0/lib64/runtime
758 [139844447626816] INFO perfrun.mrte <> - LD_LIBRARY_PATH=/home/vtune/Intel_VTune_Profiler_2023.2.0/lib32/runtime:/home/vtune/Intel_VTune_Profiler_2023.2.0/lib64/runtime
758 [139844447626816] INFO perfrun.mrte <> - CORECLR_ENABLE_PROFILING=1
758 [139844447626816] INFO perfrun.mrte <> - CORECLR_PROFILER={AA5E4821-E3B1-479c-B7FF-5AD047D22CED}
758 [139844447626816] INFO perfrun.mrte <> - CORECLR_PROFILER_PATH=/home/vtune/Intel_VTune_Profiler_2023.2.0/lib64/libamplxe_samplingmrte_clrprof_1.0.so
758 [139844447626816] INFO perfrun.mrte <> - INTEL_MRTE_PROFILER_MODE=mixed
758 [139844447626816] INFO perfrun.mrte <> - Data directory: /home/vtune/intel/vtune/projects/sample (matrix)/r002ps/data.0
758 [139844447626816] INFO perfrun.mrte <> - Mrte plugin is initialized
758 [139844447626816] INFO perfrun.sdk <> - runCmd: /home/vtune/Intel_VTune_Profiler_2023.2.0/bin64/emon -v
758 [139844447626816] INFO perfrun.sdk <> - runCmd started PID 47090
873 [139844447626816] INFO perfrun.emon <> - Extracted TSC Frequency = 2.9184e+09 from emon -v
873 [139844447626816] INFO perfrun.metrics <> - Identified PMU type as alderlake
873 [139844447626816] INFO perfrun.launcher <> - plugin [cuscol] was disabled because it doesn't support the given collection type.
873 [139844447626816] INFO perfrun.launcher <> - plugin [stdsrc] was disabled because it doesn't support the given collection type.
873 [139844447626816] INFO perfrun.launcher <> - plugin [sep] was disabled because it doesn't support the given collection type.
873 [139844447626816] INFO perfrun.launcher <> - plugin [vtsspp] was disabled because it doesn't support the given collection type.
873 [139844447626816] INFO perfrun.launcher <> - plugin [perf] was disabled because it doesn't support the given collection type.
873 [139844447626816] INFO perfrun.launcher <> - plugin [aoclprofile] was disabled because it doesn't support the given collection type.
873 [139844447626816] INFO perfrun.tpss <> - initialize tpss controller
873 [139844447626816] INFO perfrun.launcher <> - plugin [tpss] was disabled because it doesn't support the given collection type.
873 [139844447626816] INFO perfrun.launcher <> - plugin [media] was disabled because it doesn't support the given collection type.
873 [139844447626816] INFO perfrun.launcher <> - plugin [] was disabled because it doesn't support the given collection type.
873 [139844447626816] INFO perfrun.launcher <> - plugin [] was disabled because it doesn't support the given collection type.
873 [139844447626816] INFO perfrun.launcher <> - plugin [parallelfs] was disabled because it doesn't support the given collection type.
873 [139844447626816] INFO perfrun.launcher <> - plugin [power] was disabled because it doesn't support the given collection type.
873 [139844447626816] INFO perfrun.launcher <> - plugin [hwloc] was disabled because it doesn't support the given collection type.
873 [139844447626816] INFO perfrun.launcher <> - plugin [ipmwatch] was disabled because it doesn't support the given collection type.
873 [139844447626816] INFO perfrun.launcher <> - plugin [os_counters] was disabled because it doesn't support the given collection type.
873 [139844447626816] INFO perfrun.launcher <> - plugin [l0_metrics] was disabled because it doesn't support the given collection type.
873 [139844599015296] INFO perfrun.launcher <> - set environment variable: INTEL_MRTE_DATA_DIR = /home/vtune/intel/vtune/projects/sample (matrix)/r002ps/data.0
873 [139844599015296] INFO perfrun.launcher <> - set environment variable: INTEL_MRTE_HOST_NAME = 9049fa0820a9.jf.intel.com
873 [139844599015296] INFO perfrun.launcher <> - set environment variable: JAVA_TOOL_OPTIONS = -agentlib:amplxe_samplingmrte_javaprof_1.0 -Dsun.boot.library.path=/home/vtune/Intel_VTune_Profiler_2023.2.0/lib32/runtime:/home/vtune/Intel_VTune_Profiler_2023.2.0/lib64/runtime
874 [139844599015296] INFO perfrun.launcher <> - set environment variable: LD_LIBRARY_PATH = /home/vtune/Intel_VTune_Profiler_2023.2.0/lib32/runtime:/home/vtune/Intel_VTune_Profiler_2023.2.0/lib64/runtime
874 [139844599015296] INFO perfrun.launcher <> - set environment variable: CORECLR_ENABLE_PROFILING = 1
874 [139844599015296] INFO perfrun.launcher <> - set environment variable: CORECLR_PROFILER = {AA5E4821-E3B1-479c-B7FF-5AD047D22CED}
874 [139844599015296] INFO perfrun.launcher <> - set environment variable: CORECLR_PROFILER_PATH = /home/vtune/Intel_VTune_Profiler_2023.2.0/lib64/libamplxe_samplingmrte_clrprof_1.0.so
874 [139844599015296] INFO perfrun.launcher <> - set environment variable: INTEL_MRTE_PROFILER_MODE = mixed
874 [139844599015296] INFO perfrun.launcher <> - RpcServer: run RPC server to handle requests
874 [139844599015296] INFO perfrun.launcher <> - Launcher: command line to start before modification = /home/vtune/intel/vtune/samples/matrix/matrix
874 [139844599015296] INFO perfrun.launcher <> - Launcher: command line to start after modification = /home/vtune/intel/vtune/samples/matrix/matrix
874 [139844599015296] INFO perfrun.launcher <> - ProcessCreator object was created
874 [139844599015296] INFO perfrun.launcher <> - Launcher: the process was started in suspend mode
874 [139844447626816] INFO perfrun.launcher <> - Messenger::say: Peak bandwidth measurement started.
4700 [139844447626816] INFO perfrun.launcher <> - Messenger::say: Peak bandwidth measurement finished.
4722 [139844447626816] WARN perfrun.system <> - Could not do anything with /sys/kernel/debug/kvm: boost::filesystem::status: Permission denied: "/sys/kernel/debug/kvm", at file: vcs/perfrun1/plugins/system/src/trace_writer.cpp:787
4722 [139844447626816] WARN perfrun.system <> - Folder "/var/run/libvirt/qemu/"doesn't exist, at file: vcs/perfrun1/plugins/system/src/trace_writer.cpp:800
4722 [139844447626816] INFO perfrun.sdk <> - runCmd: /home/vtune/Intel_VTune_Profiler_2023.2.0/bin64/emon -M
4723 [139844447626816] INFO perfrun.sdk <> - runCmd started PID 47118
4835 [139844447626816] INFO perfrun.sdk <> - runCmd: /home/vtune/Intel_VTune_Profiler_2023.2.0/bin64/emon -v
4835 [139844447626816] INFO perfrun.sdk <> - runCmd started PID 47119
4963 [139844447626816] INFO perfrun.sdk <> - runCmd: /home/vtune/Intel_VTune_Profiler_2023.2.0/bin64/sep -dry-run -ec CPU_CLK_UNHALTED.THREAD:sa=2900000,CPU_CLK_UNHALTED.REF_TSC:sample:sa=2900000,INST_RETIRED.ANY:sample:sa=2900000,CPU_CLK_UNHALTED.DISTRIBUTED:sa=2900000,TOPDOWN.SLOTS:perf_metrics:sample:sa=2000003,TOPDOWN_RETIRING.ALL:sample:sa=2000003,FP_ARITH_INST_RETIRED.SCALAR_SINGLE:sa=2000003,FP_ARITH_INST_RETIRED.128B_PACKED_SINGLE:sa=2000003,FP_ARITH_INST_RETIRED.256B_PACKED_SINGLE:sa=2000003,FP_ARITH_INST_RETIRED.SCALAR_DOUBLE:sa=2000003,FP_ARITH_INST_RETIRED.128B_PACKED_DOUBLE:sa=2000003,FP_ARITH_INST_RETIRED.256B_PACKED_DOUBLE:sa=2000003,UOPS_EXECUTED.X87:sa=2000003,UOPS_RETIRED.SLOTS:sa=2000003,UOPS_EXECUTED.THREAD:sa=2000003,CPU_CLK_UNHALTED.THREAD_P,EXE_ACTIVITY.BOUND_ON_LOADS,FRONTEND_RETIRED.LATENCY_GE_4,IDQ_UOPS_NOT_DELIVERED.CORE,INT_MISC.UOP_DROPPING,MEMORY_ACTIVITY.STALLS_L1D_MISS,MEMORY_ACTIVITY.STALLS_L2_MISS,MEMORY_ACTIVITY.STALLS_L3_MISS,MEM_LOAD_RETIRED.L1_HIT,MEM_LOAD_RETIRED.L2_HIT,MEM_LOAD_RETIRED.L3_HIT,MEM_LOAD_RETIRED.L3_MISS,OFFCORE_REQUESTS_OUTSTANDING.ALL_DATA_RD:cmask=4,OFFCORE_REQUESTS_OUTSTANDING.CYCLES_WITH_DATA_RD,TOPDOWN.BACKEND_BOUND_SLOTS,TOPDOWN.MEMORY_BOUND_SLOTS,TOPDOWN.SLOTS,LD_HEAD.ANY_AT_RET,LD_HEAD.L1_BOUND_AT_RET,LD_HEAD.L1_MISS_AT_RET,MEM_BOUND_STALLS.LOAD,MEM_BOUND_STALLS.LOAD_DRAM_HIT,MEM_BOUND_STALLS.LOAD_L2_HIT,MEM_BOUND_STALLS.LOAD_LLC_HIT,MEM_SCHEDULER_BLOCK.ALL,MEM_SCHEDULER_BLOCK.ST_BUF,TOPDOWN_BE_BOUND.ALL,TOPDOWN_BE_BOUND.MEM_SCHEDULER,TOPDOWN_FE_BOUND.ALL,MEM_INST_RETIRED.ALL_STORES:sa=100003,MEM_INST_RETIRED.ALL_LOADS:sa=100003,UNC_M_CAS_COUNT_RD,UNC_M_CAS_COUNT_WR -experimental
4963 [139844447626816] INFO perfrun.sdk <> - runCmd started PID 47121
5073 [139844447626816] INFO perfrun.emon <> - Spawned collector thread
5073 [139842113463872] INFO perfrun.sdk <> - runCmd: /home/vtune/Intel_VTune_Profiler_2023.2.0/bin64/emon -u -t 0.010 -l0 -C CPU_CLK_UNHALTED.DISTRIBUTED,CPU_CLK_UNHALTED.REF_TSC,CPU_CLK_UNHALTED.THREAD,CPU_CLK_UNHALTED.THREAD_P,EXE_ACTIVITY.BOUND_ON_LOADS,FP_ARITH_INST_RETIRED.128B_PACKED_DOUBLE,FP_ARITH_INST_RETIRED.128B_PACKED_SINGLE,FP_ARITH_INST_RETIRED.256B_PACKED_DOUBLE,FP_ARITH_INST_RETIRED.256B_PACKED_SINGLE,FP_ARITH_INST_RETIRED.SCALAR_DOUBLE,FP_ARITH_INST_RETIRED.SCALAR_SINGLE,FRONTEND_RETIRED.LATENCY_GE_4,IDQ_UOPS_NOT_DELIVERED.CORE,INST_RETIRED.ANY,INT_MISC.UOP_DROPPING,LD_HEAD.ANY_AT_RET,LD_HEAD.L1_BOUND_AT_RET,LD_HEAD.L1_MISS_AT_RET,MEMORY_ACTIVITY.STALLS_L1D_MISS,MEMORY_ACTIVITY.STALLS_L2_MISS,MEMORY_ACTIVITY.STALLS_L3_MISS,MEM_BOUND_STALLS.LOAD,MEM_BOUND_STALLS.LOAD_DRAM_HIT,MEM_BOUND_STALLS.LOAD_L2_HIT,MEM_BOUND_STALLS.LOAD_LLC_HIT,MEM_INST_RETIRED.ALL_LOADS,MEM_INST_RETIRED.ALL_STORES,MEM_LOAD_RETIRED.L1_HIT,MEM_LOAD_RETIRED.L2_HIT,MEM_LOAD_RETIRED.L3_HIT,MEM_LOAD_RETIRED.L3_MISS,MEM_SCHEDULER_BLOCK.ALL,MEM_SCHEDULER_BLOCK.ST_BUF,OFFCORE_REQUESTS_OUTSTANDING.ALL_DATA_RD:c4,OFFCORE_REQUESTS_OUTSTANDING.CYCLES_WITH_DATA_RD,TOPDOWN.BACKEND_BOUND_SLOTS,TOPDOWN.MEMORY_BOUND_SLOTS,TOPDOWN.SLOTS,TOPDOWN.SLOTS:perf_metrics,TOPDOWN_BE_BOUND.ALL,TOPDOWN_BE_BOUND.MEM_SCHEDULER,TOPDOWN_FE_BOUND.ALL,TOPDOWN_RETIRING.ALL,UNC_M_CAS_COUNT_RD,UNC_M_CAS_COUNT_WR,UOPS_EXECUTED.THREAD,UOPS_EXECUTED.X87,UOPS_RETIRED.SLOTS -experimental
5073 [139842113463872] INFO perfrun.sdk <> - runCmd started PID 47123
5218 [139844599015296] INFO perfrun.launcher <> - Launcher: all plugins were started
5219 [139844599015296] INFO perfrun.launcher <> - DirectoryMonitor object was created
5219 [139844599015296] INFO perfrun.launcher <> - DirectoryMonitor: a callback was added
5219 [139844599015296] INFO perfrun.launcher <> - DirectoryMonitor was started with pingTime = 1000
5219 [139844599015296] INFO perfrun.launcher <> - DeadlineTimer is going to be constructed
5219 [139844599015296] INFO perfrun.launcher <> - DeadlineTimer: a callback was added
5224 [139844599015296] INFO perfrun.launcher <> - Launcher: resume the profiled application and  wait its termination or stop command
12143 [139844599015296] INFO perfrun.launcher <> - Launcher: the profiled application was terminated  with exit code = 0
12145 [139844447626816] INFO perfrun.sdk <> - runCmd: /home/vtune/Intel_VTune_Profiler_2023.2.0/bin64/emon -stop
12145 [139844447626816] INFO perfrun.sdk <> - runCmd started PID 47150
12262 [139842113463872] WARN perfrun.emon_output <> - TimeKeeper: the time is being asked while the time keeper object is armed. This may mean that the time for the last group is getting reused as the time for this group
12262 [139842113463872] INFO perfrun.emon_output <> - Collector process exited successfully
12301 [139844447626816] INFO perfrun.emon <> - EMON collector successfully stopped.

12302 [139844447626816] INFO perfrun.sdk <> - De-allocating TMU: /home/vtune/intel/vtune/projects/sample (matrix)/r002ps/data.0/systemcollector-47083-9049fa0820a9.jf.intel.com.sc
12302 [139844447626816] INFO perfrun.system <> - closed the system trace file: /home/vtune/intel/vtune/projects/sample (matrix)/r002ps/data.0/systemcollector-47083-9049fa0820a9.jf.intel.com.sc
12303 [139844599015296] INFO perfrun.launcher <> - Launcher: all plugins were stopped.
12303 [139844599015296] INFO perfrun.launcher <> - DeadlineTimer is going to be destroyed
12303 [139844599015296] INFO perfrun.launcher <> - DeadlineTimer was destroyed
12303 [139844599015296] INFO perfrun.launcher <> - DirectoryMonitor object was destroyed
12303 [139844599015296] WARN perfrun.launcher <> - Stop command is ignored because it is received when collection is already stopped, at file: vcs/perfrun1/launcher/src/command_handler.cpp:226
12304 [139844599015296] INFO perfrun.launcher <> - Application exit code: 0
12304 [139844599015296] INFO perfrun.launcher <> - Exit code: 0
