threads_spec: cpu
Using CPUID GenuineIntel-6-6A-6
DEBUGINFOD_URLS=
Compression enabled, disabling build id collection at the end of the session.
nr_threads: 64
thread_masks[0]: 0x558dec447ec0: maps mask[64]: 0
thread_masks[0]: 0x558dec447ed0: affinity mask[64]: 0
thread_masks[1]: 0x558dec447ee0: maps mask[64]: 1
thread_masks[1]: 0x558dec447ef0: affinity mask[64]: 1
thread_masks[2]: 0x558dec447f00: maps mask[64]: 2
thread_masks[2]: 0x558dec447f10: affinity mask[64]: 2
thread_masks[3]: 0x558dec447f20: maps mask[64]: 3
thread_masks[3]: 0x558dec447f30: affinity mask[64]: 3
thread_masks[4]: 0x558dec447f40: maps mask[64]: 4
thread_masks[4]: 0x558dec447f50: affinity mask[64]: 4
thread_masks[5]: 0x558dec447f60: maps mask[64]: 5
thread_masks[5]: 0x558dec447f70: affinity mask[64]: 5
thread_masks[6]: 0x558dec447f80: maps mask[64]: 6
thread_masks[6]: 0x558dec447f90: affinity mask[64]: 6
thread_masks[7]: 0x558dec447fa0: maps mask[64]: 7
thread_masks[7]: 0x558dec447fb0: affinity mask[64]: 7
thread_masks[8]: 0x558dec447fc0: maps mask[64]: 8
thread_masks[8]: 0x558dec447fd0: affinity mask[64]: 8
thread_masks[9]: 0x558dec447fe0: maps mask[64]: 9
thread_masks[9]: 0x558dec447ff0: affinity mask[64]: 9
thread_masks[10]: 0x558dec448000: maps mask[64]: 10
thread_masks[10]: 0x558dec448010: affinity mask[64]: 10
thread_masks[11]: 0x558dec448020: maps mask[64]: 11
thread_masks[11]: 0x558dec448030: affinity mask[64]: 11
thread_masks[12]: 0x558dec448040: maps mask[64]: 12
thread_masks[12]: 0x558dec448050: affinity mask[64]: 12
thread_masks[13]: 0x558dec448060: maps mask[64]: 13
thread_masks[13]: 0x558dec448070: affinity mask[64]: 13
thread_masks[14]: 0x558dec448080: maps mask[64]: 14
thread_masks[14]: 0x558dec448090: affinity mask[64]: 14
thread_masks[15]: 0x558dec4480a0: maps mask[64]: 15
thread_masks[15]: 0x558dec4480b0: affinity mask[64]: 15
thread_masks[16]: 0x558dec4480c0: maps mask[64]: 16
thread_masks[16]: 0x558dec4480d0: affinity mask[64]: 16
thread_masks[17]: 0x558dec4480e0: maps mask[64]: 17
thread_masks[17]: 0x558dec4480f0: affinity mask[64]: 17
thread_masks[18]: 0x558dec448100: maps mask[64]: 18
thread_masks[18]: 0x558dec448110: affinity mask[64]: 18
thread_masks[19]: 0x558dec448120: maps mask[64]: 19
thread_masks[19]: 0x558dec448130: affinity mask[64]: 19
thread_masks[20]: 0x558dec448140: maps mask[64]: 20
thread_masks[20]: 0x558dec448150: affinity mask[64]: 20
thread_masks[21]: 0x558dec448160: maps mask[64]: 21
thread_masks[21]: 0x558dec448170: affinity mask[64]: 21
thread_masks[22]: 0x558dec448180: maps mask[64]: 22
thread_masks[22]: 0x558dec448190: affinity mask[64]: 22
thread_masks[23]: 0x558dec4481a0: maps mask[64]: 23
thread_masks[23]: 0x558dec4481b0: affinity mask[64]: 23
thread_masks[24]: 0x558dec4481c0: maps mask[64]: 24
thread_masks[24]: 0x558dec4481d0: affinity mask[64]: 24
thread_masks[25]: 0x558dec4481e0: maps mask[64]: 25
thread_masks[25]: 0x558dec4481f0: affinity mask[64]: 25
thread_masks[26]: 0x558dec448200: maps mask[64]: 26
thread_masks[26]: 0x558dec448210: affinity mask[64]: 26
thread_masks[27]: 0x558dec448220: maps mask[64]: 27
thread_masks[27]: 0x558dec448230: affinity mask[64]: 27
thread_masks[28]: 0x558dec448240: maps mask[64]: 28
thread_masks[28]: 0x558dec448250: affinity mask[64]: 28
thread_masks[29]: 0x558dec448260: maps mask[64]: 29
thread_masks[29]: 0x558dec448270: affinity mask[64]: 29
thread_masks[30]: 0x558dec448280: maps mask[64]: 30
thread_masks[30]: 0x558dec448290: affinity mask[64]: 30
thread_masks[31]: 0x558dec4482a0: maps mask[64]: 31
thread_masks[31]: 0x558dec4482b0: affinity mask[64]: 31
thread_masks[32]: 0x558dec4482c0: maps mask[64]: 32
thread_masks[32]: 0x558dec4482d0: affinity mask[64]: 32
thread_masks[33]: 0x558dec4482e0: maps mask[64]: 33
thread_masks[33]: 0x558dec4482f0: affinity mask[64]: 33
thread_masks[34]: 0x558dec448300: maps mask[64]: 34
thread_masks[34]: 0x558dec448310: affinity mask[64]: 34
thread_masks[35]: 0x558dec448320: maps mask[64]: 35
thread_masks[35]: 0x558dec448330: affinity mask[64]: 35
thread_masks[36]: 0x558dec448340: maps mask[64]: 36
thread_masks[36]: 0x558dec448350: affinity mask[64]: 36
thread_masks[37]: 0x558dec448360: maps mask[64]: 37
thread_masks[37]: 0x558dec448370: affinity mask[64]: 37
thread_masks[38]: 0x558dec448380: maps mask[64]: 38
thread_masks[38]: 0x558dec448390: affinity mask[64]: 38
thread_masks[39]: 0x558dec4483a0: maps mask[64]: 39
thread_masks[39]: 0x558dec4483b0: affinity mask[64]: 39
thread_masks[40]: 0x558dec4483c0: maps mask[64]: 40
thread_masks[40]: 0x558dec4483d0: affinity mask[64]: 40
thread_masks[41]: 0x558dec4483e0: maps mask[64]: 41
thread_masks[41]: 0x558dec4483f0: affinity mask[64]: 41
thread_masks[42]: 0x558dec448400: maps mask[64]: 42
thread_masks[42]: 0x558dec448410: affinity mask[64]: 42
thread_masks[43]: 0x558dec448420: maps mask[64]: 43
thread_masks[43]: 0x558dec448430: affinity mask[64]: 43
thread_masks[44]: 0x558dec448440: maps mask[64]: 44
thread_masks[44]: 0x558dec448450: affinity mask[64]: 44
thread_masks[45]: 0x558dec448460: maps mask[64]: 45
thread_masks[45]: 0x558dec448470: affinity mask[64]: 45
thread_masks[46]: 0x558dec448480: maps mask[64]: 46
thread_masks[46]: 0x558dec448490: affinity mask[64]: 46
thread_masks[47]: 0x558dec4484a0: maps mask[64]: 47
thread_masks[47]: 0x558dec4484b0: affinity mask[64]: 47
thread_masks[48]: 0x558dec4484c0: maps mask[64]: 48
thread_masks[48]: 0x558dec4484d0: affinity mask[64]: 48
thread_masks[49]: 0x558dec4484e0: maps mask[64]: 49
thread_masks[49]: 0x558dec4484f0: affinity mask[64]: 49
thread_masks[50]: 0x558dec448500: maps mask[64]: 50
thread_masks[50]: 0x558dec448510: affinity mask[64]: 50
thread_masks[51]: 0x558dec448520: maps mask[64]: 51
thread_masks[51]: 0x558dec448530: affinity mask[64]: 51
thread_masks[52]: 0x558dec448540: maps mask[64]: 52
thread_masks[52]: 0x558dec448550: affinity mask[64]: 52
thread_masks[53]: 0x558dec448560: maps mask[64]: 53
thread_masks[53]: 0x558dec448570: affinity mask[64]: 53
thread_masks[54]: 0x558dec448580: maps mask[64]: 54
thread_masks[54]: 0x558dec448590: affinity mask[64]: 54
thread_masks[55]: 0x558dec4485a0: maps mask[64]: 55
thread_masks[55]: 0x558dec4485b0: affinity mask[64]: 55
thread_masks[56]: 0x558dec4485c0: maps mask[64]: 56
thread_masks[56]: 0x558dec4485d0: affinity mask[64]: 56
thread_masks[57]: 0x558dec4485e0: maps mask[64]: 57
thread_masks[57]: 0x558dec4485f0: affinity mask[64]: 57
thread_masks[58]: 0x558dec448600: maps mask[64]: 58
thread_masks[58]: 0x558dec448610: affinity mask[64]: 58
thread_masks[59]: 0x558dec448620: maps mask[64]: 59
thread_masks[59]: 0x558dec448630: affinity mask[64]: 59
thread_masks[60]: 0x558dec448640: maps mask[64]: 60
thread_masks[60]: 0x558dec448650: affinity mask[64]: 60
thread_masks[61]: 0x558dec448660: maps mask[64]: 61
thread_masks[61]: 0x558dec448670: affinity mask[64]: 61
thread_masks[62]: 0x558dec448680: maps mask[64]: 62
thread_masks[62]: 0x558dec448690: affinity mask[64]: 62
thread_masks[63]: 0x558dec4486a0: maps mask[64]: 63
thread_masks[63]: 0x558dec4486b0: affinity mask[64]: 63
nr_cblocks: 0
affinity: SYS
mmap flush: 1
comp level: 1
mmap size 528384B
couldn't open /proc/1/task/1/maps
couldn't open /proc/1149/task/1149/maps
couldn't open /proc/1196/task/1196/maps
couldn't open /proc/1200/task/1200/maps
couldn't open /proc/1585/task/1585/maps
couldn't open /proc/1587/task/1587/maps
couldn't open /proc/1686/task/1686/maps
couldn't open /proc/1801/task/1801/maps
couldn't open /proc/1816/task/1816/maps
couldn't open /proc/1817/task/1817/maps
couldn't open /proc/1832/task/1832/maps
couldn't open /proc/1846/task/1846/maps
couldn't open /proc/1947/task/1947/maps
couldn't open /proc/1962/task/1962/maps
couldn't open /proc/1982/task/1982/maps
couldn't open /proc/1985/task/1985/maps
couldn't open /proc/2002/task/2002/maps
couldn't open /proc/2144/task/2144/maps
couldn't open /proc/2314/task/2314/maps
couldn't open /proc/2315/task/2315/maps
couldn't open /proc/2316/task/2316/maps
couldn't open /proc/2910/task/2910/maps
couldn't open /proc/2911/task/2911/maps
couldn't open /proc/10708/task/10708/maps
couldn't open /proc/10712/task/10712/maps
couldn't open /proc/240438/task/240438/maps
couldn't open /proc/790015/task/790015/maps
couldn't open /proc/790016/task/790016/maps
couldn't open /proc/790104/task/790104/maps
couldn't open /proc/790182/task/790182/maps
couldn't open /proc/830840/task/830840/maps
couldn't open /proc/830841/task/830841/maps
couldn't open /proc/830842/task/830842/maps
couldn't open /proc/834023/task/834023/maps
couldn't open /proc/837920/task/837920/maps
couldn't open /proc/837922/task/837922/maps
couldn't open /proc/861486/task/861486/maps
couldn't open /proc/861489/task/861489/maps
couldn't open /proc/1368263/task/1368263/maps
threads[1368899]: started on cpu1
threads[1368900]: started on cpu2
threads[1368901]: started on cpu3
threads[1368902]: started on cpu4
threads[1368903]: started on cpu5
threads[1368904]: started on cpu6
threads[1368905]: started on cpu7
threads[1368906]: started on cpu8
threads[1368907]: started on cpu9
threads[1368908]: started on cpu10
threads[1368909]: started on cpu11
threads[1368910]: started on cpu12
threads[1368911]: started on cpu13
threads[1368912]: started on cpu14
threads[1368913]: started on cpu15
threads[1368914]: started on cpu16
threads[1368915]: started on cpu17
threads[1368916]: started on cpu18
threads[1368917]: started on cpu19
threads[1368918]: started on cpu20
threads[1368919]: started on cpu21
threads[1368920]: started on cpu22
threads[1368921]: started on cpu23
threads[1368922]: started on cpu24
threads[1368923]: started on cpu25
threads[1368924]: started on cpu26
threads[1368925]: started on cpu27
threads[1368926]: started on cpu28
threads[1368927]: started on cpu29
threads[1368928]: started on cpu30
threads[1368929]: started on cpu31
threads[1368930]: started on cpu32
threads[1368931]: started on cpu33
threads[1368932]: started on cpu34
threads[1368933]: started on cpu35
threads[1368934]: started on cpu36
threads[1368935]: started on cpu37
threads[1368936]: started on cpu38
threads[1368937]: started on cpu39
threads[1368938]: started on cpu40
threads[1368939]: started on cpu41
threads[1368940]: started on cpu42
threads[1368941]: started on cpu43
threads[1368942]: started on cpu44
threads[1368943]: started on cpu45
threads[1368944]: started on cpu46
threads[1368945]: started on cpu47
threads[1368946]: started on cpu48
threads[1368947]: started on cpu49
threads[1368948]: started on cpu50
threads[1368949]: started on cpu51
threads[1368950]: started on cpu52
threads[1368951]: started on cpu53
threads[1368952]: started on cpu54
threads[1368953]: started on cpu55
threads[1368954]: started on cpu56
threads[1368955]: started on cpu57
threads[1368956]: started on cpu58
threads[1368957]: started on cpu59
threads[1368958]: started on cpu60
threads[1368959]: started on cpu61
threads[1368960]: started on cpu62
threads[1368961]: started on cpu63
threads[1368895]: started on cpu0

1368898:perf-sync:ready:SYS=4810543999323543
[ perf record: Woken up 161 times to write data ]
threads[1368895]: samples=26, wakes=13, transferred=3263240, compressed=470096
threads[1368899]: samples=22, wakes=12, transferred=2850768, compressed=392630
threads[1368900]: samples=22, wakes=12, transferred=2824008, compressed=390396
threads[1368901]: samples=21, wakes=11, transferred=2461848, compressed=341737
threads[1368902]: samples=23, wakes=12, transferred=2783760, compressed=384909
threads[1368903]: samples=24, wakes=12, transferred=2879152, compressed=400005
threads[1368904]: samples=26, wakes=12, transferred=2788296, compressed=387421
threads[1368905]: samples=25, wakes=12, transferred=2791736, compressed=388169
threads[1368906]: samples=24, wakes=12, transferred=2638592, compressed=364667
threads[1368907]: samples=22, wakes=12, transferred=2735616, compressed=378984
threads[1368908]: samples=17, wakes=11, transferred=2519344, compressed=349162
threads[1368909]: samples=25, wakes=12, transferred=2765888, compressed=383386
threads[1368910]: samples=21, wakes=11, transferred=2587448, compressed=357048
threads[1368911]: samples=23, wakes=12, transferred=2651560, compressed=365747
threads[1368912]: samples=23, wakes=12, transferred=2860424, compressed=395887
threads[1368913]: samples=23, wakes=12, transferred=2779352, compressed=384371
threads[1368914]: samples=1, wakes=2, transferred=14328, compressed=2352
threads[1368915]: samples=1, wakes=2, transferred=7704, compressed=1520
threads[1368916]: samples=3, wakes=2, transferred=24424, compressed=2867
threads[1368917]: samples=1, wakes=2, transferred=3384, compressed=638
threads[1368918]: samples=3, wakes=2, transferred=3576, compressed=754
threads[1368919]: samples=1, wakes=2, transferred=2880, compressed=550
threads[1368920]: samples=1, wakes=2, transferred=3816, compressed=685
threads[1368921]: samples=1, wakes=2, transferred=3456, compressed=700
threads[1368922]: samples=1, wakes=2, transferred=3584, compressed=761
threads[1368923]: samples=1, wakes=2, transferred=2808, compressed=527
threads[1368924]: samples=1, wakes=2, transferred=2808, compressed=494
threads[1368925]: samples=1, wakes=2, transferred=2880, compressed=564
threads[1368926]: samples=1, wakes=2, transferred=3312, compressed=587
threads[1368927]: samples=1, wakes=2, transferred=2952, compressed=577
threads[1368928]: samples=1, wakes=2, transferred=3024, compressed=550
threads[1368929]: samples=1, wakes=2, transferred=3600, compressed=653
threads[1368930]: samples=1, wakes=2, transferred=186120, compressed=30302
threads[1368931]: samples=3, wakes=2, transferred=109776, compressed=19608
threads[1368932]: samples=3, wakes=2, transferred=137424, compressed=23624
threads[1368933]: samples=3, wakes=2, transferred=235840, compressed=29834
threads[1368934]: samples=4, wakes=3, transferred=324120, compressed=38463
threads[1368935]: samples=1, wakes=2, transferred=47776, compressed=6311
threads[1368936]: samples=3, wakes=2, transferred=23064, compressed=3689
threads[1368937]: samples=1, wakes=2, transferred=12416, compressed=2227
threads[1368938]: samples=1, wakes=2, transferred=6776, compressed=1345
threads[1368939]: samples=1, wakes=2, transferred=24232, compressed=3650
threads[1368940]: samples=1, wakes=2, transferred=6200, compressed=1227
threads[1368941]: samples=1, wakes=2, transferred=3024, compressed=569
threads[1368942]: samples=1, wakes=2, transferred=3240, compressed=576
threads[1368943]: samples=1, wakes=2, transferred=3384, compressed=645
threads[1368944]: samples=1, wakes=2, transferred=3312, compressed=632
threads[1368945]: samples=1, wakes=2, transferred=3384, compressed=595
threads[1368946]: samples=1, wakes=2, transferred=3600, compressed=757
threads[1368947]: samples=3, wakes=2, transferred=10072, compressed=1704
threads[1368948]: samples=1, wakes=2, transferred=3160, compressed=640
threads[1368949]: samples=3, wakes=2, transferred=3992, compressed=853
threads[1368950]: samples=1, wakes=2, transferred=2808, compressed=567
threads[1368951]: samples=1, wakes=2, transferred=3696, compressed=829
threads[1368952]: samples=1, wakes=2, transferred=3384, compressed=605
threads[1368953]: samples=1, wakes=2, transferred=9136, compressed=1482
threads[1368954]: samples=1, wakes=2, transferred=3432, compressed=655
threads[1368955]: samples=1, wakes=2, transferred=4528, compressed=786
threads[1368956]: samples=1, wakes=2, transferred=3240, compressed=603
threads[1368957]: samples=1, wakes=2, transferred=3384, compressed=625
threads[1368958]: samples=1, wakes=2, transferred=3808, compressed=769
threads[1368959]: samples=1, wakes=2, transferred=23440, compressed=3673
threads[1368960]: samples=1, wakes=2, transferred=11104, compressed=1980
threads[1368961]: samples=1, wakes=2, transferred=6344, compressed=1258
failed to write feature HYBRID_TOPOLOGY
[ perf record: Captured and wrote 6.488 MB /tmp/amplxe-tmp-lyt/amplxe-res-1368723-33561438649873143/data.0/system-wide.perf, compressed (original 43.391 MB, ratio is 7.187) ]
