0 [4132759296] INFO perfrun.launcher <> - Launcher main begin
2 [4132759296] INFO perfrun.launcher <> - MessageCatalogInit finished
2 [4132759296] INFO perfrun.launcher <> - Launcher instance created
2 [4132759296] INFO perfrun.launcher <> - argc = 6; cmdline = /opt/intel/oneapi/vtune/2024.1/bin32/amplxe-runss -dump-vdso -r /tmp/amplxe-tmp-lyt/amplxe-res-1368723-33561438649873143 --tmp-dir /tmp/amplxe-tmp-lyt 
45 [4132759296] INFO perfrun.launcher <> - create msngr2::ICliToolContext
45 [4132759296] INFO perfrun.launcher <> - create file finder object
80 [4132227776] INFO perfrun.launcher <> - plugin [remoteplug] was disabled because it doesn't support the given collection type.
80 [4132227776] INFO perfrun.launcher <> - plugin [] was disabled because it doesn't support the given collection type.
80 [4132227776] INFO perfrun.vdso <> - dumping [vdso] pseudomodule
80 [4132227776] INFO perfrun.launcher <> - plugin [] was disabled because it doesn't support the given collection type.
80 [4132227776] INFO perfrun.launcher <> - plugin [] was disabled because it doesn't support the given collection type.
80 [4132227776] INFO perfrun.launcher <> - plugin [] was disabled because it doesn't support the given collection type.
80 [4132227776] INFO perfrun.launcher <> - plugin [] was disabled because it doesn't support the given collection type.
80 [4132227776] INFO perfrun.launcher <> - plugin [] was disabled because it doesn't support the given collection type.
80 [4132227776] INFO perfrun.launcher <> - plugin [] was disabled because it doesn't support the given collection type.
80 [4132227776] INFO perfrun.launcher <> - plugin [] was disabled because it doesn't support the given collection type.
80 [4132227776] INFO perfrun.launcher <> - plugin [] was disabled because it doesn't support the given collection type.
80 [4132227776] INFO perfrun.launcher <> - plugin [] was disabled because it doesn't support the given collection type.
80 [4132227776] INFO perfrun.launcher <> - plugin [] was disabled because it doesn't support the given collection type.
80 [4132227776] INFO perfrun.launcher <> - plugin [] was disabled because it doesn't support the given collection type.
80 [4132227776] INFO perfrun.launcher <> - plugin [] was disabled because it doesn't support the given collection type.
80 [4132227776] INFO perfrun.launcher <> - plugin [] was disabled because it doesn't support the given collection type.
80 [4132227776] INFO perfrun.launcher <> - plugin [] was disabled because it doesn't support the given collection type.
80 [4132227776] INFO perfrun.launcher <> - plugin [] was disabled because it doesn't support the given collection type.
80 [4132227776] INFO perfrun.launcher <> - plugin [] was disabled because it doesn't support the given collection type.
80 [4132227776] INFO perfrun.launcher <> - plugin [] was disabled because it doesn't support the given collection type.
80 [4132227776] INFO perfrun.launcher <> - plugin [] was disabled because it doesn't support the given collection type.
80 [4132227776] INFO perfrun.launcher <> - plugin [] was disabled because it doesn't support the given collection type.
80 [4132227776] INFO perfrun.launcher <> - plugin [] was disabled because it doesn't support the given collection type.
80 [4132227776] INFO perfrun.launcher <> - plugin [] was disabled because it doesn't support the given collection type.
80 [4132227776] INFO perfrun.launcher <> - plugin [] was disabled because it doesn't support the given collection type.
80 [4132227776] INFO perfrun.launcher <> - plugin [] was disabled because it doesn't support the given collection type.
80 [4132227776] INFO perfrun.launcher <> - plugin [] was disabled because it doesn't support the given collection type.
80 [4132759296] INFO perfrun.launcher <> - Application exit code: 0
81 [4132759296] INFO perfrun.launcher <> - Exit code: 0
