1 [140386853451584] INFO perfrun.launcher <> - Launcher main begin
4 [140386853451584] INFO perfrun.launcher <> - MessageCatalogInit finished
4 [140386853451584] INFO perfrun.launcher <> - Launcher instance created
4 [140386853451584] INFO perfrun.launcher <> - argc = 7; cmdline = /opt/intel/oneapi/vtune/2024.1/bin64/amplxe-runss --ui-output-format xml --ui-output-fd 5 --option-file /data/home/lyt/2025-Spring-recruitment/Heptagonhust-Recruitment-Spring/vtune_results/v0.3.2/threading_small_20250324_230502/config/runss.options 
57 [140386853451584] INFO perfrun.launcher <> - create msngr2::ICliToolContext
57 [140386853451584] INFO perfrun.launcher <> - create file finder object
57 [140386853451584] INFO perfrun.launcher <> - create a result directory: pattern = /data/home/lyt/2025-Spring-recruitment/Heptagonhust-Recruitment-Spring/vtune_results/v0.3.2/threading_small_20250324_230502 pid = 4294967295
82 [140386853451584] INFO perfrun.sdk <> - checked that the directory /data/home/lyt/2025-Spring-recruitment/Heptagonhust-Recruitment-Spring/vtune_results/v0.3.2/threading_small_20250324_230502 is a local directory
82 [140386853451584] INFO perfrun.sdk <> - the directory /data/home/lyt/2025-Spring-recruitment/Heptagonhust-Recruitment-Spring/vtune_results/v0.3.2/threading_small_20250324_230502 is located on a share or its FS ID is unknown 26985
82 [140386853451584] INFO perfrun.sdk <> - checked that the directory /tmp/amplxe-tmp-lyt is a local directory
82 [140386853451584] INFO perfrun.sdk <> - the directory /tmp/amplxe-tmp-lyt is a local directory with FS type ID 2435016766
82 [140386853451584] INFO perfrun.launcher <> - Create a local result directory /tmp/amplxe-tmp-lyt/amplxe-res-1204030-33490080142818807 due to the user result path /data/home/lyt/2025-Spring-recruitment/Heptagonhust-Recruitment-Spring/vtune_results/v0.3.2/threading_small_20250324_230502 is located on a share
82 [140386853451584] INFO perfrun.launcher <> - create data directory = /tmp/amplxe-tmp-lyt/amplxe-res-1204030-33490080142818807/data.0
82 [140386853451584] INFO perfrun.launcher <> - create data directory = /data/home/lyt/2025-Spring-recruitment/Heptagonhust-Recruitment-Spring/vtune_results/v0.3.2/threading_small_20250324_230502/data.0
83 [140386853451584] INFO perfrun.launcher <> - Creating the master collection flag
84 [140386853451584] INFO perfrun.launcher <> - Done creating the master collection flag
110 [140386699830848] INFO perfrun.launcher <> - plugin [remoteplug] was disabled because it doesn't support the given collection type.
111 [140386699830848] INFO perfrun.sdk <> - Allocating TMU :/tmp/amplxe-tmp-lyt/amplxe-res-1204030-33490080142818807/data.0/systemcollector-1204030-hepnode1.sc
111 [140386699830848] INFO perfrun.system <> - Tpss based collection
111 [140386699830848] INFO perfrun.launcher <> - plugin [ptracecollector] was disabled because it doesn't support the given collection type.
111 [140386699830848] INFO perfrun.launcher <> - plugin [gpu] was disabled because it doesn't support the given collection type.
111 [140386699830848] INFO perfrun.launcher <> - plugin [] was disabled because it doesn't support the given collection type.
111 [140386699830848] INFO perfrun.launcher <> - plugin [] was disabled because it doesn't support the given collection type.
111 [140386699830848] INFO perfrun.launcher <> - plugin [] was disabled because it doesn't support the given collection type.
111 [140386699830848] INFO perfrun.mrte <> - system-wide mode is 0
111 [140386699830848] INFO perfrun.mrte <> - Getting  mrte profiling environment ...
120 [140386699830848] INFO perfrun.mrte <> - INTEL_MRTE_DATA_DIR=/tmp/amplxe-tmp-lyt/amplxe-res-1204030-33490080142818807/data.0
120 [140386699830848] INFO perfrun.mrte <> - INTEL_MRTE_HOST_NAME=hepnode1
120 [140386699830848] INFO perfrun.mrte <> - JAVA_TOOL_OPTIONS=-agentlib:amplxe_tpssmrte_javaprof_1.0 -Dsun.boot.library.path=/opt/intel/oneapi/vtune/2024.1/lib32/runtime:/opt/intel/oneapi/vtune/2024.1/lib64/runtime
120 [140386699830848] INFO perfrun.mrte <> - LD_LIBRARY_PATH=/opt/intel/oneapi/vtune/2024.1/lib32/runtime:/opt/intel/oneapi/vtune/2024.1/lib64/runtime
120 [140386699830848] INFO perfrun.mrte <> - CORECLR_ENABLE_PROFILING=1
120 [140386699830848] INFO perfrun.mrte <> - CORECLR_PROFILER={AA5E4821-E3B1-479c-B7FF-5AD047D22CED}
120 [140386699830848] INFO perfrun.mrte <> - CORECLR_PROFILER_PATH=/opt/intel/oneapi/vtune/2024.1/lib64/libamplxe_samplingmrte_clrprof_1.0.so
120 [140386699830848] INFO perfrun.mrte <> - INTEL_MRTE_PROFILER_MODE=mixed
120 [140386699830848] INFO perfrun.mrte <> - Data directory: /tmp/amplxe-tmp-lyt/amplxe-res-1204030-33490080142818807/data.0
120 [140386699830848] INFO perfrun.mrte <> - Mrte plugin is initialized
120 [140386699830848] INFO perfrun.launcher <> - plugin [emon] was disabled because it doesn't support the given collection type.
120 [140386699830848] INFO perfrun.launcher <> - plugin [cuscol] was disabled because it doesn't support the given collection type.
120 [140386699830848] INFO perfrun.launcher <> - plugin [stdsrc] was disabled because it doesn't support the given collection type.
120 [140386699830848] INFO perfrun.launcher <> - plugin [sep] was disabled because it doesn't support the given collection type.
120 [140386699830848] INFO perfrun.launcher <> - plugin [vtsspp] was disabled because it doesn't support the given collection type.
120 [140386699830848] INFO perfrun.launcher <> - plugin [perf] was disabled because it doesn't support the given collection type.
120 [140386699830848] INFO perfrun.launcher <> - plugin [aoclprofile] was disabled because it doesn't support the given collection type.
120 [140386699830848] INFO perfrun.tpss <> - initialize tpss controller
120 [140386699830848] INFO perfrun.tpss <> - configure collection mode: value = cpu:counters:nostack
120 [140386699830848] INFO perfrun.tpss <> - configure collection mode: value = cpu:stack
121 [140386699830848] INFO perfrun.tpss <> - configure collection mode: value = threading:stack
121 [140386699830848] INFO perfrun.tpss <> - configure collection mode: value = waiting:stack
121 [140386699830848] INFO perfrun.tpss <> - configure collection mode: value = io:stack
121 [140386699830848] INFO perfrun.tpss <> - default obj-size-min=1024
121 [140386699830848] INFO perfrun.tpss <> - default hash-table-size=0
121 [140386699830848] INFO perfrun.launcher <> - plugin [media] was disabled because it doesn't support the given collection type.
121 [140386699830848] INFO perfrun.launcher <> - plugin [] was disabled because it doesn't support the given collection type.
121 [140386699830848] INFO perfrun.launcher <> - plugin [] was disabled because it doesn't support the given collection type.
121 [140386699830848] INFO perfrun.launcher <> - plugin [parallelfs] was disabled because it doesn't support the given collection type.
121 [140386699830848] INFO perfrun.launcher <> - plugin [power] was disabled because it doesn't support the given collection type.
121 [140386699830848] INFO perfrun.launcher <> - plugin [] was disabled because it doesn't support the given collection type.
121 [140386699830848] INFO perfrun.launcher <> - plugin [ipmwatch] was disabled because it doesn't support the given collection type.
121 [140386699830848] INFO perfrun.launcher <> - plugin [os_counters] was disabled because it doesn't support the given collection type.
121 [140386699830848] INFO perfrun.launcher <> - plugin [l0_metrics] was disabled because it doesn't support the given collection type.
121 [140386853451584] INFO perfrun.launcher <> - set environment variable: LD_LIBRARY_PATH = /opt/intel/oneapi/vtune/2024.1/lib32/runtime:/opt/intel/oneapi/vtune/2024.1/lib64/runtime
121 [140386853451584] INFO perfrun.launcher <> - set environment variable: INTEL_LIBITTNOTIFY32 = /opt/intel/oneapi/vtune/2024.1/lib32/runtime/libittnotify_collector.so
121 [140386853451584] INFO perfrun.launcher <> - set environment variable: INTEL_LIBITTNOTIFY64 = /opt/intel/oneapi/vtune/2024.1/lib64/runtime/libittnotify_collector.so
121 [140386853451584] INFO perfrun.launcher <> - set environment variable: INTEL_ITTNOTIFY_GROUPS = 
121 [140386853451584] INFO perfrun.launcher <> - set environment variable: INTEL_JIT_PROFILER32 = /opt/intel/oneapi/vtune/2024.1/lib32/runtime/libittnotify_collector.so
121 [140386853451584] INFO perfrun.launcher <> - set environment variable: INTEL_JIT_PROFILER64 = /opt/intel/oneapi/vtune/2024.1/lib64/runtime/libittnotify_collector.so
121 [140386853451584] INFO perfrun.launcher <> - set environment variable: OMP_TOOL_LIBRARIES = /opt/intel/oneapi/vtune/2024.1/lib32/runtime/libittnotify_collector.so:/opt/intel/oneapi/vtune/2024.1/lib64/runtime/libittnotify_collector.so
121 [140386853451584] INFO perfrun.launcher <> - set environment variable: ENABLE_JITPROFILING = 1
121 [140386853451584] INFO perfrun.launcher <> - set environment variable: CL_CONFIG_USE_VTUNE = True
121 [140386853451584] INFO perfrun.launcher <> - set environment variable: INTEL_MRTE_DATA_DIR = /tmp/amplxe-tmp-lyt/amplxe-res-1204030-33490080142818807/data.0
121 [140386853451584] INFO perfrun.launcher <> - set environment variable: INTEL_MRTE_HOST_NAME = hepnode1
121 [140386853451584] INFO perfrun.launcher <> - set environment variable: JAVA_TOOL_OPTIONS = -agentlib:amplxe_tpssmrte_javaprof_1.0 -Dsun.boot.library.path=/opt/intel/oneapi/vtune/2024.1/lib32/runtime:/opt/intel/oneapi/vtune/2024.1/lib64/runtime
121 [140386853451584] INFO perfrun.launcher <> - set environment variable: LD_LIBRARY_PATH = /opt/intel/oneapi/vtune/2024.1/lib32/runtime:/opt/intel/oneapi/vtune/2024.1/lib64/runtime
121 [140386853451584] INFO perfrun.launcher <> - set environment variable: CORECLR_ENABLE_PROFILING = 1
121 [140386853451584] INFO perfrun.launcher <> - set environment variable: CORECLR_PROFILER = {AA5E4821-E3B1-479c-B7FF-5AD047D22CED}
121 [140386853451584] INFO perfrun.launcher <> - set environment variable: CORECLR_PROFILER_PATH = /opt/intel/oneapi/vtune/2024.1/lib64/libamplxe_samplingmrte_clrprof_1.0.so
121 [140386853451584] INFO perfrun.launcher <> - set environment variable: INTEL_MRTE_PROFILER_MODE = mixed
121 [140386853451584] INFO perfrun.launcher <> - RpcServer: run RPC server to handle requests
122 [140386853451584] INFO perfrun.launcher <> - Launcher: command line to start before modification = numactl --cpunodebind=0 --membind=0 ./winograd conf/small.conf
122 [140386853451584] INFO perfrun.launcher <> - Launcher: command line to start after modification = /opt/intel/oneapi/vtune/2024.1/bin64/pin -error_file /tmp/amplxe-tmp-lyt/amplxe-res-1204030-33490080142818807/data.0/pinerr.tpsslog -detach_reattach -follow_execv -tool_load_option deepbind -t64 /opt/intel/oneapi/vtune/2024.1/lib64/libtpsstool.so -t /opt/intel/oneapi/vtune/2024.1/lib32/libtpsstool.so -server_name tpss_ipc.1204030 -prd_dir /opt/intel/oneapi/vtune/2024.1 -- numactl --cpunodebind=0 --membind=0 ./winograd conf/small.conf
122 [140386853451584] INFO perfrun.launcher <> - ProcessCreator object was created
122 [140386853451584] INFO perfrun.launcher <> - Launcher: the process was started in suspend mode
147 [140386699830848] WARN perfrun.system <> - Could not do anything with /sys/kernel/debug/kvm: boost::filesystem::status: Permission denied [system:13]: "/sys/kernel/debug/kvm", at file: vcs/perfrun1/plugins/system/src/trace_writer.cpp:787
147 [140386699830848] WARN perfrun.system <> - Folder "/var/run/libvirt/qemu/"doesn't exist, at file: vcs/perfrun1/plugins/system/src/trace_writer.cpp:800
154 [140386699830848] INFO perfrun.sdk <> - runCmd: /opt/intel/oneapi/vtune/2024.1/bin64/sep -platform-info
154 [140386699830848] INFO perfrun.sdk <> - runCmd started PID 1204036
163 [140386699830848] WARN perfrun.sdk <> - SEP driver is not available, at file: vcs/perfrun1/plugins/pluginsdk/src/device_mapper.cpp:946
163 [140386699830848] INFO perfrun.sdk <> - runCmd: /opt/intel/oneapi/vtune/2024.1/bin64/amplxe-perf stat --iostat=list
163 [140386699830848] INFO perfrun.sdk <> - runCmd started PID 1204037
688 [140386699830848] INFO perfrun.sdk <> - UPI platform topology is not supported on this platform via perf
689 [140386699830848] INFO perfrun.sdk <> - Mapped device: Display controller: NVIDIA Corporation Device 0x26b5 0000:4b:00.0
689 [140386699830848] INFO perfrun.sdk <> - Mapped device: I350 Gigabit Network Connection F014I350 0000:65:00.0
689 [140386699830848] INFO perfrun.sdk <> - Mapped device: I350 Gigabit Network Connection F014I350 0000:65:00.1
689 [140386699830848] INFO perfrun.sdk <> - Mapped device: I350 Gigabit Network Connection F014I350 0000:65:00.2
689 [140386699830848] INFO perfrun.sdk <> - Mapped device: I350 Gigabit Network Connection F014I350 0000:65:00.3
689 [140386699830848] INFO perfrun.sdk <> - Mapped device: NVMe SSD Controller PM9A1/PM9A3/980PRO General DC NVMe PM9A3 0000:66:00.0
689 [140386699830848] INFO perfrun.sdk <> - Mapped device: NVMe SSD Controller PM9A1/PM9A3/980PRO General DC NVMe PM9A3 0000:67:00.0
689 [140386699830848] INFO perfrun.sdk <> - Mapped device: AST1150 PCI-to-PCI Bridge 0000:03:00.0
690 [140386699830848] INFO perfrun.sdk <> - Mapped device: ASPEED Graphics Family 0000:04:00.0
690 [140386699830848] INFO perfrun.sdk <> - Mapped device: Display controller: NVIDIA Corporation Device 0x26b5 0000:b1:00.0
690 [140386699830848] INFO perfrun.sdk <> - Mapped device: MT27700 Family [ConnectX-4] 0000:ca:00.0
695 [140386699830848] INFO perfrun.sdk <> - runCmd: /opt/intel/oneapi/vtune/2024.1/bin64/sep -platform-info
696 [140386699830848] INFO perfrun.sdk <> - runCmd started PID 1204040
702 [140386699830848] WARN perfrun.sdk <> - SEP driver is not available, at file: vcs/perfrun1/plugins/pluginsdk/src/device_mapper.cpp:946
702 [140386699830848] INFO perfrun.sdk <> - runCmd: /opt/intel/oneapi/vtune/2024.1/bin64/sep -platform-info
703 [140386699830848] INFO perfrun.sdk <> - runCmd started PID 1204041
708 [140386699830848] WARN perfrun.sdk <> - SEP driver is not available, at file: vcs/perfrun1/plugins/pluginsdk/src/device_mapper.cpp:946
708 [140386699830848] INFO perfrun.sdk <> - runCmd: /opt/intel/oneapi/vtune/2024.1/bin64/amplxe-perf stat --iostat=list
709 [140386699830848] INFO perfrun.sdk <> - runCmd started PID 1204042
1235 [140386699830848] INFO perfrun.sdk <> - UPI platform topology is not supported on this platform via perf
1235 [140386699830848] WARN perfrun.sdk <> - Failed to find xl binary on any of the system paths: /bin, /sbin, /usr/bin, /usr/sbin., at file: vcs/perfrun1/sdk/src/utils.cpp:204
1235 [140386699830848] WARN perfrun.system <> - Could not start ContainerMapping collector, at file: vcs/perfrun1/plugins/system/src/controller.cpp:448
1342 [140386699830848] INFO perfrun.vdso <> - Helper runtool '/opt/intel/oneapi/vtune/2024.1/bin32/amplxe-runss -dump-vdso -r /tmp/amplxe-tmp-lyt/amplxe-res-1204030-33490080142818807 --tmp-dir /tmp/amplxe-tmp-lyt' returned 0
1443 [140386699830848] INFO perfrun.vdso <> - Helper runtool '/opt/intel/oneapi/vtune/2024.1/bin64/amplxe-runss -dump-vdso -r /tmp/amplxe-tmp-lyt/amplxe-res-1204030-33490080142818807 --tmp-dir /tmp/amplxe-tmp-lyt' returned 0
1443 [140386699830848] INFO perfrun.itt <> - start itt controller for pid #1204035
1444 [140386699830848] INFO perfrun.tpss <> - start tpss controller for pid #1204035
1494 [140386853451584] INFO perfrun.launcher <> - Launcher: all plugins were started
1494 [140386853451584] INFO perfrun.launcher <> - DirectoryMonitor object was created
1494 [140386853451584] INFO perfrun.launcher <> - DirectoryMonitor: a callback was added
1494 [140386853451584] INFO perfrun.launcher <> - DirectoryMonitor was started with pingTime = 1000
1494 [140386853451584] INFO perfrun.launcher <> - DeadlineTimer is going to be constructed
1494 [140386853451584] INFO perfrun.launcher <> - DeadlineTimer: a callback was added
1497 [140386853451584] INFO perfrun.launcher <> - Launcher: resume the profiled application and  wait its termination or stop command
2488 [140386853451584] INFO perfrun.launcher <> - Launcher: the profiled application was terminated  with exit code = 0
2520 [140386699830848] INFO perfrun.itt <> - detach itt controller
2520 [140386699830848] INFO perfrun.itt <> - detach itt controller done
2520 [140386699830848] INFO perfrun.tpss <> - stop tpss controller
2521 [140386699830848] INFO perfrun.sdk <> - De-allocating TMU: /tmp/amplxe-tmp-lyt/amplxe-res-1204030-33490080142818807/data.0/systemcollector-1204030-hepnode1.sc
2521 [140386699830848] INFO perfrun.system <> - closed the system trace file: /tmp/amplxe-tmp-lyt/amplxe-res-1204030-33490080142818807/data.0/systemcollector-1204030-hepnode1.sc
2521 [140386853451584] INFO perfrun.launcher <> - Launcher: all plugins were stopped.
2521 [140386853451584] INFO perfrun.launcher <> - DeadlineTimer is going to be destroyed
2521 [140386853451584] INFO perfrun.launcher <> - DeadlineTimer was destroyed
2521 [140386853451584] INFO perfrun.launcher <> - DirectoryMonitor object was destroyed
2521 [140386853451584] WARN perfrun.launcher <> - Stop command is ignored because it is received when collection is already stopped, at file: vcs/perfrun1/launcher/src/command_handler.cpp:226
2587 [140386853451584] INFO perfrun.launcher <> - Application exit code: 0
2587 [140386853451584] INFO perfrun.launcher <> - Exit code: 0
