
 Performance counter stats for './winograd conf/vgg16.conf':

        502,061.97 msec task-clock                #   30.753 CPUs utilized          
             9,549      context-switches          #   19.020 /sec                   
               258      cpu-migrations            #    0.514 /sec                   
        22,081,603      page-faults               #   43.982 K/sec                  
 1,281,082,014,384      cycles                    #    2.552 GHz                      (38.45%)
 1,506,109,168,053      instructions              #    1.18  insn per cycle           (46.14%)
   222,873,711,399      branches                  #  443.917 M/sec                    (53.85%)
       289,292,380      branch-misses             #    0.13% of all branches          (61.54%)
 6,407,429,701,046      slots                     #   12.762 G/sec                    (69.24%)
   346,730,355,360      topdown-retiring          #      5.1% retiring                (69.24%)
 3,761,619,225,103      topdown-bad-spec          #     55.5% bad speculation         (69.24%)
     8,247,123,883      topdown-fe-bound          #      0.1% frontend bound          (69.24%)
 2,658,749,544,191      topdown-be-bound          #     39.2% backend bound           (69.24%)
   433,296,488,293      L1-dcache-loads           #  863.034 M/sec                    (69.24%)
   107,742,493,527      L1-dcache-load-misses     #   24.87% of all L1-dcache accesses  (69.22%)
       664,087,251      LLC-loads                 #    1.323 M/sec                    (69.24%)
       466,489,560      LLC-load-misses           #   70.25% of all LL-cache accesses  (69.28%)
   <not supported>      L1-icache-loads                                             
       275,667,173      L1-icache-load-misses                                         (30.78%)
   433,451,232,176      dTLB-loads                #  863.342 M/sec                    (30.82%)
        83,951,183      dTLB-load-misses          #    0.02% of all dTLB cache accesses  (30.80%)
   <not supported>      iTLB-loads                                                  
         1,179,072      iTLB-load-misses                                              (30.77%)
   <not supported>      L1-dcache-prefetches                                        
   <not supported>      L1-dcache-prefetch-misses                                   

      16.325581313 seconds time elapsed

     370.348569000 seconds user
     131.733839000 seconds sys


