
 Performance counter stats for './winograd conf/small.conf':

          2,913.78 msec task-clock                #   13.687 CPUs utilized          
               100      context-switches          #   34.320 /sec                   
                 0      cpu-migrations            #    0.000 /sec                   
           286,866      page-faults               #   98.451 K/sec                  
     6,617,887,657      cycles                    #    2.271 GHz                      (39.78%)
     7,947,082,676      instructions              #    1.20  insn per cycle           (48.49%)
     1,027,879,502      branches                  #  352.765 M/sec                    (56.83%)
         2,026,366      branch-misses             #    0.20% of all branches          (64.81%)
    35,914,635,888      slots                     #   12.326 G/sec                    (72.46%)
     7,087,456,107      topdown-retiring          #     19.5% retiring                (72.46%)
     3,938,953,818      topdown-bad-spec          #     10.9% bad speculation         (72.46%)
     1,014,091,288      topdown-fe-bound          #      2.8% frontend bound          (72.46%)
    24,213,075,853      topdown-be-bound          #     66.8% backend bound           (72.46%)
     1,907,981,750      L1-dcache-loads           #  654.813 M/sec                    (73.26%)
       421,081,917      L1-dcache-load-misses     #   22.07% of all L1-dcache accesses  (73.41%)
         4,392,012      LLC-loads                 #    1.507 M/sec                    (73.36%)
         1,024,400      LLC-load-misses           #   23.32% of all LL-cache accesses  (73.35%)
   <not supported>      L1-icache-loads                                             
         4,016,317      L1-icache-load-misses                                         (27.09%)
     2,086,069,065      dTLB-loads                #  715.932 M/sec                    (26.61%)
           571,232      dTLB-load-misses          #    0.03% of all dTLB cache accesses  (30.90%)
   <not supported>      iTLB-loads                                                  
            12,111      iTLB-load-misses                                              (30.57%)
   <not supported>      L1-dcache-prefetches                                        
   <not supported>      L1-dcache-prefetch-misses                                   

       0.212888606 seconds time elapsed

       1.877860000 seconds user
       1.037027000 seconds sys


