cuBLAS error at winograd.cc:86 - code: 1
CUDA error at winograd.cc:74 - driver shutting down
CUDA error at winograd.cc:72 - driver shutting down
CUDA error at winograd.cc:73 - driver shutting down
CUDA error at winograd.cc:72 - driver shutting down
./winograd: Segmentation fault

 Performance counter stats for './winograd conf/small.conf':

            667.34 msec task-clock                #    2.225 CPUs utilized          
               443      context-switches          #  663.828 /sec                   
                 5      cpu-migrations            #    7.492 /sec                   
             4,716      page-faults               #    7.067 K/sec                  
       343,159,816      cycles                    #    0.514 GHz                      (35.69%)
       347,984,418      instructions              #    1.01  insn per cycle           (67.41%)
        96,620,617      branches                  #  144.784 M/sec                    (83.16%)
           326,388      branch-misses             #    0.34% of all branches          (89.41%)
     5,835,531,475      slots                     #    8.744 G/sec                    (92.31%)
       635,512,762      topdown-retiring          #     10.7% retiring                (92.31%)
       293,488,761      topdown-bad-spec          #      5.0% bad speculation         (92.31%)
       209,373,094      topdown-fe-bound          #      3.5% frontend bound          (92.31%)
     4,779,559,190      topdown-be-bound          #     80.8% backend bound           (92.31%)
       112,080,620      L1-dcache-loads           #  167.951 M/sec                    (92.84%)
         6,687,030      L1-dcache-load-misses     #    5.97% of all L1-dcache accesses  (92.89%)
           629,142      LLC-loads                 #  942.759 K/sec                    (92.93%)
           389,989      LLC-load-misses           #   61.99% of all LL-cache accesses  (92.89%)
   <not supported>      L1-icache-loads                                             
        10,672,936      L1-icache-load-misses                                         (7.19%)
        92,231,913      dTLB-loads                #  138.208 M/sec                    (28.83%)
            88,998      dTLB-load-misses          #    0.10% of all dTLB cache accesses  (28.15%)
   <not supported>      iTLB-loads                                                  
            25,478      iTLB-load-misses                                              (27.63%)
   <not supported>      L1-dcache-prefetches                                        
   <not supported>      L1-dcache-prefetch-misses                                   

       0.299914672 seconds time elapsed

       0.497137000 seconds user
       0.173997000 seconds sys


