cuBLAS error at winograd.cc:86 - code: 1
CUDA error at winograd.cc:77 - driver shutting down
CUDA error at winograd.cc:72 - driver shutting down
CUDA error at winograd.cc:72 - driver shutting down
CUDA error at winograd.cc:72 - driver shutting down
CUDA error at winograd.cc:72 - driver shutting down
CUDA error at winograd.cc:78 - driver shutting down
CUDA error at winograd.cc:73 - driver shutting down
CUDA error at winograd.cc:73 - driver shutting down
./winograd: Segmentation fault

 Performance counter stats for './winograd conf/small.conf':

            673.97 msec task-clock                #    2.500 CPUs utilized          
               497      context-switches          #  737.419 /sec                   
                 5      cpu-migrations            #    7.419 /sec                   
             4,919      page-faults               #    7.299 K/sec                  
       374,303,443      cycles                    #    0.555 GHz                      (27.97%)
       436,006,668      instructions              #    1.16  insn per cycle           (38.62%)
        73,649,158      branches                  #  109.276 M/sec                    (75.68%)
           249,226      branch-misses             #    0.34% of all branches          (87.20%)
     5,807,367,181      slots                     #    8.617 G/sec                    (91.54%)
       564,276,792      topdown-retiring          #      9.5% retiring                (91.54%)
       449,074,293      topdown-bad-spec          #      7.5% bad speculation         (91.54%)
       162,008,356      topdown-fe-bound          #      2.7% frontend bound          (91.54%)
     4,791,468,807      topdown-be-bound          #     80.3% backend bound           (91.54%)
       100,171,635      L1-dcache-loads           #  148.629 M/sec                    (92.39%)
         5,761,807      L1-dcache-load-misses     #    5.75% of all L1-dcache accesses  (95.42%)
           574,941      LLC-loads                 #  853.063 K/sec                    (95.55%)
           342,864      LLC-load-misses           #   59.63% of all LL-cache accesses  (95.32%)
   <not supported>      L1-icache-loads                                             
        12,055,879      L1-icache-load-misses                                         (7.64%)
       125,684,380      dTLB-loads                #  186.483 M/sec                    (30.08%)
           115,496      dTLB-load-misses          #    0.09% of all dTLB cache accesses  (22.18%)
   <not supported>      iTLB-loads                                                  
            42,497      iTLB-load-misses                                              (20.78%)
   <not supported>      L1-dcache-prefetches                                        
   <not supported>      L1-dcache-prefetch-misses                                   

       0.269599375 seconds time elapsed

       0.463479000 seconds user
       0.217904000 seconds sys


