cuBLAS error at winograd.cc:86 - code: 1

 Performance counter stats for './winograd conf/small.conf':

          3,102.12 msec task-clock                #   12.401 CPUs utilized          
               267      context-switches          #   86.070 /sec                   
                 9      cpu-migrations            #    2.901 /sec                   
            22,460      page-faults               #    7.240 K/sec                  
     4,186,684,586      cycles                    #    1.350 GHz                      (44.62%)
     1,102,268,838      instructions              #    0.26  insn per cycle           (53.72%)
       302,005,405      branches                  #   97.354 M/sec                    (61.86%)
           369,398      branch-misses             #    0.12% of all branches          (69.04%)
    29,708,297,520      slots                     #    9.577 G/sec                    (75.54%)
     2,294,200,519      topdown-retiring          #      7.7% retiring                (75.54%)
       772,195,558      topdown-bad-spec          #      2.6% bad speculation         (75.54%)
       233,252,664      topdown-fe-bound          #      0.8% frontend bound          (75.54%)
    26,575,156,674      topdown-be-bound          #     89.0% backend bound           (75.54%)
       244,775,244      L1-dcache-loads           #   78.906 M/sec                    (78.58%)
         7,605,891      L1-dcache-load-misses     #    3.11% of all L1-dcache accesses  (90.24%)
           715,887      LLC-loads                 #  230.773 K/sec                    (86.49%)
           573,757      LLC-load-misses           #   80.15% of all LL-cache accesses  (79.48%)
   <not supported>      L1-icache-loads                                             
         5,381,536      L1-icache-load-misses                                         (28.65%)
       314,877,351      dTLB-loads                #  101.504 M/sec                    (22.37%)
           146,094      dTLB-load-misses          #    0.05% of all dTLB cache accesses  (30.30%)
   <not supported>      iTLB-loads                                                  
            37,934      iTLB-load-misses                                              (31.62%)
   <not supported>      L1-dcache-prefetches                                        
   <not supported>      L1-dcache-prefetch-misses                                   

       0.250147967 seconds time elapsed

       2.904514000 seconds user
       0.201422000 seconds sys


