./winograd: error while loading shared libraries: libcudart.so.11.0: cannot open shared object file: No such file or directory

 Performance counter stats for './winograd conf/small.conf':

              0.40 msec task-clock                #    0.394 CPUs utilized          
                 1      context-switches          #    2.513 K/sec                  
                 0      cpu-migrations            #    0.000 /sec                   
                20      page-faults               #   50.256 K/sec                  
           767,873      cycles                    #    1.930 GHz                    
         1,190,340      instructions              #    1.55  insn per cycle         
           238,534      branches                  #  599.393 M/sec                  
             3,297      branch-misses             #    1.38% of all branches        
         3,839,365      slots                     #    9.648 G/sec                  
         1,313,835      topdown-retiring          #     34.2% retiring              
           316,183      topdown-bad-spec          #      8.2% bad speculation       
         1,626,084      topdown-fe-bound          #     42.3% frontend bound        
           590,487      topdown-be-bound          #     15.4% backend bound         
           315,962      L1-dcache-loads           #  793.956 M/sec                  
             7,091      L1-dcache-load-misses     #    2.24% of all L1-dcache accesses
             1,187      LLC-loads                 #    2.983 M/sec                  
               574      LLC-load-misses           #   48.36% of all LL-cache accesses
   <not supported>      L1-icache-loads                                             
     <not counted>      L1-icache-load-misses                                         (0.00%)
     <not counted>      dTLB-loads                                                    (0.00%)
     <not counted>      dTLB-load-misses                                              (0.00%)
   <not supported>      iTLB-loads                                                  
     <not counted>      iTLB-load-misses                                              (0.00%)
   <not supported>      L1-dcache-prefetches                                        
   <not supported>      L1-dcache-prefetch-misses                                   

       0.001009757 seconds time elapsed

       0.000879000 seconds user
       0.000000000 seconds sys


Some events weren't counted. Try disabling the NMI watchdog:
	echo 0 > /proc/sys/kernel/nmi_watchdog
	perf stat ...
	echo 1 > /proc/sys/kernel/nmi_watchdog
