
 Performance counter stats for './winograd conf/small.conf':

          3,090.47 msec task-clock                #   13.677 CPUs utilized          
               373      context-switches          #  120.694 /sec                   
                 0      cpu-migrations            #    0.000 /sec                   
           285,093      page-faults               #   92.249 K/sec                  
     6,925,779,336      cycles                    #    2.241 GHz                      (34.62%)
     6,459,188,866      instructions              #    0.93  insn per cycle           (41.77%)
       872,195,314      branches                  #  282.221 M/sec                    (50.17%)
           863,211      branch-misses             #    0.10% of all branches          (58.57%)
    34,871,427,082      slots                     #   11.284 G/sec                    (66.89%)
     7,161,790,857      topdown-retiring          #     19.2% retiring                (66.89%)
     5,771,758,545      topdown-bad-spec          #     15.5% bad speculation         (66.89%)
       859,683,707      topdown-fe-bound          #      2.3% frontend bound          (66.89%)
    23,466,593,564      topdown-be-bound          #     63.0% backend bound           (66.89%)
     2,091,717,184      L1-dcache-loads           #  676.828 M/sec                    (66.90%)
       394,211,340      L1-dcache-load-misses     #   18.85% of all L1-dcache accesses  (67.67%)
         4,801,867      LLC-loads                 #    1.554 M/sec                    (73.57%)
         1,288,899      LLC-load-misses           #   26.84% of all LL-cache accesses  (74.11%)
   <not supported>      L1-icache-loads                                             
         1,182,460      L1-icache-load-misses                                         (33.49%)
     1,634,014,202      dTLB-loads                #  528.727 M/sec                    (32.33%)
           221,038      dTLB-load-misses          #    0.01% of all dTLB cache accesses  (30.15%)
   <not supported>      iTLB-loads                                                  
            88,025      iTLB-load-misses                                              (28.20%)
   <not supported>      L1-dcache-prefetches                                        
   <not supported>      L1-dcache-prefetch-misses                                   

       0.225955249 seconds time elapsed

       2.187609000 seconds user
       0.904530000 seconds sys


