
 Performance counter stats for './winograd conf/vgg16.conf':

        403,472.21 msec task-clock                #   12.041 CPUs utilized          
            65,003      context-switches          #  161.109 /sec                   
             8,980      cpu-migrations            #   22.257 /sec                   
        29,972,568      page-faults               #   74.287 K/sec                  
 1,007,988,887,347      cycles                    #    2.498 GHz                      (39.37%)
 1,870,573,059,720      instructions              #    1.86  insn per cycle           (46.97%)
   259,013,326,985      branches                  #  641.961 M/sec                    (54.53%)
       120,730,766      branch-misses             #    0.05% of all branches          (62.06%)
 5,132,039,364,912      slots                     #   12.720 G/sec                    (69.54%)
 1,334,715,010,503      topdown-retiring          #     22.6% retiring                (69.54%)
 2,378,125,886,057      topdown-bad-spec          #     40.2% bad speculation         (69.54%)
   230,820,126,582      topdown-fe-bound          #      3.9% frontend bound          (69.54%)
 1,972,309,378,669      topdown-be-bound          #     33.3% backend bound           (69.54%)
   530,246,950,583      L1-dcache-loads           #    1.314 G/sec                    (69.36%)
    85,465,811,035      L1-dcache-load-misses     #   16.12% of all L1-dcache accesses  (69.36%)
       712,139,756      LLC-loads                 #    1.765 M/sec                    (69.40%)
       298,282,670      LLC-load-misses           #   41.89% of all LL-cache accesses  (69.55%)
   <not supported>      L1-icache-loads                                             
       130,329,429      L1-icache-load-misses                                         (31.07%)
   520,265,302,954      dTLB-loads                #    1.289 G/sec                    (31.65%)
        38,117,934      dTLB-load-misses          #    0.01% of all dTLB cache accesses  (31.61%)
   <not supported>      iTLB-loads                                                  
        21,056,068      iTLB-load-misses                                              (31.52%)
   <not supported>      L1-dcache-prefetches                                        
   <not supported>      L1-dcache-prefetch-misses                                   

      33.507483958 seconds time elapsed

     315.434809000 seconds user
      87.862424000 seconds sys


