
 Performance counter stats for './winograd conf/vgg16.conf':

        494,030.93 msec task-clock                #   29.819 CPUs utilized          
            26,118      context-switches          #   52.867 /sec                   
               168      cpu-migrations            #    0.340 /sec                   
        22,165,702      page-faults               #   44.867 K/sec                  
 1,215,218,057,041      cycles                    #    2.460 GHz                      (39.54%)
 1,468,055,318,939      instructions              #    1.21  insn per cycle           (47.24%)
   217,282,911,702      branches                  #  439.816 M/sec                    (54.87%)
       287,337,336      branch-misses             #    0.13% of all branches          (62.44%)
 6,229,081,454,380      slots                     #   12.609 G/sec                    (70.01%)
   818,525,100,707      topdown-retiring          #     12.5% retiring                (70.01%)
 2,245,287,718,885      topdown-bad-spec          #     34.4% bad speculation         (70.01%)
    56,946,243,011      topdown-fe-bound          #      0.9% frontend bound          (70.01%)
 3,409,706,310,249      topdown-be-bound          #     52.2% backend bound           (70.01%)
   440,607,971,027      L1-dcache-loads           #  891.863 M/sec                    (69.88%)
   107,126,025,763      L1-dcache-load-misses     #   24.31% of all L1-dcache accesses  (70.04%)
       640,583,981      LLC-loads                 #    1.297 M/sec                    (69.88%)
       448,902,572      LLC-load-misses           #   70.08% of all LL-cache accesses  (69.74%)
   <not supported>      L1-icache-loads                                             
       378,937,660      L1-icache-load-misses                                         (30.70%)
   440,817,043,038      dTLB-loads                #  892.286 M/sec                    (31.19%)
        77,925,170      dTLB-load-misses          #    0.02% of all dTLB cache accesses  (31.24%)
   <not supported>      iTLB-loads                                                  
         1,365,585      iTLB-load-misses                                              (31.44%)
   <not supported>      L1-dcache-prefetches                                        
   <not supported>      L1-dcache-prefetch-misses                                   

      16.567612691 seconds time elapsed

     370.548292000 seconds user
     123.599750000 seconds sys


