
 Performance counter stats for './winograd conf/vgg16.conf':

        516,139.00 msec task-clock                #   19.313 CPUs utilized          
            35,378      context-switches          #   68.544 /sec                   
                78      cpu-migrations            #    0.151 /sec                   
        30,177,887      page-faults               #   58.469 K/sec                  
 1,244,772,498,432      cycles                    #    2.412 GHz                      (40.08%)
 1,431,941,833,204      instructions              #    1.15  insn per cycle           (47.65%)
   217,560,797,773      branches                  #  421.516 M/sec                    (55.20%)
       311,508,744      branch-misses             #    0.14% of all branches          (62.68%)
 6,447,581,278,977      slots                     #   12.492 G/sec                    (70.13%)
   446,467,021,145      topdown-retiring          #      6.4% retiring                (70.13%)
 3,942,262,869,834      topdown-bad-spec          #     56.8% bad speculation         (70.13%)
    51,053,764,767      topdown-fe-bound          #      0.7% frontend bound          (70.13%)
 2,506,069,855,644      topdown-be-bound          #     36.1% backend bound           (70.13%)
   438,571,159,367      L1-dcache-loads           #  849.715 M/sec                    (69.83%)
   105,265,407,516      L1-dcache-load-misses     #   24.00% of all L1-dcache accesses  (70.12%)
       732,425,623      LLC-loads                 #    1.419 M/sec                    (70.02%)
       494,731,565      LLC-load-misses           #   67.55% of all LL-cache accesses  (69.93%)
   <not supported>      L1-icache-loads                                             
       497,922,058      L1-icache-load-misses                                         (31.07%)
   423,650,616,200      dTLB-loads                #  820.807 M/sec                    (32.17%)
        79,607,368      dTLB-load-misses          #    0.02% of all dTLB cache accesses  (32.19%)
   <not supported>      iTLB-loads                                                  
         1,648,516      iTLB-load-misses                                              (32.10%)
   <not supported>      L1-dcache-prefetches                                        
   <not supported>      L1-dcache-prefetch-misses                                   

      26.725431616 seconds time elapsed

     345.448746000 seconds user
     170.891922000 seconds sys


