cuBLAS error at winograd.cc:86 - code: 1
CUDA error at winograd.cc:73 - driver shutting down
CUDA error at winograd.cc:72 - driver shutting down
CUDA error at winograd.cc:72 - driver shutting down
CUDA error at winograd.cc:72 - driver shutting down
CUDA error at winograd.cc:73 - driver shutting down
CUDA error at winograd.cc:72 - driver shutting down
./winograd: Segmentation fault

 Performance counter stats for './winograd conf/small.conf':

            696.35 msec task-clock                #    2.412 CPUs utilized          
               524      context-switches          #  752.491 /sec                   
                 5      cpu-migrations            #    7.180 /sec                   
             4,760      page-faults               #    6.836 K/sec                  
       353,933,313      cycles                    #    0.508 GHz                      (35.85%)
       434,945,849      instructions              #    1.23  insn per cycle           (45.40%)
        82,867,545      branches                  #  119.002 M/sec                    (72.67%)
           254,161      branch-misses             #    0.31% of all branches          (84.93%)
     5,190,213,201      slots                     #    7.453 G/sec                    (91.15%)
       575,062,871      topdown-retiring          #     10.8% retiring                (91.15%)
       330,203,789      topdown-bad-spec          #      6.2% bad speculation         (91.15%)
       206,289,805      topdown-fe-bound          #      3.9% frontend bound          (91.15%)
     4,197,821,943      topdown-be-bound          #     79.1% backend bound           (91.15%)
       114,245,773      L1-dcache-loads           #  164.063 M/sec                    (93.09%)
         6,598,505      L1-dcache-load-misses     #    5.78% of all L1-dcache accesses  (93.14%)
           625,702      LLC-loads                 #  898.540 K/sec                    (93.23%)
           405,988      LLC-load-misses           #   64.89% of all LL-cache accesses  (93.24%)
   <not supported>      L1-icache-loads                                             
        12,855,104      L1-icache-load-misses                                         (6.94%)
        93,789,858      dTLB-loads                #  134.687 M/sec                    (29.39%)
            69,623      dTLB-load-misses          #    0.07% of all dTLB cache accesses  (28.28%)
   <not supported>      iTLB-loads                                                  
            26,545      iTLB-load-misses                                              (27.67%)
   <not supported>      L1-dcache-prefetches                                        
   <not supported>      L1-dcache-prefetch-misses                                   

       0.288730277 seconds time elapsed

       0.534568000 seconds user
       0.169587000 seconds sys


