
 Performance counter stats for './winograd conf/small.conf':

          7,687.85 msec task-clock                #   10.946 CPUs utilized          
            11,835      context-switches          #    1.539 K/sec                  
             3,157      cpu-migrations            #  410.648 /sec                   
           294,692      page-faults               #   38.332 K/sec                  
    10,981,451,466      cycles                    #    1.428 GHz                      (56.51%)
     6,448,955,343      instructions              #    0.59  insn per cycle           (62.26%)
     1,091,063,796      branches                  #  141.920 M/sec                    (66.75%)
         1,356,615      branch-misses             #    0.12% of all branches          (71.03%)
    75,868,635,504      slots                     #    9.869 G/sec                    (75.79%)
     9,498,096,635      topdown-retiring          #     12.3% retiring                (75.79%)
     3,605,901,407      topdown-bad-spec          #      4.7% bad speculation         (75.79%)
     1,456,046,930      topdown-fe-bound          #      1.9% frontend bound          (75.79%)
    62,576,011,387      topdown-be-bound          #     81.1% backend bound           (75.79%)
     1,899,817,878      L1-dcache-loads           #  247.119 M/sec                    (71.75%)
       339,462,259      L1-dcache-load-misses     #   17.87% of all L1-dcache accesses  (73.20%)
         6,516,713      LLC-loads                 #  847.664 K/sec                    (75.84%)
         1,923,446      LLC-load-misses           #   29.52% of all LL-cache accesses  (77.08%)
   <not supported>      L1-icache-loads                                             
        13,885,679      L1-icache-load-misses                                         (36.95%)
     1,904,443,696      dTLB-loads                #  247.721 M/sec                    (52.08%)
           394,709      dTLB-load-misses          #    0.02% of all dTLB cache accesses  (46.14%)
   <not supported>      iTLB-loads                                                  
           178,697      iTLB-load-misses                                              (42.77%)
   <not supported>      L1-dcache-prefetches                                        
   <not supported>      L1-dcache-prefetch-misses                                   

       0.702313902 seconds time elapsed

       6.671331000 seconds user
       1.058685000 seconds sys


