
 Performance counter stats for './winograd conf/vgg16.conf':

        516,117.45 msec task-clock                #   31.408 CPUs utilized          
             9,604      context-switches          #   18.608 /sec                   
               293      cpu-migrations            #    0.568 /sec                   
        22,101,093      page-faults               #   42.822 K/sec                  
 1,318,080,174,280      cycles                    #    2.554 GHz                      (38.43%)
 1,510,645,446,828      instructions              #    1.15  insn per cycle           (46.14%)
   223,873,436,319      branches                  #  433.765 M/sec                    (53.83%)
       290,253,532      branch-misses             #    0.13% of all branches          (61.54%)
 6,595,510,262,803      slots                     #   12.779 G/sec                    (69.23%)
   342,753,965,954      topdown-retiring          #      4.9% retiring                (69.23%)
 3,867,612,020,552      topdown-bad-spec          #     55.1% bad speculation         (69.23%)
     3,191,334,885      topdown-fe-bound          #      0.0% frontend bound          (69.23%)
 2,811,956,647,221      topdown-be-bound          #     40.0% backend bound           (69.23%)
   435,767,298,601      L1-dcache-loads           #  844.318 M/sec                    (69.25%)
   108,035,174,435      L1-dcache-load-misses     #   24.79% of all L1-dcache accesses  (69.28%)
       660,546,535      LLC-loads                 #    1.280 M/sec                    (69.29%)
       465,199,254      LLC-load-misses           #   70.43% of all LL-cache accesses  (69.32%)
   <not supported>      L1-icache-loads                                             
       279,350,381      L1-icache-load-misses                                         (30.76%)
   430,104,732,652      dTLB-loads                #  833.347 M/sec                    (30.77%)
        82,545,352      dTLB-load-misses          #    0.02% of all dTLB cache accesses  (30.76%)
   <not supported>      iTLB-loads                                                  
         1,164,517      iTLB-load-misses                                              (30.73%)
   <not supported>      L1-dcache-prefetches                                        
   <not supported>      L1-dcache-prefetch-misses                                   

      16.432604392 seconds time elapsed

     381.719694000 seconds user
     134.418865000 seconds sys


