
 Performance counter stats for './winograd conf/vgg16.conf':

        393,430.71 msec task-clock                #   12.082 CPUs utilized          
             2,337      context-switches          #    5.940 /sec                   
                 0      cpu-migrations            #    0.000 /sec                   
        29,845,718      page-faults               #   75.860 K/sec                  
 1,017,500,391,982      cycles                    #    2.586 GHz                      (38.45%)
 1,901,148,908,761      instructions              #    1.87  insn per cycle           (46.15%)
   261,607,919,868      branches                  #  664.940 M/sec                    (53.84%)
       115,849,521      branch-misses             #    0.04% of all branches          (61.54%)
 5,089,251,216,212      slots                     #   12.936 G/sec                    (69.24%)
   370,955,087,284      topdown-retiring          #      7.0% retiring                (69.24%)
 3,354,025,835,131      topdown-bad-spec          #     63.2% bad speculation         (69.24%)
    19,583,095,138      topdown-fe-bound          #      0.4% frontend bound          (69.24%)
 1,564,995,543,721      topdown-be-bound          #     29.5% backend bound           (69.24%)
   531,953,970,629      L1-dcache-loads           #    1.352 G/sec                    (69.24%)
    85,571,842,977      L1-dcache-load-misses     #   16.09% of all L1-dcache accesses  (69.25%)
       712,297,560      LLC-loads                 #    1.810 M/sec                    (69.25%)
       310,741,538      LLC-load-misses           #   43.63% of all LL-cache accesses  (69.26%)
   <not supported>      L1-icache-loads                                             
       442,512,849      L1-icache-load-misses                                         (30.77%)
   532,583,126,382      dTLB-loads                #    1.354 G/sec                    (30.77%)
        50,952,743      dTLB-load-misses          #    0.01% of all dTLB cache accesses  (30.77%)
   <not supported>      iTLB-loads                                                  
           785,532      iTLB-load-misses                                              (30.76%)
   <not supported>      L1-dcache-prefetches                                        
   <not supported>      L1-dcache-prefetch-misses                                   

      32.562830588 seconds time elapsed

     304.088508000 seconds user
      89.346747000 seconds sys


