
 Performance counter stats for './winograd conf/vgg16.conf':

        479,068.84 msec task-clock                #   28.204 CPUs utilized          
            43,744      context-switches          #   91.310 /sec                   
                77      cpu-migrations            #    0.161 /sec                   
        22,046,322      page-faults               #   46.019 K/sec                  
 1,137,960,146,594      cycles                    #    2.375 GHz                      (40.49%)
 1,437,340,280,974      instructions              #    1.26  insn per cycle           (48.11%)
   211,385,269,122      branches                  #  441.242 M/sec                    (55.51%)
       281,802,081      branch-misses             #    0.13% of all branches          (62.83%)
 5,941,678,288,091      slots                     #   12.403 G/sec                    (70.17%)
   815,666,114,175      topdown-retiring          #     12.9% retiring                (70.17%)
 2,524,505,384,631      topdown-bad-spec          #     40.1% bad speculation         (70.17%)
    83,151,511,733      topdown-fe-bound          #      1.3% frontend bound          (70.17%)
 2,876,532,835,606      topdown-be-bound          #     45.7% backend bound           (70.17%)
   447,460,643,266      L1-dcache-loads           #  934.022 M/sec                    (69.73%)
   106,494,804,492      L1-dcache-load-misses     #   23.80% of all L1-dcache accesses  (69.64%)
       616,696,253      LLC-loads                 #    1.287 M/sec                    (69.93%)
       431,527,694      LLC-load-misses           #   69.97% of all LL-cache accesses  (70.14%)
   <not supported>      L1-icache-loads                                             
       427,910,544      L1-icache-load-misses                                         (31.18%)
   434,738,247,348      dTLB-loads                #  907.465 M/sec                    (32.74%)
        78,194,902      dTLB-load-misses          #    0.02% of all dTLB cache accesses  (32.59%)
   <not supported>      iTLB-loads                                                  
         1,525,890      iTLB-load-misses                                              (32.27%)
   <not supported>      L1-dcache-prefetches                                        
   <not supported>      L1-dcache-prefetch-misses                                   

      16.985926835 seconds time elapsed

     371.265082000 seconds user
     108.023794000 seconds sys


