
 Performance counter stats for './winograd conf/vgg16.conf':

        507,623.41 msec task-clock                #    4.969 CPUs utilized          
            28,325      context-switches          #   55.799 /sec                   
                70      cpu-migrations            #    0.138 /sec                   
        30,009,124      page-faults               #   59.117 K/sec                  
 1,171,605,868,262      cycles                    #    2.308 GHz                      (41.40%)
 1,393,612,883,264      instructions              #    1.19  insn per cycle           (48.90%)
   212,650,352,379      branches                  #  418.914 M/sec                    (56.29%)
       308,438,472      branch-misses             #    0.15% of all branches          (63.56%)
 6,202,128,600,031      slots                     #   12.218 G/sec                    (70.78%)
   556,681,759,328      topdown-retiring          #      8.8% retiring                (70.78%)
 2,268,941,206,318      topdown-bad-spec          #     35.8% bad speculation         (70.78%)
    87,757,968,124      topdown-fe-bound          #      1.4% frontend bound          (70.78%)
 3,432,487,204,736      topdown-be-bound          #     54.1% backend bound           (70.78%)
   436,012,465,202      L1-dcache-loads           #  858.929 M/sec                    (70.16%)
   104,404,450,390      L1-dcache-load-misses     #   23.95% of all L1-dcache accesses  (70.34%)
       705,937,580      LLC-loads                 #    1.391 M/sec                    (70.32%)
       457,284,259      LLC-load-misses           #   64.78% of all LL-cache accesses  (70.34%)
   <not supported>      L1-icache-loads                                             
       500,726,016      L1-icache-load-misses                                         (31.04%)
   409,449,914,742      dTLB-loads                #  806.602 M/sec                    (33.31%)
        76,311,393      dTLB-load-misses          #    0.02% of all dTLB cache accesses  (33.25%)
   <not supported>      iTLB-loads                                                  
         1,447,283      iTLB-load-misses                                              (33.05%)
   <not supported>      L1-dcache-prefetches                                        
   <not supported>      L1-dcache-prefetch-misses                                   

     102.154586279 seconds time elapsed

     338.771198000 seconds user
     169.097535000 seconds sys


