
 Performance counter stats for './winograd conf/vgg16.conf':

        520,076.88 msec task-clock                #   19.331 CPUs utilized          
            36,593      context-switches          #   70.361 /sec                   
               127      cpu-migrations            #    0.244 /sec                   
        30,059,608      page-faults               #   57.798 K/sec                  
 1,246,986,627,920      cycles                    #    2.398 GHz                      (40.30%)
 1,423,938,794,895      instructions              #    1.14  insn per cycle           (48.03%)
   216,406,983,547      branches                  #  416.106 M/sec                    (55.66%)
       307,668,111      branch-misses             #    0.14% of all branches          (63.15%)
 6,473,370,904,527      slots                     #   12.447 G/sec                    (70.57%)
   444,656,018,865      topdown-retiring          #      6.3% retiring                (70.57%)
 3,982,866,767,361      topdown-bad-spec          #     56.8% bad speculation         (70.57%)
    49,741,128,431      topdown-fe-bound          #      0.7% frontend bound          (70.57%)
 2,530,725,145,326      topdown-be-bound          #     36.1% backend bound           (70.57%)
   435,942,792,960      L1-dcache-loads           #  838.228 M/sec                    (70.21%)
   105,474,936,728      L1-dcache-load-misses     #   24.19% of all L1-dcache accesses  (70.17%)
       735,493,774      LLC-loads                 #    1.414 M/sec                    (70.32%)
       494,512,763      LLC-load-misses           #   67.24% of all LL-cache accesses  (70.07%)
   <not supported>      L1-icache-loads                                             
       501,594,345      L1-icache-load-misses                                         (30.74%)
   426,049,902,602      dTLB-loads                #  819.206 M/sec                    (31.96%)
        81,032,280      dTLB-load-misses          #    0.02% of all dTLB cache accesses  (31.80%)
   <not supported>      iTLB-loads                                                  
         1,632,502      iTLB-load-misses                                              (32.05%)
   <not supported>      L1-dcache-prefetches                                        
   <not supported>      L1-dcache-prefetch-misses                                   

      26.903678094 seconds time elapsed

     348.196524000 seconds user
     172.081510000 seconds sys


