
 Performance counter stats for './winograd conf/vgg16.conf':

        544,199.63 msec task-clock                #   23.468 CPUs utilized          
            46,124      context-switches          #   84.756 /sec                   
               189      cpu-migrations            #    0.347 /sec                   
        29,977,424      page-faults               #   55.085 K/sec                  
 1,278,035,208,058      cycles                    #    2.348 GHz                      (40.64%)
 1,430,236,144,235      instructions              #    1.12  insn per cycle           (48.29%)
   218,321,099,412      branches                  #  401.178 M/sec                    (55.83%)
       311,955,923      branch-misses             #    0.14% of all branches          (63.22%)
 6,656,328,659,995      slots                     #   12.231 G/sec                    (70.54%)
   921,167,521,787      topdown-retiring          #     13.1% retiring                (70.54%)
 2,311,295,223,382      topdown-bad-spec          #     32.8% bad speculation         (70.54%)
    76,600,638,258      topdown-fe-bound          #      1.1% frontend bound          (70.54%)
 3,729,756,547,795      topdown-be-bound          #     53.0% backend bound           (70.54%)
   439,098,209,047      L1-dcache-loads           #  806.870 M/sec                    (70.14%)
   106,337,955,611      L1-dcache-load-misses     #   24.22% of all L1-dcache accesses  (70.01%)
       744,086,062      LLC-loads                 #    1.367 M/sec                    (69.83%)
       508,778,018      LLC-load-misses           #   68.38% of all LL-cache accesses  (69.93%)
   <not supported>      L1-icache-loads                                             
       525,446,901      L1-icache-load-misses                                         (30.84%)
   424,163,779,483      dTLB-loads                #  779.427 M/sec                    (32.07%)
        79,315,585      dTLB-load-misses          #    0.02% of all dTLB cache accesses  (32.16%)
   <not supported>      iTLB-loads                                                  
         1,670,047      iTLB-load-misses                                              (32.40%)
   <not supported>      L1-dcache-prefetches                                        
   <not supported>      L1-dcache-prefetch-misses                                   

      23.188736466 seconds time elapsed

     367.128289000 seconds user
     177.311302000 seconds sys


