
 Performance counter stats for './winograd conf/vgg16.conf':

        376,150.10 msec task-clock                #   12.076 CPUs utilized          
             2,351      context-switches          #    6.250 /sec                   
                 0      cpu-migrations            #    0.000 /sec                   
        29,838,512      page-faults               #   79.326 K/sec                  
   972,677,471,575      cycles                    #    2.586 GHz                      (38.46%)
 1,460,463,611,217      instructions              #    1.50  insn per cycle           (46.16%)
   217,269,509,289      branches                  #  577.614 M/sec                    (53.85%)
       321,765,483      branch-misses             #    0.15% of all branches          (61.54%)
 4,865,073,742,131      slots                     #   12.934 G/sec                    (69.24%)
   364,950,967,075      topdown-retiring          #      7.0% retiring                (69.24%)
 3,927,792,649,875      topdown-bad-spec          #     75.4% bad speculation         (69.24%)
    27,613,320,348      topdown-fe-bound          #      0.5% frontend bound          (69.24%)
   892,224,841,601      topdown-be-bound          #     17.1% backend bound           (69.24%)
   438,427,127,234      L1-dcache-loads           #    1.166 G/sec                    (69.23%)
   107,234,613,376      L1-dcache-load-misses     #   24.46% of all L1-dcache accesses  (69.24%)
       626,191,565      LLC-loads                 #    1.665 M/sec                    (69.24%)
       257,842,961      LLC-load-misses           #   41.18% of all LL-cache accesses  (69.25%)
   <not supported>      L1-icache-loads                                             
       437,817,712      L1-icache-load-misses                                         (30.77%)
   438,285,919,475      dTLB-loads                #    1.165 G/sec                    (30.77%)
        46,604,920      dTLB-load-misses          #    0.01% of all dTLB cache accesses  (30.78%)
   <not supported>      iTLB-loads                                                  
           822,582      iTLB-load-misses                                              (30.77%)
   <not supported>      L1-dcache-prefetches                                        
   <not supported>      L1-dcache-prefetch-misses                                   

      31.147441016 seconds time elapsed

     287.177722000 seconds user
      88.978507000 seconds sys


