
 Performance counter stats for './winograd conf/small.conf':

          3,089.77 msec task-clock                #   13.791 CPUs utilized          
               367      context-switches          #  118.779 /sec                   
                 0      cpu-migrations            #    0.000 /sec                   
           285,795      page-faults               #   92.497 K/sec                  
     6,913,029,544      cycles                    #    2.237 GHz                      (34.23%)
     6,426,869,274      instructions              #    0.93  insn per cycle           (42.22%)
       941,558,720      branches                  #  304.734 M/sec                    (50.63%)
           883,443      branch-misses             #    0.09% of all branches          (59.00%)
    34,607,953,009      slots                     #   11.201 G/sec                    (67.23%)
     7,136,876,207      topdown-retiring          #     19.5% retiring                (67.23%)
     5,435,925,623      topdown-bad-spec          #     14.9% bad speculation         (67.23%)
       867,934,807      topdown-fe-bound          #      2.4% frontend bound          (67.23%)
    23,163,321,895      topdown-be-bound          #     63.3% backend bound           (67.23%)
     2,093,030,060      L1-dcache-loads           #  677.406 M/sec                    (67.28%)
       400,566,129      L1-dcache-load-misses     #   19.14% of all L1-dcache accesses  (73.00%)
         4,846,496      LLC-loads                 #    1.569 M/sec                    (73.49%)
         1,330,264      LLC-load-misses           #   27.45% of all LL-cache accesses  (74.01%)
   <not supported>      L1-icache-loads                                             
         1,167,590      L1-icache-load-misses                                         (32.98%)
     1,675,457,424      dTLB-loads                #  542.259 M/sec                    (31.15%)
           205,762      dTLB-load-misses          #    0.01% of all dTLB cache accesses  (29.27%)
   <not supported>      iTLB-loads                                                  
            92,493      iTLB-load-misses                                              (27.32%)
   <not supported>      L1-dcache-prefetches                                        
   <not supported>      L1-dcache-prefetch-misses                                   

       0.224037927 seconds time elapsed

       2.038178000 seconds user
       1.051441000 seconds sys


