
 Performance counter stats for './winograd conf/small.conf':

          5,943.47 msec task-clock                #   13.450 CPUs utilized          
             6,815      context-switches          #    1.147 K/sec                  
             1,424      cpu-migrations            #  239.591 /sec                   
           297,970      page-faults               #   50.134 K/sec                  
    10,226,133,781      cycles                    #    1.721 GHz                      (53.48%)
     4,807,300,738      instructions              #    0.47  insn per cycle           (61.18%)
       940,486,511      branches                  #  158.239 M/sec                    (68.42%)
         1,155,771      branch-misses             #    0.12% of all branches          (73.70%)
    66,018,483,537      slots                     #   11.108 G/sec                    (78.65%)
     8,376,742,905      topdown-retiring          #     12.4% retiring                (78.65%)
     4,244,980,338      topdown-bad-spec          #      6.3% bad speculation         (78.65%)
     1,477,424,730      topdown-fe-bound          #      2.2% frontend bound          (78.65%)
    53,359,639,347      topdown-be-bound          #     79.1% backend bound           (78.65%)
     1,965,124,460      L1-dcache-loads           #  330.636 M/sec                    (76.92%)
       400,882,182      L1-dcache-load-misses     #   20.40% of all L1-dcache accesses  (74.88%)
         6,676,133      LLC-loads                 #    1.123 M/sec                    (72.95%)
         1,924,928      LLC-load-misses           #   28.83% of all LL-cache accesses  (72.80%)
   <not supported>      L1-icache-loads                                             
         7,261,227      L1-icache-load-misses                                         (27.79%)
     1,286,557,283      dTLB-loads                #  216.466 M/sec                    (41.17%)
           268,356      dTLB-load-misses          #    0.02% of all dTLB cache accesses  (43.11%)
   <not supported>      iTLB-loads                                                  
           177,990      iTLB-load-misses                                              (44.42%)
   <not supported>      L1-dcache-prefetches                                        
   <not supported>      L1-dcache-prefetch-misses                                   

       0.441908501 seconds time elapsed

       5.007250000 seconds user
       0.950487000 seconds sys


