cuBLAS error at winograd.cc:86 - code: 1

 Performance counter stats for './winograd conf/small.conf':

            996.94 msec task-clock                #    4.595 CPUs utilized          
               240      context-switches          #  240.736 /sec                   
                 2      cpu-migrations            #    2.006 /sec                   
            22,453      page-faults               #   22.522 K/sec                  
     1,938,471,200      cycles                    #    1.944 GHz                      (87.12%)
       540,077,132      instructions              #    0.28  insn per cycle           (88.84%)
       143,263,709      branches                  #  143.703 M/sec                    (90.41%)
           298,736      branch-misses             #    0.21% of all branches          (92.00%)
     9,822,964,067      slots                     #    9.853 G/sec                    (93.60%)
       892,022,181      topdown-retiring          #      9.0% retiring                (93.60%)
       451,449,473      topdown-bad-spec          #      4.5% bad speculation         (93.60%)
       191,827,853      topdown-fe-bound          #      1.9% frontend bound          (93.60%)
     8,392,990,424      topdown-be-bound          #     84.5% backend bound           (93.60%)
       130,254,163      L1-dcache-loads           #  130.653 M/sec                    (93.14%)
         8,496,529      L1-dcache-load-misses     #    6.52% of all L1-dcache accesses  (80.47%)
           947,031      LLC-loads                 #  949.934 K/sec                    (63.91%)
           933,712      LLC-load-misses           #   98.59% of all LL-cache accesses  (41.76%)
   <not supported>      L1-icache-loads                                             
        13,676,669      L1-icache-load-misses                                         (7.32%)
        90,252,133      dTLB-loads                #   90.529 M/sec                    (60.34%)
            38,605      dTLB-load-misses          #    0.04% of all dTLB cache accesses  (72.41%)
   <not supported>      iTLB-loads                                                  
            19,510      iTLB-load-misses                                              (80.91%)
   <not supported>      L1-dcache-prefetches                                        
   <not supported>      L1-dcache-prefetch-misses                                   

       0.216982524 seconds time elapsed

       0.823861000 seconds user
       0.178239000 seconds sys


