./winograd: error while loading shared libraries: libcudart.so.11.0: cannot open shared object file: No such file or directory

 Performance counter stats for './winograd conf/small.conf':

              0.44 msec task-clock                #    0.310 CPUs utilized          
                 3      context-switches          #    6.805 K/sec                  
                 0      cpu-migrations            #    0.000 /sec                   
                20      page-faults               #   45.364 K/sec                  
           883,610      cycles                    #    2.004 GHz                    
         1,308,815      instructions              #    1.48  insn per cycle         
           259,466      branches                  #  588.514 M/sec                  
             3,844      branch-misses             #    1.48% of all branches        
         4,418,050      slots                     #   10.021 G/sec                  
         1,455,357      topdown-retiring          #     32.9% retiring              
           363,839      topdown-bad-spec          #      8.2% bad speculation       
         1,801,871      topdown-fe-bound          #     40.7% frontend bound        
           802,364      topdown-be-bound          #     18.1% backend bound         
           348,783      L1-dcache-loads           #  791.101 M/sec                  
            10,334      L1-dcache-load-misses     #    2.96% of all L1-dcache accesses
             1,283      LLC-loads                 #    2.910 M/sec                  
               628      LLC-load-misses           #   48.95% of all LL-cache accesses
   <not supported>      L1-icache-loads                                             
     <not counted>      L1-icache-load-misses                                         (0.00%)
     <not counted>      dTLB-loads                                                    (0.00%)
     <not counted>      dTLB-load-misses                                              (0.00%)
   <not supported>      iTLB-loads                                                  
     <not counted>      iTLB-load-misses                                              (0.00%)
   <not supported>      L1-dcache-prefetches                                        
   <not supported>      L1-dcache-prefetch-misses                                   

       0.001423077 seconds time elapsed

       0.000935000 seconds user
       0.000000000 seconds sys


Some events weren't counted. Try disabling the NMI watchdog:
	echo 0 > /proc/sys/kernel/nmi_watchdog
	perf stat ...
	echo 1 > /proc/sys/kernel/nmi_watchdog
