
 Performance counter stats for './winograd conf/vgg16.conf':

        510,851.46 msec task-clock                #   19.472 CPUs utilized          
            35,618      context-switches          #   69.723 /sec                   
                81      cpu-migrations            #    0.159 /sec                   
        30,057,604      page-faults               #   58.838 K/sec                  
 1,243,920,164,412      cycles                    #    2.435 GHz                      (40.27%)
 1,428,112,818,465      instructions              #    1.15  insn per cycle           (47.80%)
   217,146,692,528      branches                  #  425.068 M/sec                    (55.25%)
       314,614,595      branch-misses             #    0.14% of all branches          (62.57%)
 6,415,543,140,294      slots                     #   12.559 G/sec                    (69.87%)
   437,935,934,393      topdown-retiring          #      6.4% retiring                (69.87%)
 3,964,360,597,525      topdown-bad-spec          #     57.5% bad speculation         (69.87%)
    49,417,077,368      topdown-fe-bound          #      0.7% frontend bound          (69.87%)
 2,443,369,498,228      topdown-be-bound          #     35.4% backend bound           (69.87%)
   440,885,770,746      L1-dcache-loads           #  863.041 M/sec                    (69.38%)
   106,795,270,734      L1-dcache-load-misses     #   24.22% of all L1-dcache accesses  (69.42%)
       724,165,818      LLC-loads                 #    1.418 M/sec                    (69.51%)
       487,320,467      LLC-load-misses           #   67.29% of all LL-cache accesses  (69.71%)
   <not supported>      L1-icache-loads                                             
       142,763,994      L1-icache-load-misses                                         (31.40%)
   418,345,315,843      dTLB-loads                #  818.918 M/sec                    (32.58%)
        60,603,348      dTLB-load-misses          #    0.01% of all dTLB cache accesses  (32.53%)
   <not supported>      iTLB-loads                                                  
        19,306,169      iTLB-load-misses                                              (32.26%)
   <not supported>      L1-dcache-prefetches                                        
   <not supported>      L1-dcache-prefetch-misses                                   

      26.235275141 seconds time elapsed

     343.662496000 seconds user
     167.393583000 seconds sys


