
 Performance counter stats for './winograd conf/vgg16.conf':

        375,119.01 msec task-clock                #   12.077 CPUs utilized          
             2,421      context-switches          #    6.454 /sec                   
                 0      cpu-migrations            #    0.000 /sec                   
        29,844,005      page-faults               #   79.559 K/sec                  
   970,213,019,445      cycles                    #    2.586 GHz                      (38.45%)
 1,460,590,394,943      instructions              #    1.51  insn per cycle           (46.14%)
   217,572,886,716      branches                  #  580.010 M/sec                    (53.84%)
       323,002,511      branch-misses             #    0.15% of all branches          (61.53%)
 4,851,914,856,364      slots                     #   12.934 G/sec                    (69.23%)
   358,161,110,503      topdown-retiring          #      6.9% retiring                (69.23%)
 3,918,261,996,174      topdown-bad-spec          #     75.4% bad speculation         (69.23%)
    22,721,376,200      topdown-fe-bound          #      0.4% frontend bound          (69.23%)
   898,443,630,161      topdown-be-bound          #     17.3% backend bound           (69.23%)
   438,200,901,595      L1-dcache-loads           #    1.168 G/sec                    (69.23%)
   106,471,209,522      L1-dcache-load-misses     #   24.30% of all L1-dcache accesses  (69.24%)
       626,297,804      LLC-loads                 #    1.670 M/sec                    (69.24%)
       261,227,209      LLC-load-misses           #   41.71% of all LL-cache accesses  (69.25%)
   <not supported>      L1-icache-loads                                             
       438,669,414      L1-icache-load-misses                                         (30.77%)
   438,577,693,158      dTLB-loads                #    1.169 G/sec                    (30.77%)
        46,288,824      dTLB-load-misses          #    0.01% of all dTLB cache accesses  (30.77%)
   <not supported>      iTLB-loads                                                  
           793,830      iTLB-load-misses                                              (30.76%)
   <not supported>      L1-dcache-prefetches                                        
   <not supported>      L1-dcache-prefetch-misses                                   

      31.060816150 seconds time elapsed

     286.951863000 seconds user
      88.175603000 seconds sys


