
 Performance counter stats for './winograd conf/vgg16.conf':

        542,295.14 msec task-clock                #   23.496 CPUs utilized          
            45,724      context-switches          #   84.316 /sec                   
               116      cpu-migrations            #    0.214 /sec                   
        30,110,171      page-faults               #   55.524 K/sec                  
 1,287,138,177,777      cycles                    #    2.374 GHz                      (40.14%)
 1,442,356,259,474      instructions              #    1.12  insn per cycle           (47.60%)
   219,868,932,677      branches                  #  405.441 M/sec                    (55.07%)
       313,367,810      branch-misses             #    0.14% of all branches          (62.51%)
 6,640,716,344,726      slots                     #   12.246 G/sec                    (69.93%)
   894,360,943,919      topdown-retiring          #     12.7% retiring                (69.93%)
 2,442,715,922,838      topdown-bad-spec          #     34.7% bad speculation         (69.93%)
    72,745,179,773      topdown-fe-bound          #      1.0% frontend bound          (69.93%)
 3,636,331,401,519      topdown-be-bound          #     51.6% backend bound           (69.93%)
   440,253,091,107      L1-dcache-loads           #  811.833 M/sec                    (69.51%)
   106,665,763,443      L1-dcache-load-misses     #   24.23% of all L1-dcache accesses  (69.42%)
       751,325,235      LLC-loads                 #    1.385 M/sec                    (69.73%)
       514,525,211      LLC-load-misses           #   68.48% of all LL-cache accesses  (69.83%)
   <not supported>      L1-icache-loads                                             
       521,334,194      L1-icache-load-misses                                         (31.32%)
   420,713,068,691      dTLB-loads                #  775.801 M/sec                    (32.76%)
        81,103,422      dTLB-load-misses          #    0.02% of all dTLB cache accesses  (32.49%)
   <not supported>      iTLB-loads                                                  
         1,701,181      iTLB-load-misses                                              (32.22%)
   <not supported>      L1-dcache-prefetches                                        
   <not supported>      L1-dcache-prefetch-misses                                   

      23.080098623 seconds time elapsed

     366.833675000 seconds user
     175.705211000 seconds sys


