
 Performance counter stats for './winograd conf/vgg16.conf':

        516,683.16 msec task-clock                #   19.413 CPUs utilized          
            35,329      context-switches          #   68.377 /sec                   
               109      cpu-migrations            #    0.211 /sec                   
        30,003,691      page-faults               #   58.070 K/sec                  
 1,245,876,928,212      cycles                    #    2.411 GHz                      (40.24%)
 1,423,893,307,305      instructions              #    1.14  insn per cycle           (47.93%)
   216,673,201,685      branches                  #  419.354 M/sec                    (55.52%)
       312,272,934      branch-misses             #    0.14% of all branches          (62.99%)
 6,466,936,676,589      slots                     #   12.516 G/sec                    (70.37%)
   463,749,762,942      topdown-retiring          #      6.6% retiring                (70.37%)
 3,884,581,185,195      topdown-bad-spec          #     55.5% bad speculation         (70.37%)
    53,733,361,614      topdown-fe-bound          #      0.8% frontend bound          (70.37%)
 2,599,992,187,087      topdown-be-bound          #     37.1% backend bound           (70.37%)
   437,894,026,046      L1-dcache-loads           #  847.510 M/sec                    (69.97%)
   106,538,295,679      L1-dcache-load-misses     #   24.33% of all L1-dcache accesses  (69.85%)
       719,291,066      LLC-loads                 #    1.392 M/sec                    (70.01%)
       487,593,429      LLC-load-misses           #   67.79% of all LL-cache accesses  (69.97%)
   <not supported>      L1-icache-loads                                             
       145,221,345      L1-icache-load-misses                                         (30.80%)
   421,154,091,568      dTLB-loads                #  815.111 M/sec                    (32.28%)
        61,642,085      dTLB-load-misses          #    0.01% of all dTLB cache accesses  (32.37%)
   <not supported>      iTLB-loads                                                  
        18,196,706      iTLB-load-misses                                              (32.32%)
   <not supported>      L1-dcache-prefetches                                        
   <not supported>      L1-dcache-prefetch-misses                                   

      26.615698034 seconds time elapsed

     342.307031000 seconds user
     174.570817000 seconds sys


