
 Performance counter stats for './winograd conf/vgg16.conf':

        471,613.36 msec task-clock                #   27.683 CPUs utilized          
            43,277      context-switches          #   91.764 /sec                   
               132      cpu-migrations            #    0.280 /sec                   
        22,146,766      page-faults               #   46.960 K/sec                  
 1,125,409,240,320      cycles                    #    2.386 GHz                      (40.29%)
 1,451,209,506,383      instructions              #    1.29  insn per cycle           (47.80%)
   213,472,963,937      branches                  #  452.644 M/sec                    (55.23%)
       286,518,025      branch-misses             #    0.13% of all branches          (62.59%)
 5,854,943,787,763      slots                     #   12.415 G/sec                    (69.93%)
   822,213,127,165      topdown-retiring          #     13.4% retiring                (69.93%)
 2,156,221,639,361      topdown-bad-spec          #     35.2% bad speculation         (69.93%)
    53,503,548,825      topdown-fe-bound          #      0.9% frontend bound          (69.93%)
 3,101,222,141,731      topdown-be-bound          #     50.6% backend bound           (69.93%)
   450,132,799,999      L1-dcache-loads           #  954.453 M/sec                    (69.52%)
   105,283,535,571      L1-dcache-load-misses     #   23.39% of all L1-dcache accesses  (70.00%)
       617,913,165      LLC-loads                 #    1.310 M/sec                    (70.12%)
       434,555,534      LLC-load-misses           #   70.33% of all LL-cache accesses  (70.11%)
   <not supported>      L1-icache-loads                                             
       432,226,698      L1-icache-load-misses                                         (31.33%)
   432,741,823,064      dTLB-loads                #  917.578 M/sec                    (32.76%)
        78,682,863      dTLB-load-misses          #    0.02% of all dTLB cache accesses  (32.50%)
   <not supported>      iTLB-loads                                                  
         1,600,785      iTLB-load-misses                                              (32.23%)
   <not supported>      L1-dcache-prefetches                                        
   <not supported>      L1-dcache-prefetch-misses                                   

      17.035929350 seconds time elapsed

     366.809723000 seconds user
     105.015689000 seconds sys


