
 Performance counter stats for './winograd conf/vgg16.conf':

        382,184.82 msec task-clock                #    6.982 CPUs utilized          
            46,406      context-switches          #  121.423 /sec                   
             9,158      cpu-migrations            #   23.962 /sec                   
        29,720,719      page-faults               #   77.765 K/sec                  
   949,393,915,234      cycles                    #    2.484 GHz                      (39.69%)
 1,415,470,860,726      instructions              #    1.49  insn per cycle           (47.20%)
   212,599,994,464      branches                  #  556.275 M/sec                    (54.71%)
       316,968,470      branch-misses             #    0.15% of all branches          (62.22%)
 4,883,288,374,478      slots                     #   12.777 G/sec                    (69.72%)
 1,172,833,113,969      topdown-retiring          #     22.5% retiring                (69.72%)
 1,265,305,677,018      topdown-bad-spec          #     24.3% bad speculation         (69.72%)
   109,483,389,629      topdown-fe-bound          #      2.1% frontend bound          (69.72%)
 2,658,561,055,371      topdown-be-bound          #     51.1% backend bound           (69.72%)
   435,064,605,420      L1-dcache-loads           #    1.138 G/sec                    (69.50%)
   105,730,509,881      L1-dcache-load-misses     #   24.30% of all L1-dcache accesses  (69.69%)
       614,357,027      LLC-loads                 #    1.607 M/sec                    (69.81%)
       265,603,346      LLC-load-misses           #   43.23% of all LL-cache accesses  (69.84%)
   <not supported>      L1-icache-loads                                             
       122,934,185      L1-icache-load-misses                                         (31.09%)
   425,269,020,795      dTLB-loads                #    1.113 G/sec                    (31.86%)
        37,438,764      dTLB-load-misses          #    0.01% of all dTLB cache accesses  (31.79%)
   <not supported>      iTLB-loads                                                  
        15,584,208      iTLB-load-misses                                              (31.77%)
   <not supported>      L1-dcache-prefetches                                        
   <not supported>      L1-dcache-prefetch-misses                                   

      54.738225335 seconds time elapsed

     294.808334000 seconds user
      87.462196000 seconds sys


