
 Performance counter stats for './winograd conf/small.conf':

          3,459.35 msec task-clock                #    4.943 CPUs utilized          
               452      context-switches          #  130.660 /sec                   
                 0      cpu-migrations            #    0.000 /sec                   
           272,988      page-faults               #   78.913 K/sec                  
     7,326,822,630      cycles                    #    2.118 GHz                      (38.22%)
     7,423,859,667      instructions              #    1.01  insn per cycle           (46.24%)
     1,083,388,350      branches                  #  313.176 M/sec                    (54.55%)
           782,470      branch-misses             #    0.07% of all branches          (62.51%)
    38,174,007,330      slots                     #   11.035 G/sec                    (70.43%)
     7,172,103,093      topdown-retiring          #     17.7% retiring                (70.43%)
     7,109,832,696      topdown-bad-spec          #     17.5% bad speculation         (70.43%)
       596,424,366      topdown-fe-bound          #      1.5% frontend bound          (70.43%)
    25,655,999,841      topdown-be-bound          #     63.3% backend bound           (70.43%)
     2,184,962,930      L1-dcache-loads           #  631.610 M/sec                    (70.48%)
       423,630,230      L1-dcache-load-misses     #   19.39% of all L1-dcache accesses  (71.67%)
         3,857,994      LLC-loads                 #    1.115 M/sec                    (72.34%)
         1,399,887      LLC-load-misses           #   36.29% of all LL-cache accesses  (72.57%)
   <not supported>      L1-icache-loads                                             
         1,179,456      L1-icache-load-misses                                         (30.58%)
     1,392,092,336      dTLB-loads                #  402.414 M/sec                    (29.18%)
           172,630      dTLB-load-misses          #    0.01% of all dTLB cache accesses  (28.59%)
   <not supported>      iTLB-loads                                                  
           143,129      iTLB-load-misses                                              (29.62%)
   <not supported>      L1-dcache-prefetches                                        
   <not supported>      L1-dcache-prefetch-misses                                   

       0.699790582 seconds time elapsed

       2.643761000 seconds user
       0.815291000 seconds sys


