
 Performance counter stats for './winograd conf/small.conf':

          3,500.21 msec task-clock                #    5.021 CPUs utilized          
               484      context-switches          #  138.278 /sec                   
                 5      cpu-migrations            #    1.428 /sec                   
           271,893      page-faults               #   77.679 K/sec                  
     7,357,796,946      cycles                    #    2.102 GHz                      (39.10%)
     7,048,347,499      instructions              #    0.96  insn per cycle           (47.12%)
     1,021,824,614      branches                  #  291.933 M/sec                    (55.22%)
           759,210      branch-misses             #    0.07% of all branches          (63.25%)
    38,062,267,446      slots                     #   10.874 G/sec                    (70.89%)
     6,896,917,987      topdown-retiring          #     17.1% retiring                (70.89%)
     6,931,082,586      topdown-bad-spec          #     17.2% bad speculation         (70.89%)
       511,846,775      topdown-fe-bound          #      1.3% frontend bound          (70.89%)
    26,018,079,928      topdown-be-bound          #     64.5% backend bound           (70.89%)
     2,125,096,062      L1-dcache-loads           #  607.135 M/sec                    (71.19%)
       411,397,701      L1-dcache-load-misses     #   19.36% of all L1-dcache accesses  (71.93%)
         3,825,254      LLC-loads                 #    1.093 M/sec                    (72.37%)
         1,512,258      LLC-load-misses           #   39.53% of all LL-cache accesses  (72.41%)
   <not supported>      L1-icache-loads                                             
         1,221,808      L1-icache-load-misses                                         (30.93%)
     1,302,354,879      dTLB-loads                #  372.080 M/sec                    (30.01%)
           195,775      dTLB-load-misses          #    0.02% of all dTLB cache accesses  (29.09%)
   <not supported>      iTLB-loads                                                  
           172,796      iTLB-load-misses                                              (29.41%)
   <not supported>      L1-dcache-prefetches                                        
   <not supported>      L1-dcache-prefetch-misses                                   

       0.697163495 seconds time elapsed

       2.721427000 seconds user
       0.778721000 seconds sys


