11 [140252817972544] INFO perfrun.launcher <> - Launcher main begin
14 [140252817972544] INFO perfrun.launcher <> - MessageCatalogInit finished
14 [140252817972544] INFO perfrun.launcher <> - Launcher instance created
14 [140252817972544] INFO perfrun.launcher <> - argc = 7; cmdline = /data/spack/opt/spack/linux-ubuntu22.04-icelake/gcc-11.4.0/intel-oneapi-vtune-2024.0.1-w6lwvbxd4wkqfv4m5tgkvamrxbvllffr/vtune/2024.0/bin64/amplxe-runss --ui-output-format xml --ui-output-fd 5 --option-file /data/home/lyt/2025-Spring-recruitment/Heptagonhust-Recruitment-Spring/vtune_results/v0.3.2.6-vgg16/threading_vgg16_20250325_130345/config/runss.options 
68 [140252817972544] INFO perfrun.launcher <> - create msngr2::ICliToolContext
68 [140252817972544] INFO perfrun.launcher <> - create file finder object
68 [140252817972544] INFO perfrun.launcher <> - create a result directory: pattern = /data/home/lyt/2025-Spring-recruitment/Heptagonhust-Recruitment-Spring/vtune_results/v0.3.2.6-vgg16/threading_vgg16_20250325_130345 pid = 4294967295
89 [140252817972544] INFO perfrun.sdk <> - checked that the directory /data/home/lyt/2025-Spring-recruitment/Heptagonhust-Recruitment-Spring/vtune_results/v0.3.2.6-vgg16/threading_vgg16_20250325_130345 is a local directory
90 [140252817972544] INFO perfrun.sdk <> - the directory /data/home/lyt/2025-Spring-recruitment/Heptagonhust-Recruitment-Spring/vtune_results/v0.3.2.6-vgg16/threading_vgg16_20250325_130345 is located on a share or its FS ID is unknown 26985
90 [140252817972544] INFO perfrun.sdk <> - checked that the directory /tmp/amplxe-tmp-lyt is a local directory
90 [140252817972544] INFO perfrun.sdk <> - the directory /tmp/amplxe-tmp-lyt is a local directory with FS type ID 2435016766
90 [140252817972544] INFO perfrun.launcher <> - Create a local result directory /tmp/amplxe-tmp-lyt/amplxe-res-1447910-33590667453986679 due to the user result path /data/home/lyt/2025-Spring-recruitment/Heptagonhust-Recruitment-Spring/vtune_results/v0.3.2.6-vgg16/threading_vgg16_20250325_130345 is located on a share
90 [140252817972544] INFO perfrun.launcher <> - create data directory = /tmp/amplxe-tmp-lyt/amplxe-res-1447910-33590667453986679/data.0
90 [140252817972544] INFO perfrun.launcher <> - create data directory = /data/home/lyt/2025-Spring-recruitment/Heptagonhust-Recruitment-Spring/vtune_results/v0.3.2.6-vgg16/threading_vgg16_20250325_130345/data.0
91 [140252817972544] INFO perfrun.launcher <> - Creating the master collection flag
92 [140252817972544] INFO perfrun.launcher <> - Done creating the master collection flag
118 [140252666652224] INFO perfrun.launcher <> - plugin [remoteplug] was disabled because it doesn't support the given collection type.
118 [140252666652224] INFO perfrun.sdk <> - Allocating TMU :/tmp/amplxe-tmp-lyt/amplxe-res-1447910-33590667453986679/data.0/systemcollector-1447910-hepnode1.sc
118 [140252666652224] INFO perfrun.system <> - Tpss based collection
118 [140252666652224] INFO perfrun.launcher <> - plugin [ptracecollector] was disabled because it doesn't support the given collection type.
118 [140252666652224] INFO perfrun.launcher <> - plugin [gpu] was disabled because it doesn't support the given collection type.
118 [140252666652224] INFO perfrun.launcher <> - plugin [] was disabled because it doesn't support the given collection type.
118 [140252666652224] INFO perfrun.launcher <> - plugin [] was disabled because it doesn't support the given collection type.
118 [140252666652224] INFO perfrun.launcher <> - plugin [] was disabled because it doesn't support the given collection type.
118 [140252666652224] INFO perfrun.mrte <> - system-wide mode is 0
118 [140252666652224] INFO perfrun.mrte <> - Getting  mrte profiling environment ...
135 [140252666652224] INFO perfrun.mrte <> - INTEL_MRTE_DATA_DIR=/tmp/amplxe-tmp-lyt/amplxe-res-1447910-33590667453986679/data.0
135 [140252666652224] INFO perfrun.mrte <> - INTEL_MRTE_HOST_NAME=hepnode1
135 [140252666652224] INFO perfrun.mrte <> - JAVA_TOOL_OPTIONS=-agentlib:amplxe_tpssmrte_javaprof_1.0 -Dsun.boot.library.path=/data/spack/opt/spack/linux-ubuntu22.04-icelake/gcc-11.4.0/intel-oneapi-vtune-2024.0.1-w6lwvbxd4wkqfv4m5tgkvamrxbvllffr/vtune/2024.0/lib32/runtime:/data/spack/opt/spack/linux-ubuntu22.04-icelake/gcc-11.4.0/intel-oneapi-vtune-2024.0.1-w6lwvbxd4wkqfv4m5tgkvamrxbvllffr/vtune/2024.0/lib64/runtime
135 [140252666652224] INFO perfrun.mrte <> - LD_LIBRARY_PATH=/data/spack/opt/spack/linux-ubuntu22.04-icelake/gcc-11.4.0/intel-oneapi-vtune-2024.0.1-w6lwvbxd4wkqfv4m5tgkvamrxbvllffr/vtune/2024.0/lib32/runtime:/data/spack/opt/spack/linux-ubuntu22.04-icelake/gcc-11.4.0/intel-oneapi-vtune-2024.0.1-w6lwvbxd4wkqfv4m5tgkvamrxbvllffr/vtune/2024.0/lib64/runtime
135 [140252666652224] INFO perfrun.mrte <> - CORECLR_ENABLE_PROFILING=1
135 [140252666652224] INFO perfrun.mrte <> - CORECLR_PROFILER={AA5E4821-E3B1-479c-B7FF-5AD047D22CED}
135 [140252666652224] INFO perfrun.mrte <> - CORECLR_PROFILER_PATH=/data/spack/opt/spack/linux-ubuntu22.04-icelake/gcc-11.4.0/intel-oneapi-vtune-2024.0.1-w6lwvbxd4wkqfv4m5tgkvamrxbvllffr/vtune/2024.0/lib64/libamplxe_samplingmrte_clrprof_1.0.so
135 [140252666652224] INFO perfrun.mrte <> - INTEL_MRTE_PROFILER_MODE=mixed
135 [140252666652224] INFO perfrun.mrte <> - Data directory: /tmp/amplxe-tmp-lyt/amplxe-res-1447910-33590667453986679/data.0
135 [140252666652224] INFO perfrun.mrte <> - Mrte plugin is initialized
135 [140252666652224] INFO perfrun.launcher <> - plugin [emon] was disabled because it doesn't support the given collection type.
135 [140252666652224] INFO perfrun.launcher <> - plugin [cuscol] was disabled because it doesn't support the given collection type.
135 [140252666652224] INFO perfrun.launcher <> - plugin [stdsrc] was disabled because it doesn't support the given collection type.
135 [140252666652224] INFO perfrun.launcher <> - plugin [sep] was disabled because it doesn't support the given collection type.
135 [140252666652224] INFO perfrun.launcher <> - plugin [vtsspp] was disabled because it doesn't support the given collection type.
135 [140252666652224] INFO perfrun.launcher <> - plugin [perf] was disabled because it doesn't support the given collection type.
135 [140252666652224] INFO perfrun.launcher <> - plugin [aoclprofile] was disabled because it doesn't support the given collection type.
135 [140252666652224] INFO perfrun.tpss <> - initialize tpss controller
135 [140252666652224] INFO perfrun.tpss <> - configure collection mode: value = cpu:counters:nostack
135 [140252666652224] INFO perfrun.tpss <> - configure collection mode: value = cpu:stack
135 [140252666652224] INFO perfrun.tpss <> - configure collection mode: value = threading:stack
135 [140252666652224] INFO perfrun.tpss <> - configure collection mode: value = waiting:stack
135 [140252666652224] INFO perfrun.tpss <> - configure collection mode: value = io:stack
135 [140252666652224] INFO perfrun.tpss <> - default obj-size-min=1024
135 [140252666652224] INFO perfrun.tpss <> - default hash-table-size=0
135 [140252666652224] INFO perfrun.launcher <> - plugin [media] was disabled because it doesn't support the given collection type.
135 [140252666652224] INFO perfrun.launcher <> - plugin [] was disabled because it doesn't support the given collection type.
135 [140252666652224] INFO perfrun.launcher <> - plugin [] was disabled because it doesn't support the given collection type.
135 [140252666652224] INFO perfrun.launcher <> - plugin [parallelfs] was disabled because it doesn't support the given collection type.
135 [140252666652224] INFO perfrun.launcher <> - plugin [power] was disabled because it doesn't support the given collection type.
135 [140252666652224] INFO perfrun.launcher <> - plugin [] was disabled because it doesn't support the given collection type.
135 [140252666652224] INFO perfrun.launcher <> - plugin [ipmwatch] was disabled because it doesn't support the given collection type.
136 [140252666652224] INFO perfrun.launcher <> - plugin [os_counters] was disabled because it doesn't support the given collection type.
136 [140252666652224] INFO perfrun.launcher <> - plugin [l0_metrics] was disabled because it doesn't support the given collection type.
136 [140252817972544] INFO perfrun.launcher <> - set environment variable: LD_LIBRARY_PATH = /data/spack/opt/spack/linux-ubuntu22.04-icelake/gcc-11.4.0/intel-oneapi-vtune-2024.0.1-w6lwvbxd4wkqfv4m5tgkvamrxbvllffr/vtune/2024.0/lib32/runtime:/data/spack/opt/spack/linux-ubuntu22.04-icelake/gcc-11.4.0/intel-oneapi-vtune-2024.0.1-w6lwvbxd4wkqfv4m5tgkvamrxbvllffr/vtune/2024.0/lib64/runtime
136 [140252817972544] INFO perfrun.launcher <> - set environment variable: INTEL_LIBITTNOTIFY32 = /data/spack/opt/spack/linux-ubuntu22.04-icelake/gcc-11.4.0/intel-oneapi-vtune-2024.0.1-w6lwvbxd4wkqfv4m5tgkvamrxbvllffr/vtune/2024.0/lib32/runtime/libittnotify_collector.so
136 [140252817972544] INFO perfrun.launcher <> - set environment variable: INTEL_LIBITTNOTIFY64 = /data/spack/opt/spack/linux-ubuntu22.04-icelake/gcc-11.4.0/intel-oneapi-vtune-2024.0.1-w6lwvbxd4wkqfv4m5tgkvamrxbvllffr/vtune/2024.0/lib64/runtime/libittnotify_collector.so
136 [140252817972544] INFO perfrun.launcher <> - set environment variable: INTEL_ITTNOTIFY_GROUPS = 
136 [140252817972544] INFO perfrun.launcher <> - set environment variable: INTEL_JIT_PROFILER32 = /data/spack/opt/spack/linux-ubuntu22.04-icelake/gcc-11.4.0/intel-oneapi-vtune-2024.0.1-w6lwvbxd4wkqfv4m5tgkvamrxbvllffr/vtune/2024.0/lib32/runtime/libittnotify_collector.so
136 [140252817972544] INFO perfrun.launcher <> - set environment variable: INTEL_JIT_PROFILER64 = /data/spack/opt/spack/linux-ubuntu22.04-icelake/gcc-11.4.0/intel-oneapi-vtune-2024.0.1-w6lwvbxd4wkqfv4m5tgkvamrxbvllffr/vtune/2024.0/lib64/runtime/libittnotify_collector.so
136 [140252817972544] INFO perfrun.launcher <> - set environment variable: OMP_TOOL_LIBRARIES = /data/spack/opt/spack/linux-ubuntu22.04-icelake/gcc-11.4.0/intel-oneapi-vtune-2024.0.1-w6lwvbxd4wkqfv4m5tgkvamrxbvllffr/vtune/2024.0/lib32/runtime/libittnotify_collector.so:/data/spack/opt/spack/linux-ubuntu22.04-icelake/gcc-11.4.0/intel-oneapi-vtune-2024.0.1-w6lwvbxd4wkqfv4m5tgkvamrxbvllffr/vtune/2024.0/lib64/runtime/libittnotify_collector.so
136 [140252817972544] INFO perfrun.launcher <> - set environment variable: ENABLE_JITPROFILING = 1
136 [140252817972544] INFO perfrun.launcher <> - set environment variable: CL_CONFIG_USE_VTUNE = True
136 [140252817972544] INFO perfrun.launcher <> - set environment variable: INTEL_MRTE_DATA_DIR = /tmp/amplxe-tmp-lyt/amplxe-res-1447910-33590667453986679/data.0
136 [140252817972544] INFO perfrun.launcher <> - set environment variable: INTEL_MRTE_HOST_NAME = hepnode1
136 [140252817972544] INFO perfrun.launcher <> - set environment variable: JAVA_TOOL_OPTIONS = -agentlib:amplxe_tpssmrte_javaprof_1.0 -Dsun.boot.library.path=/data/spack/opt/spack/linux-ubuntu22.04-icelake/gcc-11.4.0/intel-oneapi-vtune-2024.0.1-w6lwvbxd4wkqfv4m5tgkvamrxbvllffr/vtune/2024.0/lib32/runtime:/data/spack/opt/spack/linux-ubuntu22.04-icelake/gcc-11.4.0/intel-oneapi-vtune-2024.0.1-w6lwvbxd4wkqfv4m5tgkvamrxbvllffr/vtune/2024.0/lib64/runtime
136 [140252817972544] INFO perfrun.launcher <> - set environment variable: LD_LIBRARY_PATH = /data/spack/opt/spack/linux-ubuntu22.04-icelake/gcc-11.4.0/intel-oneapi-vtune-2024.0.1-w6lwvbxd4wkqfv4m5tgkvamrxbvllffr/vtune/2024.0/lib32/runtime:/data/spack/opt/spack/linux-ubuntu22.04-icelake/gcc-11.4.0/intel-oneapi-vtune-2024.0.1-w6lwvbxd4wkqfv4m5tgkvamrxbvllffr/vtune/2024.0/lib64/runtime
136 [140252817972544] INFO perfrun.launcher <> - set environment variable: CORECLR_ENABLE_PROFILING = 1
136 [140252817972544] INFO perfrun.launcher <> - set environment variable: CORECLR_PROFILER = {AA5E4821-E3B1-479c-B7FF-5AD047D22CED}
136 [140252817972544] INFO perfrun.launcher <> - set environment variable: CORECLR_PROFILER_PATH = /data/spack/opt/spack/linux-ubuntu22.04-icelake/gcc-11.4.0/intel-oneapi-vtune-2024.0.1-w6lwvbxd4wkqfv4m5tgkvamrxbvllffr/vtune/2024.0/lib64/libamplxe_samplingmrte_clrprof_1.0.so
136 [140252817972544] INFO perfrun.launcher <> - set environment variable: INTEL_MRTE_PROFILER_MODE = mixed
136 [140252817972544] INFO perfrun.launcher <> - RpcServer: run RPC server to handle requests
137 [140252817972544] INFO perfrun.launcher <> - Launcher: command line to start before modification = numactl --cpunodebind=0 --membind=0 ./winograd conf/vgg16.conf
137 [140252817972544] INFO perfrun.launcher <> - Launcher: command line to start after modification = /data/spack/opt/spack/linux-ubuntu22.04-icelake/gcc-11.4.0/intel-oneapi-vtune-2024.0.1-w6lwvbxd4wkqfv4m5tgkvamrxbvllffr/vtune/2024.0/bin64/pin -error_file /tmp/amplxe-tmp-lyt/amplxe-res-1447910-33590667453986679/data.0/pinerr.tpsslog -detach_reattach -follow_execv -tool_load_option deepbind -t64 /data/spack/opt/spack/linux-ubuntu22.04-icelake/gcc-11.4.0/intel-oneapi-vtune-2024.0.1-w6lwvbxd4wkqfv4m5tgkvamrxbvllffr/vtune/2024.0/lib64/libtpsstool.so -t /data/spack/opt/spack/linux-ubuntu22.04-icelake/gcc-11.4.0/intel-oneapi-vtune-2024.0.1-w6lwvbxd4wkqfv4m5tgkvamrxbvllffr/vtune/2024.0/lib32/libtpsstool.so -server_name tpss_ipc.1447910 -prd_dir /data/spack/opt/spack/linux-ubuntu22.04-icelake/gcc-11.4.0/intel-oneapi-vtune-2024.0.1-w6lwvbxd4wkqfv4m5tgkvamrxbvllffr/vtune/2024.0 -- numactl --cpunodebind=0 --membind=0 ./winograd conf/vgg16.conf
137 [140252817972544] INFO perfrun.launcher <> - ProcessCreator object was created
137 [140252817972544] INFO perfrun.launcher <> - Launcher: the process was started in suspend mode
145 [140252666652224] WARN perfrun.system <> - Could not do anything with /sys/kernel/debug/kvm: boost::filesystem::status: Permission denied: "/sys/kernel/debug/kvm", at file: vcs/perfrun1/plugins/system/src/trace_writer.cpp:787
145 [140252666652224] WARN perfrun.system <> - Folder "/var/run/libvirt/qemu/"doesn't exist, at file: vcs/perfrun1/plugins/system/src/trace_writer.cpp:800
152 [140252666652224] INFO perfrun.sdk <> - runCmd: /data/spack/opt/spack/linux-ubuntu22.04-icelake/gcc-11.4.0/intel-oneapi-vtune-2024.0.1-w6lwvbxd4wkqfv4m5tgkvamrxbvllffr/vtune/2024.0/bin64/sep -platform-info
152 [140252666652224] INFO perfrun.sdk <> - runCmd started PID 1447916
160 [140252666652224] WARN perfrun.sdk <> - SEP driver is not available, at file: vcs/perfrun1/plugins/pluginsdk/src/device_mapper.cpp:920
160 [140252666652224] INFO perfrun.sdk <> - runCmd: /data/spack/opt/spack/linux-ubuntu22.04-icelake/gcc-11.4.0/intel-oneapi-vtune-2024.0.1-w6lwvbxd4wkqfv4m5tgkvamrxbvllffr/vtune/2024.0/bin64/amplxe-perf stat --iostat=list
161 [140252666652224] INFO perfrun.sdk <> - runCmd started PID 1447917
682 [140252666652224] INFO perfrun.sdk <> - UPI platform topology is not supported on this platform via perf
682 [140252666652224] INFO perfrun.sdk <> - Mapped device: Display controller: NVIDIA Corporation Device 0x26b5 0000:4b:00.0
683 [140252666652224] INFO perfrun.sdk <> - Mapped device: I350 Gigabit Network Connection F014I350 0000:65:00.0
683 [140252666652224] INFO perfrun.sdk <> - Mapped device: I350 Gigabit Network Connection F014I350 0000:65:00.1
683 [140252666652224] INFO perfrun.sdk <> - Mapped device: I350 Gigabit Network Connection F014I350 0000:65:00.2
683 [140252666652224] INFO perfrun.sdk <> - Mapped device: I350 Gigabit Network Connection F014I350 0000:65:00.3
683 [140252666652224] INFO perfrun.sdk <> - Mapped device: NVMe SSD Controller PM9A1/PM9A3/980PRO General DC NVMe PM9A3 0000:66:00.0
683 [140252666652224] INFO perfrun.sdk <> - Mapped device: NVMe SSD Controller PM9A1/PM9A3/980PRO General DC NVMe PM9A3 0000:67:00.0
683 [140252666652224] INFO perfrun.sdk <> - Mapped device: AST1150 PCI-to-PCI Bridge 0000:03:00.0
683 [140252666652224] INFO perfrun.sdk <> - Mapped device: ASPEED Graphics Family 0000:04:00.0
683 [140252666652224] INFO perfrun.sdk <> - Mapped device: Display controller: NVIDIA Corporation Device 0x26b5 0000:b1:00.0
684 [140252666652224] INFO perfrun.sdk <> - Mapped device: MT27700 Family [ConnectX-4] 0000:ca:00.0
688 [140252666652224] INFO perfrun.sdk <> - runCmd: /data/spack/opt/spack/linux-ubuntu22.04-icelake/gcc-11.4.0/intel-oneapi-vtune-2024.0.1-w6lwvbxd4wkqfv4m5tgkvamrxbvllffr/vtune/2024.0/bin64/sep -platform-info
689 [140252666652224] INFO perfrun.sdk <> - runCmd started PID 1447920
697 [140252666652224] WARN perfrun.sdk <> - SEP driver is not available, at file: vcs/perfrun1/plugins/pluginsdk/src/device_mapper.cpp:920
697 [140252666652224] INFO perfrun.sdk <> - runCmd: /data/spack/opt/spack/linux-ubuntu22.04-icelake/gcc-11.4.0/intel-oneapi-vtune-2024.0.1-w6lwvbxd4wkqfv4m5tgkvamrxbvllffr/vtune/2024.0/bin64/sep -platform-info
698 [140252666652224] INFO perfrun.sdk <> - runCmd started PID 1447921
705 [140252666652224] WARN perfrun.sdk <> - SEP driver is not available, at file: vcs/perfrun1/plugins/pluginsdk/src/device_mapper.cpp:920
705 [140252666652224] INFO perfrun.sdk <> - runCmd: /data/spack/opt/spack/linux-ubuntu22.04-icelake/gcc-11.4.0/intel-oneapi-vtune-2024.0.1-w6lwvbxd4wkqfv4m5tgkvamrxbvllffr/vtune/2024.0/bin64/amplxe-perf stat --iostat=list
706 [140252666652224] INFO perfrun.sdk <> - runCmd started PID 1447922
1231 [140252666652224] INFO perfrun.sdk <> - UPI platform topology is not supported on this platform via perf
1231 [140252666652224] WARN perfrun.sdk <> - Failed to find xl binary on any of the system paths: /bin, /sbin, /usr/bin, /usr/sbin., at file: vcs/perfrun1/sdk/src/utils.cpp:204
1231 [140252666652224] WARN perfrun.system <> - Could not start ContainerMapping collector, at file: vcs/perfrun1/plugins/system/src/controller.cpp:448
1350 [140252666652224] INFO perfrun.vdso <> - Helper runtool '/data/spack/opt/spack/linux-ubuntu22.04-icelake/gcc-11.4.0/intel-oneapi-vtune-2024.0.1-w6lwvbxd4wkqfv4m5tgkvamrxbvllffr/vtune/2024.0/bin32/amplxe-runss -dump-vdso -r /tmp/amplxe-tmp-lyt/amplxe-res-1447910-33590667453986679 --tmp-dir /tmp/amplxe-tmp-lyt' returned 0
1463 [140252666652224] INFO perfrun.vdso <> - Helper runtool '/data/spack/opt/spack/linux-ubuntu22.04-icelake/gcc-11.4.0/intel-oneapi-vtune-2024.0.1-w6lwvbxd4wkqfv4m5tgkvamrxbvllffr/vtune/2024.0/bin64/amplxe-runss -dump-vdso -r /tmp/amplxe-tmp-lyt/amplxe-res-1447910-33590667453986679 --tmp-dir /tmp/amplxe-tmp-lyt' returned 0
1464 [140252666652224] INFO perfrun.itt <> - start itt controller for pid #1447915
1464 [140252666652224] INFO perfrun.tpss <> - start tpss controller for pid #1447915
1514 [140252817972544] INFO perfrun.launcher <> - Launcher: all plugins were started
1514 [140252817972544] INFO perfrun.launcher <> - DirectoryMonitor object was created
1514 [140252817972544] INFO perfrun.launcher <> - DirectoryMonitor: a callback was added
1514 [140252817972544] INFO perfrun.launcher <> - DirectoryMonitor was started with pingTime = 1000
1514 [140252817972544] INFO perfrun.launcher <> - DeadlineTimer is going to be constructed
1514 [140252817972544] INFO perfrun.launcher <> - DeadlineTimer: a callback was added
1517 [140252817972544] INFO perfrun.launcher <> - Launcher: resume the profiled application and  wait its termination or stop command
62870 [140252817972544] INFO perfrun.launcher <> - Launcher: the profiled application was terminated  with exit code = 0
63290 [140252666652224] INFO perfrun.itt <> - detach itt controller
63290 [140252666652224] INFO perfrun.itt <> - detach itt controller done
63290 [140252666652224] INFO perfrun.tpss <> - stop tpss controller
63305 [140252666652224] INFO perfrun.sdk <> - De-allocating TMU: /tmp/amplxe-tmp-lyt/amplxe-res-1447910-33590667453986679/data.0/systemcollector-1447910-hepnode1.sc
63305 [140252666652224] INFO perfrun.system <> - closed the system trace file: /tmp/amplxe-tmp-lyt/amplxe-res-1447910-33590667453986679/data.0/systemcollector-1447910-hepnode1.sc
63305 [140252817972544] INFO perfrun.launcher <> - Launcher: all plugins were stopped.
63305 [140252817972544] INFO perfrun.launcher <> - DeadlineTimer is going to be destroyed
63305 [140252817972544] INFO perfrun.launcher <> - DeadlineTimer was destroyed
63305 [140252817972544] INFO perfrun.launcher <> - DirectoryMonitor object was destroyed
63305 [140252817972544] WARN perfrun.launcher <> - Stop command is ignored because it is received when collection is already stopped, at file: vcs/perfrun1/launcher/src/command_handler.cpp:226
66005 [140252817972544] INFO perfrun.launcher <> - Application exit code: 0
66005 [140252817972544] INFO perfrun.launcher <> - Exit code: 0
