0 [4132132608] INFO perfrun.launcher <> - Launcher main begin
2 [4132132608] INFO perfrun.launcher <> - MessageCatalogInit finished
2 [4132132608] INFO perfrun.launcher <> - Launcher instance created
2 [4132132608] INFO perfrun.launcher <> - argc = 6; cmdline = /opt/intel/oneapi/vtune/2024.1/bin32/amplxe-runss -dump-vdso -r /tmp/amplxe-tmp-lyt/amplxe-res-1203631-33490032733331321 --tmp-dir /tmp/amplxe-tmp-lyt 
44 [4132132608] INFO perfrun.launcher <> - create msngr2::ICliToolContext
44 [4132132608] INFO perfrun.launcher <> - create file finder object
83 [4131601088] INFO perfrun.launcher <> - plugin [remoteplug] was disabled because it doesn't support the given collection type.
83 [4131601088] INFO perfrun.launcher <> - plugin [] was disabled because it doesn't support the given collection type.
83 [4131601088] INFO perfrun.vdso <> - dumping [vdso] pseudomodule
83 [4131601088] INFO perfrun.launcher <> - plugin [] was disabled because it doesn't support the given collection type.
83 [4131601088] INFO perfrun.launcher <> - plugin [] was disabled because it doesn't support the given collection type.
83 [4131601088] INFO perfrun.launcher <> - plugin [] was disabled because it doesn't support the given collection type.
83 [4131601088] INFO perfrun.launcher <> - plugin [] was disabled because it doesn't support the given collection type.
83 [4131601088] INFO perfrun.launcher <> - plugin [] was disabled because it doesn't support the given collection type.
83 [4131601088] INFO perfrun.launcher <> - plugin [] was disabled because it doesn't support the given collection type.
83 [4131601088] INFO perfrun.launcher <> - plugin [] was disabled because it doesn't support the given collection type.
83 [4131601088] INFO perfrun.launcher <> - plugin [] was disabled because it doesn't support the given collection type.
83 [4131601088] INFO perfrun.launcher <> - plugin [] was disabled because it doesn't support the given collection type.
83 [4131601088] INFO perfrun.launcher <> - plugin [] was disabled because it doesn't support the given collection type.
83 [4131601088] INFO perfrun.launcher <> - plugin [] was disabled because it doesn't support the given collection type.
83 [4131601088] INFO perfrun.launcher <> - plugin [] was disabled because it doesn't support the given collection type.
83 [4131601088] INFO perfrun.launcher <> - plugin [] was disabled because it doesn't support the given collection type.
83 [4131601088] INFO perfrun.launcher <> - plugin [] was disabled because it doesn't support the given collection type.
83 [4131601088] INFO perfrun.launcher <> - plugin [] was disabled because it doesn't support the given collection type.
83 [4131601088] INFO perfrun.launcher <> - plugin [] was disabled because it doesn't support the given collection type.
83 [4131601088] INFO perfrun.launcher <> - plugin [] was disabled because it doesn't support the given collection type.
83 [4131601088] INFO perfrun.launcher <> - plugin [] was disabled because it doesn't support the given collection type.
83 [4131601088] INFO perfrun.launcher <> - plugin [] was disabled because it doesn't support the given collection type.
83 [4131601088] INFO perfrun.launcher <> - plugin [] was disabled because it doesn't support the given collection type.
83 [4131601088] INFO perfrun.launcher <> - plugin [] was disabled because it doesn't support the given collection type.
83 [4131601088] INFO perfrun.launcher <> - plugin [] was disabled because it doesn't support the given collection type.
83 [4131601088] INFO perfrun.launcher <> - plugin [] was disabled because it doesn't support the given collection type.
83 [4131601088] INFO perfrun.launcher <> - plugin [] was disabled because it doesn't support the given collection type.
83 [4132132608] INFO perfrun.launcher <> - Application exit code: 0
83 [4132132608] INFO perfrun.launcher <> - Exit code: 0
