6 [139832024237952] INFO perfrun.launcher <> - Launcher main begin
6 [139832024237952] INFO perfrun.launcher <> - MessageCatalogInit finished
6 [139832024237952] INFO perfrun.launcher <> - Launcher instance created
7 [139832024237952] INFO perfrun.launcher <> - argc = 7; cmdline = /home/vtune/Intel_VTune_Profiler_2023.2.0/bin64/amplxe-runss --ui-output-format xml --ui-output-fd 14 --option-file /home/vtune/intel/vtune/projects/sample (matrix)/r000hs/config/runss.options 
697 [139832024237952] INFO perfrun.launcher <> - create msngr2::ICliToolContext
698 [139832024237952] INFO perfrun.launcher <> - create file finder object
698 [139832024237952] INFO perfrun.launcher <> - create a result directory: pattern = /home/vtune/intel/vtune/projects/sample (matrix)/r000hs pid = 4294967295
718 [139832024237952] INFO perfrun.sdk <> - checked that the directory /home/vtune/intel/vtune/projects/sample (matrix)/r000hs is a local directory
718 [139832024237952] INFO perfrun.sdk <> - the directory /home/vtune/intel/vtune/projects/sample (matrix)/r000hs is a local directory with FS type ID 61267
718 [139832024237952] INFO perfrun.launcher <> - create data directory = /home/vtune/intel/vtune/projects/sample (matrix)/r000hs/data.0
718 [139832024237952] INFO perfrun.launcher <> - Creating the master collection flag
729 [139832024237952] INFO perfrun.launcher <> - Done creating the master collection flag
752 [139831873103424] INFO perfrun.launcher <> - plugin [remoteplug] was disabled because it doesn't support the given collection type.
752 [139831873103424] INFO perfrun.sdk <> - Allocating TMU :/home/vtune/intel/vtune/projects/sample (matrix)/r000hs/data.0/systemcollector-46532-9049fa0820a9.jf.intel.com.sc
752 [139831873103424] INFO perfrun.system <> - Tpss based collection
753 [139831873103424] INFO perfrun.launcher <> - plugin [ptracecollector] was disabled because it doesn't support the given collection type.
753 [139831873103424] INFO perfrun.launcher <> - plugin [gpu] was disabled because it doesn't support the given collection type.
753 [139831873103424] INFO perfrun.launcher <> - plugin [] was disabled because it doesn't support the given collection type.
753 [139831873103424] INFO perfrun.launcher <> - plugin [] was disabled because it doesn't support the given collection type.
753 [139831873103424] INFO perfrun.launcher <> - plugin [] was disabled because it doesn't support the given collection type.
753 [139831873103424] INFO perfrun.mrte <> - system-wide mode is 0
753 [139831873103424] INFO perfrun.mrte <> - Getting  mrte profiling environment ...
766 [139831873103424] INFO perfrun.mrte <> - INTEL_MRTE_DATA_DIR=/home/vtune/intel/vtune/projects/sample (matrix)/r000hs/data.0
766 [139831873103424] INFO perfrun.mrte <> - INTEL_MRTE_HOST_NAME=9049fa0820a9.jf.intel.com
766 [139831873103424] INFO perfrun.mrte <> - JAVA_TOOL_OPTIONS=-agentlib:amplxe_tpssmrte_javaprof_1.0 -Dsun.boot.library.path=/home/vtune/Intel_VTune_Profiler_2023.2.0/lib32/runtime:/home/vtune/Intel_VTune_Profiler_2023.2.0/lib64/runtime
766 [139831873103424] INFO perfrun.mrte <> - LD_LIBRARY_PATH=/home/vtune/Intel_VTune_Profiler_2023.2.0/lib32/runtime:/home/vtune/Intel_VTune_Profiler_2023.2.0/lib64/runtime
766 [139831873103424] INFO perfrun.mrte <> - CORECLR_ENABLE_PROFILING=1
766 [139831873103424] INFO perfrun.mrte <> - CORECLR_PROFILER={AA5E4821-E3B1-479c-B7FF-5AD047D22CED}
766 [139831873103424] INFO perfrun.mrte <> - CORECLR_PROFILER_PATH=/home/vtune/Intel_VTune_Profiler_2023.2.0/lib64/libamplxe_samplingmrte_clrprof_1.0.so
766 [139831873103424] INFO perfrun.mrte <> - INTEL_MRTE_PROFILER_MODE=mixed
766 [139831873103424] INFO perfrun.mrte <> - Data directory: /home/vtune/intel/vtune/projects/sample (matrix)/r000hs/data.0
766 [139831873103424] INFO perfrun.mrte <> - Mrte plugin is initialized
766 [139831873103424] INFO perfrun.sdk <> - runCmd: /home/vtune/Intel_VTune_Profiler_2023.2.0/bin64/emon -v
766 [139831873103424] INFO perfrun.sdk <> - runCmd started PID 46539
911 [139831873103424] INFO perfrun.emon <> - Extracted TSC Frequency = 2.9184e+09 from emon -v
911 [139831873103424] INFO perfrun.metrics <> - Identified PMU type as undefined
911 [139831873103424] INFO perfrun.launcher <> - plugin [cuscol] was disabled because it doesn't support the given collection type.
911 [139831873103424] INFO perfrun.launcher <> - plugin [stdsrc] was disabled because it doesn't support the given collection type.
911 [139831873103424] INFO perfrun.launcher <> - plugin [sep] was disabled because it doesn't support the given collection type.
911 [139831873103424] INFO perfrun.launcher <> - plugin [vtsspp] was disabled because it doesn't support the given collection type.
911 [139831873103424] INFO perfrun.launcher <> - plugin [perf] was disabled because it doesn't support the given collection type.
911 [139831873103424] INFO perfrun.launcher <> - plugin [aoclprofile] was disabled because it doesn't support the given collection type.
911 [139831873103424] INFO perfrun.tpss <> - initialize tpss controller
911 [139831873103424] INFO perfrun.tpss <> - configure collection mode: value = cpu:counters:nostack
911 [139831873103424] INFO perfrun.tpss <> - configure collection mode: value = cpu:stack
911 [139831873103424] INFO perfrun.tpss <> - default obj-size-min=1024
911 [139831873103424] INFO perfrun.tpss <> - default hash-table-size=0
911 [139831873103424] INFO perfrun.launcher <> - plugin [media] was disabled because it doesn't support the given collection type.
911 [139831873103424] INFO perfrun.launcher <> - plugin [] was disabled because it doesn't support the given collection type.
911 [139831873103424] INFO perfrun.launcher <> - plugin [] was disabled because it doesn't support the given collection type.
911 [139831873103424] INFO perfrun.launcher <> - plugin [parallelfs] was disabled because it doesn't support the given collection type.
911 [139831873103424] INFO perfrun.launcher <> - plugin [power] was disabled because it doesn't support the given collection type.
911 [139831873103424] INFO perfrun.launcher <> - plugin [hwloc] was disabled because it doesn't support the given collection type.
911 [139831873103424] INFO perfrun.launcher <> - plugin [ipmwatch] was disabled because it doesn't support the given collection type.
911 [139831873103424] INFO perfrun.launcher <> - plugin [os_counters] was disabled because it doesn't support the given collection type.
911 [139831873103424] INFO perfrun.launcher <> - plugin [l0_metrics] was disabled because it doesn't support the given collection type.
911 [139832024237952] INFO perfrun.launcher <> - set environment variable: LD_LIBRARY_PATH = /home/vtune/Intel_VTune_Profiler_2023.2.0/lib32/runtime:/home/vtune/Intel_VTune_Profiler_2023.2.0/lib64/runtime
911 [139832024237952] INFO perfrun.launcher <> - set environment variable: INTEL_LIBITTNOTIFY32 = /home/vtune/Intel_VTune_Profiler_2023.2.0/lib32/runtime/libittnotify_collector.so
911 [139832024237952] INFO perfrun.launcher <> - set environment variable: INTEL_LIBITTNOTIFY64 = /home/vtune/Intel_VTune_Profiler_2023.2.0/lib64/runtime/libittnotify_collector.so
911 [139832024237952] INFO perfrun.launcher <> - set environment variable: INTEL_ITTNOTIFY_GROUPS = 
911 [139832024237952] INFO perfrun.launcher <> - set environment variable: INTEL_JIT_PROFILER32 = /home/vtune/Intel_VTune_Profiler_2023.2.0/lib32/runtime/libittnotify_collector.so
911 [139832024237952] INFO perfrun.launcher <> - set environment variable: INTEL_JIT_PROFILER64 = /home/vtune/Intel_VTune_Profiler_2023.2.0/lib64/runtime/libittnotify_collector.so
911 [139832024237952] INFO perfrun.launcher <> - set environment variable: ENABLE_JITPROFILING = 1
911 [139832024237952] INFO perfrun.launcher <> - set environment variable: CL_CONFIG_USE_VTUNE = True
911 [139832024237952] INFO perfrun.launcher <> - set environment variable: KMP_FORKJOIN_FRAMES = 0
911 [139832024237952] INFO perfrun.launcher <> - set environment variable: KMP_FORKJOIN_FRAMES_MODE = 0
911 [139832024237952] INFO perfrun.launcher <> - set environment variable: INTEL_MRTE_DATA_DIR = /home/vtune/intel/vtune/projects/sample (matrix)/r000hs/data.0
911 [139832024237952] INFO perfrun.launcher <> - set environment variable: INTEL_MRTE_HOST_NAME = 9049fa0820a9.jf.intel.com
911 [139832024237952] INFO perfrun.launcher <> - set environment variable: JAVA_TOOL_OPTIONS = -agentlib:amplxe_tpssmrte_javaprof_1.0 -Dsun.boot.library.path=/home/vtune/Intel_VTune_Profiler_2023.2.0/lib32/runtime:/home/vtune/Intel_VTune_Profiler_2023.2.0/lib64/runtime
911 [139832024237952] INFO perfrun.launcher <> - set environment variable: LD_LIBRARY_PATH = /home/vtune/Intel_VTune_Profiler_2023.2.0/lib32/runtime:/home/vtune/Intel_VTune_Profiler_2023.2.0/lib64/runtime
911 [139832024237952] INFO perfrun.launcher <> - set environment variable: CORECLR_ENABLE_PROFILING = 1
911 [139832024237952] INFO perfrun.launcher <> - set environment variable: CORECLR_PROFILER = {AA5E4821-E3B1-479c-B7FF-5AD047D22CED}
911 [139832024237952] INFO perfrun.launcher <> - set environment variable: CORECLR_PROFILER_PATH = /home/vtune/Intel_VTune_Profiler_2023.2.0/lib64/libamplxe_samplingmrte_clrprof_1.0.so
911 [139832024237952] INFO perfrun.launcher <> - set environment variable: INTEL_MRTE_PROFILER_MODE = mixed
911 [139832024237952] INFO perfrun.launcher <> - RpcServer: run RPC server to handle requests
912 [139832024237952] INFO perfrun.launcher <> - Launcher: command line to start before modification = /home/vtune/intel/vtune/samples/matrix/matrix
912 [139832024237952] INFO perfrun.launcher <> - Launcher: command line to start after modification = /home/vtune/Intel_VTune_Profiler_2023.2.0/bin64/pin -error_file /home/vtune/intel/vtune/projects/sample (matrix)/r000hs/data.0/pinerr.tpsslog -detach_reattach -follow_execv -tool_load_option deepbind -t64 /home/vtune/Intel_VTune_Profiler_2023.2.0/lib64/libtpsstool.so -t /home/vtune/Intel_VTune_Profiler_2023.2.0/lib32/libtpsstool.so -server_name tpss_ipc.46532 -prd_dir /home/vtune/Intel_VTune_Profiler_2023.2.0 -- /home/vtune/intel/vtune/samples/matrix/matrix
912 [139832024237952] INFO perfrun.launcher <> - ProcessCreator object was created
912 [139832024237952] INFO perfrun.launcher <> - Launcher: the process was started in suspend mode
915 [139831873103424] WARN perfrun.system <> - Could not do anything with /sys/kernel/debug/kvm: boost::filesystem::status: Permission denied: "/sys/kernel/debug/kvm", at file: vcs/perfrun1/plugins/system/src/trace_writer.cpp:787
915 [139831873103424] WARN perfrun.system <> - Folder "/var/run/libvirt/qemu/"doesn't exist, at file: vcs/perfrun1/plugins/system/src/trace_writer.cpp:800
918 [139831873103424] WARN perfrun.sdk <> - Failed to find xl binary on any of the system paths: /bin, /sbin, /usr/bin, /usr/sbin., at file: vcs/perfrun1/sdk/src/utils.cpp:204
918 [139831873103424] WARN perfrun.system <> - Could not start ContainerMapping collector, at file: vcs/perfrun1/plugins/system/src/controller.cpp:448
922 [139831873103424] INFO perfrun.vdso <> - Helper runtool '/home/vtune/Intel_VTune_Profiler_2023.2.0/bin32/amplxe-runss -dump-vdso -r /home/vtune/intel/vtune/projects/sample (matrix)/r000hs --tmp-dir /tmp/amplxe-tmp-vtune' returned 1
1743 [139831873103424] INFO perfrun.vdso <> - Helper runtool '/home/vtune/Intel_VTune_Profiler_2023.2.0/bin64/amplxe-runss -dump-vdso -r /home/vtune/intel/vtune/projects/sample (matrix)/r000hs --tmp-dir /tmp/amplxe-tmp-vtune' returned 0
1743 [139831873103424] INFO perfrun.itt <> - start itt controller for pid #46542
1744 [139831873103424] INFO perfrun.sdk <> - runCmd: /home/vtune/Intel_VTune_Profiler_2023.2.0/bin64/emon -M
1745 [139831873103424] INFO perfrun.sdk <> - runCmd started PID 46548
1861 [139831873103424] INFO perfrun.sdk <> - runCmd: /home/vtune/Intel_VTune_Profiler_2023.2.0/bin64/emon -v
1862 [139831873103424] INFO perfrun.sdk <> - runCmd started PID 46549
1974 [139831873103424] INFO perfrun.sdk <> - runCmd: /home/vtune/Intel_VTune_Profiler_2023.2.0/bin64/sep -dry-run -ec CPU_CLK_UNHALTED.THREAD:sa=2900000,CPU_CLK_UNHALTED.REF_TSC:sample:sa=2900000,INST_RETIRED.ANY:sample:sa=2900000,CPU_CLK_UNHALTED.DISTRIBUTED:sa=2900000,FP_ARITH_INST_RETIRED.SCALAR_SINGLE:sa=2000003,FP_ARITH_INST_RETIRED.128B_PACKED_SINGLE:sa=2000003,FP_ARITH_INST_RETIRED.256B_PACKED_SINGLE:sa=2000003,FP_ARITH_INST_RETIRED.SCALAR_DOUBLE:sa=2000003,FP_ARITH_INST_RETIRED.128B_PACKED_DOUBLE:sa=2000003,FP_ARITH_INST_RETIRED.256B_PACKED_DOUBLE:sa=2000003,UOPS_EXECUTED.X87:sa=2000003,UOPS_RETIRED.SLOTS:sa=2000003,UOPS_EXECUTED.THREAD:sa=2000003,TOPDOWN.SLOTS:perf_metrics:sample:sa=2000003,TOPDOWN_RETIRING.ALL:sample:sa=2000003 -experimental
1974 [139831873103424] INFO perfrun.sdk <> - runCmd started PID 46551
2082 [139831873103424] INFO perfrun.emon <> - Spawned collector thread
2082 [139831778731584] INFO perfrun.sdk <> - runCmd: /home/vtune/Intel_VTune_Profiler_2023.2.0/bin64/emon -u -t 0.050 -l0 -C CPU_CLK_UNHALTED.DISTRIBUTED,CPU_CLK_UNHALTED.REF_TSC,CPU_CLK_UNHALTED.THREAD,FP_ARITH_INST_RETIRED.128B_PACKED_DOUBLE,FP_ARITH_INST_RETIRED.128B_PACKED_SINGLE,FP_ARITH_INST_RETIRED.256B_PACKED_DOUBLE,FP_ARITH_INST_RETIRED.256B_PACKED_SINGLE,FP_ARITH_INST_RETIRED.SCALAR_DOUBLE,FP_ARITH_INST_RETIRED.SCALAR_SINGLE,INST_RETIRED.ANY,TOPDOWN.SLOTS:perf_metrics,TOPDOWN_RETIRING.ALL,UOPS_EXECUTED.THREAD,UOPS_EXECUTED.X87,UOPS_RETIRED.SLOTS -experimental
2083 [139831778731584] INFO perfrun.sdk <> - runCmd started PID 46553
2348 [139831873103424] INFO perfrun.tpss <> - start tpss controller for pid #46542
2398 [139832024237952] INFO perfrun.launcher <> - Launcher: all plugins were started
2399 [139832024237952] INFO perfrun.launcher <> - DirectoryMonitor object was created
2399 [139832024237952] INFO perfrun.launcher <> - DirectoryMonitor: a callback was added
2399 [139832024237952] INFO perfrun.launcher <> - DirectoryMonitor was started with pingTime = 1000
2399 [139832024237952] INFO perfrun.launcher <> - DeadlineTimer is going to be constructed
2399 [139832024237952] INFO perfrun.launcher <> - DeadlineTimer: a callback was added
2411 [139832024237952] INFO perfrun.launcher <> - Launcher: resume the profiled application and  wait its termination or stop command
5576 [139832024237952] INFO perfrun.launcher <> - Launcher: the profiled application was terminated  with exit code = 0
5579 [139831873103424] INFO perfrun.itt <> - detach itt controller
5579 [139831873103424] INFO perfrun.itt <> - detach itt controller done
5579 [139831873103424] INFO perfrun.sdk <> - runCmd: /home/vtune/Intel_VTune_Profiler_2023.2.0/bin64/emon -stop
5579 [139831873103424] INFO perfrun.sdk <> - runCmd started PID 46588
5724 [139831778731584] WARN perfrun.emon_output <> - TimeKeeper: the time is being asked while the time keeper object is armed. This may mean that the time for the last group is getting reused as the time for this group
5724 [139831778731584] INFO perfrun.emon_output <> - Collector process exited successfully
5737 [139831873103424] INFO perfrun.emon <> - EMON collector successfully stopped.

5737 [139831873103424] INFO perfrun.tpss <> - stop tpss controller
5739 [139831873103424] INFO perfrun.sdk <> - De-allocating TMU: /home/vtune/intel/vtune/projects/sample (matrix)/r000hs/data.0/systemcollector-46532-9049fa0820a9.jf.intel.com.sc
5739 [139831873103424] INFO perfrun.system <> - closed the system trace file: /home/vtune/intel/vtune/projects/sample (matrix)/r000hs/data.0/systemcollector-46532-9049fa0820a9.jf.intel.com.sc
5739 [139832024237952] INFO perfrun.launcher <> - Launcher: all plugins were stopped.
5739 [139832024237952] INFO perfrun.launcher <> - DeadlineTimer is going to be destroyed
5739 [139832024237952] INFO perfrun.launcher <> - DeadlineTimer was destroyed
5739 [139832024237952] INFO perfrun.launcher <> - DirectoryMonitor object was destroyed
5739 [139832024237952] WARN perfrun.launcher <> - Stop command is ignored because it is received when collection is already stopped, at file: vcs/perfrun1/launcher/src/command_handler.cpp:226
5740 [139832024237952] INFO perfrun.launcher <> - Application exit code: 0
5741 [139832024237952] INFO perfrun.launcher <> - Exit code: 0
