14 [140110404609920] INFO perfrun.launcher <> - Launcher main begin
15 [140110404609920] INFO perfrun.launcher <> - MessageCatalogInit finished
15 [140110404609920] INFO perfrun.launcher <> - Launcher instance created
15 [140110404609920] INFO perfrun.launcher <> - argc = 6; cmdline = /home/vtune/Intel_VTune_Profiler_2023.2.0/bin64/amplxe-runss -dump-vdso -r /home/vtune/intel/vtune/projects/sample (matrix)/r000hs --tmp-dir /tmp/amplxe-tmp-vtune 
752 [140110404609920] INFO perfrun.launcher <> - create msngr2::ICliToolContext
752 [140110404609920] INFO perfrun.launcher <> - create file finder object
778 [140110253254208] INFO perfrun.launcher <> - plugin [remoteplug] was disabled because it doesn't support the given collection type.
778 [140110253254208] INFO perfrun.launcher <> - plugin [system] was disabled because it doesn't support the given collection type.
778 [140110253254208] INFO perfrun.vdso <> - dumping [vdso] pseudomodule
791 [140110253254208] INFO perfrun.launcher <> - plugin [itt] was disabled because it doesn't support the given collection type.
791 [140110253254208] INFO perfrun.launcher <> - plugin [ptracecollector] was disabled because it doesn't support the given collection type.
791 [140110253254208] INFO perfrun.launcher <> - plugin [gpu] was disabled because it doesn't support the given collection type.
791 [140110253254208] INFO perfrun.launcher <> - plugin [] was disabled because it doesn't support the given collection type.
791 [140110253254208] INFO perfrun.launcher <> - plugin [] was disabled because it doesn't support the given collection type.
791 [140110253254208] INFO perfrun.launcher <> - plugin [] was disabled because it doesn't support the given collection type.
791 [140110253254208] INFO perfrun.launcher <> - plugin [mrte] was disabled because it doesn't support the given collection type.
791 [140110253254208] INFO perfrun.launcher <> - plugin [emon] was disabled because it doesn't support the given collection type.
791 [140110253254208] INFO perfrun.launcher <> - plugin [cuscol] was disabled because it doesn't support the given collection type.
791 [140110253254208] INFO perfrun.launcher <> - plugin [stdsrc] was disabled because it doesn't support the given collection type.
791 [140110253254208] INFO perfrun.launcher <> - plugin [sep] was disabled because it doesn't support the given collection type.
791 [140110253254208] INFO perfrun.launcher <> - plugin [vtsspp] was disabled because it doesn't support the given collection type.
791 [140110253254208] INFO perfrun.launcher <> - plugin [perf] was disabled because it doesn't support the given collection type.
791 [140110253254208] INFO perfrun.launcher <> - plugin [aoclprofile] was disabled because it doesn't support the given collection type.
791 [140110253254208] INFO perfrun.launcher <> - plugin [tpss] was disabled because it doesn't support the given collection type.
791 [140110253254208] INFO perfrun.launcher <> - plugin [media] was disabled because it doesn't support the given collection type.
792 [140110253254208] INFO perfrun.launcher <> - plugin [] was disabled because it doesn't support the given collection type.
792 [140110253254208] INFO perfrun.launcher <> - plugin [] was disabled because it doesn't support the given collection type.
792 [140110253254208] INFO perfrun.launcher <> - plugin [parallelfs] was disabled because it doesn't support the given collection type.
792 [140110253254208] INFO perfrun.launcher <> - plugin [power] was disabled because it doesn't support the given collection type.
792 [140110253254208] INFO perfrun.launcher <> - plugin [hwloc] was disabled because it doesn't support the given collection type.
792 [140110253254208] INFO perfrun.launcher <> - plugin [ipmwatch] was disabled because it doesn't support the given collection type.
792 [140110253254208] INFO perfrun.launcher <> - plugin [os_counters] was disabled because it doesn't support the given collection type.
792 [140110253254208] INFO perfrun.launcher <> - plugin [l0_metrics] was disabled because it doesn't support the given collection type.
792 [140110404609920] INFO perfrun.launcher <> - Application exit code: 0
792 [140110404609920] INFO perfrun.launcher <> - Exit code: 0
