11 [4130248448] INFO perfrun.launcher <> - Launcher main begin
12 [4130248448] INFO perfrun.launcher <> - MessageCatalogInit finished
12 [4130248448] INFO perfrun.launcher <> - Launcher instance created
12 [4130248448] INFO perfrun.launcher <> - argc = 6; cmdline = /data/spack/opt/spack/linux-ubuntu22.04-icelake/gcc-11.4.0/intel-oneapi-vtune-2024.0.1-w6lwvbxd4wkqfv4m5tgkvamrxbvllffr/vtune/2024.0/bin32/amplxe-runss -dump-vdso -r /tmp/amplxe-tmp-lyt/amplxe-res-1443315-33590424269707463 --tmp-dir /tmp/amplxe-tmp-lyt 
57 [4130248448] INFO perfrun.launcher <> - create msngr2::ICliToolContext
57 [4130248448] INFO perfrun.launcher <> - create file finder object
97 [4129716928] INFO perfrun.launcher <> - plugin [remoteplug] was disabled because it doesn't support the given collection type.
97 [4129716928] INFO perfrun.launcher <> - plugin [] was disabled because it doesn't support the given collection type.
97 [4129716928] INFO perfrun.vdso <> - dumping [vdso] pseudomodule
98 [4129716928] INFO perfrun.launcher <> - plugin [] was disabled because it doesn't support the given collection type.
98 [4129716928] INFO perfrun.launcher <> - plugin [] was disabled because it doesn't support the given collection type.
98 [4129716928] INFO perfrun.launcher <> - plugin [] was disabled because it doesn't support the given collection type.
98 [4129716928] INFO perfrun.launcher <> - plugin [] was disabled because it doesn't support the given collection type.
98 [4129716928] INFO perfrun.launcher <> - plugin [] was disabled because it doesn't support the given collection type.
98 [4129716928] INFO perfrun.launcher <> - plugin [] was disabled because it doesn't support the given collection type.
98 [4129716928] INFO perfrun.launcher <> - plugin [] was disabled because it doesn't support the given collection type.
98 [4129716928] INFO perfrun.launcher <> - plugin [] was disabled because it doesn't support the given collection type.
98 [4129716928] INFO perfrun.launcher <> - plugin [] was disabled because it doesn't support the given collection type.
98 [4129716928] INFO perfrun.launcher <> - plugin [] was disabled because it doesn't support the given collection type.
98 [4129716928] INFO perfrun.launcher <> - plugin [] was disabled because it doesn't support the given collection type.
98 [4129716928] INFO perfrun.launcher <> - plugin [] was disabled because it doesn't support the given collection type.
98 [4129716928] INFO perfrun.launcher <> - plugin [] was disabled because it doesn't support the given collection type.
98 [4129716928] INFO perfrun.launcher <> - plugin [] was disabled because it doesn't support the given collection type.
98 [4129716928] INFO perfrun.launcher <> - plugin [] was disabled because it doesn't support the given collection type.
98 [4129716928] INFO perfrun.launcher <> - plugin [] was disabled because it doesn't support the given collection type.
98 [4129716928] INFO perfrun.launcher <> - plugin [] was disabled because it doesn't support the given collection type.
98 [4129716928] INFO perfrun.launcher <> - plugin [] was disabled because it doesn't support the given collection type.
98 [4129716928] INFO perfrun.launcher <> - plugin [] was disabled because it doesn't support the given collection type.
98 [4129716928] INFO perfrun.launcher <> - plugin [] was disabled because it doesn't support the given collection type.
98 [4129716928] INFO perfrun.launcher <> - plugin [] was disabled because it doesn't support the given collection type.
98 [4129716928] INFO perfrun.launcher <> - plugin [] was disabled because it doesn't support the given collection type.
98 [4129716928] INFO perfrun.launcher <> - plugin [] was disabled because it doesn't support the given collection type.
98 [4129716928] INFO perfrun.launcher <> - plugin [] was disabled because it doesn't support the given collection type.
98 [4130248448] INFO perfrun.launcher <> - Application exit code: 0
98 [4130248448] INFO perfrun.launcher <> - Exit code: 0
