0 [4132067072] INFO perfrun.launcher <> - Launcher main begin
2 [4132067072] INFO perfrun.launcher <> - MessageCatalogInit finished
2 [4132067072] INFO perfrun.launcher <> - Launcher instance created
2 [4132067072] INFO perfrun.launcher <> - argc = 6; cmdline = /opt/intel/oneapi/vtune/2024.1/bin32/amplxe-runss -dump-vdso -r /tmp/amplxe-tmp-lyt/amplxe-res-1369659-33561663133276199 --tmp-dir /tmp/amplxe-tmp-lyt 
50 [4132067072] INFO perfrun.launcher <> - create msngr2::ICliToolContext
50 [4132067072] INFO perfrun.launcher <> - create file finder object
93 [4131535552] INFO perfrun.launcher <> - plugin [remoteplug] was disabled because it doesn't support the given collection type.
93 [4131535552] INFO perfrun.launcher <> - plugin [] was disabled because it doesn't support the given collection type.
93 [4131535552] INFO perfrun.vdso <> - dumping [vdso] pseudomodule
93 [4131535552] INFO perfrun.launcher <> - plugin [] was disabled because it doesn't support the given collection type.
93 [4131535552] INFO perfrun.launcher <> - plugin [] was disabled because it doesn't support the given collection type.
93 [4131535552] INFO perfrun.launcher <> - plugin [] was disabled because it doesn't support the given collection type.
93 [4131535552] INFO perfrun.launcher <> - plugin [] was disabled because it doesn't support the given collection type.
93 [4131535552] INFO perfrun.launcher <> - plugin [] was disabled because it doesn't support the given collection type.
93 [4131535552] INFO perfrun.launcher <> - plugin [] was disabled because it doesn't support the given collection type.
93 [4131535552] INFO perfrun.launcher <> - plugin [] was disabled because it doesn't support the given collection type.
93 [4131535552] INFO perfrun.launcher <> - plugin [] was disabled because it doesn't support the given collection type.
93 [4131535552] INFO perfrun.launcher <> - plugin [] was disabled because it doesn't support the given collection type.
93 [4131535552] INFO perfrun.launcher <> - plugin [] was disabled because it doesn't support the given collection type.
93 [4131535552] INFO perfrun.launcher <> - plugin [] was disabled because it doesn't support the given collection type.
93 [4131535552] INFO perfrun.launcher <> - plugin [] was disabled because it doesn't support the given collection type.
93 [4131535552] INFO perfrun.launcher <> - plugin [] was disabled because it doesn't support the given collection type.
93 [4131535552] INFO perfrun.launcher <> - plugin [] was disabled because it doesn't support the given collection type.
93 [4131535552] INFO perfrun.launcher <> - plugin [] was disabled because it doesn't support the given collection type.
93 [4131535552] INFO perfrun.launcher <> - plugin [] was disabled because it doesn't support the given collection type.
93 [4131535552] INFO perfrun.launcher <> - plugin [] was disabled because it doesn't support the given collection type.
93 [4131535552] INFO perfrun.launcher <> - plugin [] was disabled because it doesn't support the given collection type.
93 [4131535552] INFO perfrun.launcher <> - plugin [] was disabled because it doesn't support the given collection type.
93 [4131535552] INFO perfrun.launcher <> - plugin [] was disabled because it doesn't support the given collection type.
93 [4131535552] INFO perfrun.launcher <> - plugin [] was disabled because it doesn't support the given collection type.
93 [4131535552] INFO perfrun.launcher <> - plugin [] was disabled because it doesn't support the given collection type.
93 [4131535552] INFO perfrun.launcher <> - plugin [] was disabled because it doesn't support the given collection type.
93 [4131535552] INFO perfrun.launcher <> - plugin [] was disabled because it doesn't support the given collection type.
93 [4132067072] INFO perfrun.launcher <> - Application exit code: 0
93 [4132067072] INFO perfrun.launcher <> - Exit code: 0
