6 [139708609148800] INFO perfrun.launcher <> - Launcher main begin
6 [139708609148800] INFO perfrun.launcher <> - MessageCatalogInit finished
6 [139708609148800] INFO perfrun.launcher <> - Launcher instance created
6 [139708609148800] INFO perfrun.launcher <> - argc = 7; cmdline = /home/vtune/Intel_VTune_Profiler_2023.2.0/bin64/amplxe-runss --ui-output-format xml --ui-output-fd 14 --option-file /home/vtune/intel/vtune/projects/sample (matrix)/r001ue/config/runsa.options 
246 [139708609148800] INFO perfrun.launcher <> - create msngr2::ICliToolContext
247 [139708609148800] INFO perfrun.launcher <> - create file finder object
247 [139708609148800] INFO perfrun.launcher <> - create a result directory: pattern = /home/vtune/intel/vtune/projects/sample (matrix)/r001ue pid = 4294967295
268 [139708609148800] INFO perfrun.sdk <> - checked that the directory /home/vtune/intel/vtune/projects/sample (matrix)/r001ue is a local directory
268 [139708609148800] INFO perfrun.sdk <> - the directory /home/vtune/intel/vtune/projects/sample (matrix)/r001ue is a local directory with FS type ID 61267
268 [139708609148800] INFO perfrun.launcher <> - create data directory = /home/vtune/intel/vtune/projects/sample (matrix)/r001ue/data.0
268 [139708609148800] INFO perfrun.launcher <> - Creating the master collection flag
279 [139708609148800] INFO perfrun.launcher <> - Done creating the master collection flag
303 [139708457805376] INFO perfrun.launcher <> - plugin [remoteplug] was disabled because it doesn't support the given collection type.
303 [139708457805376] INFO perfrun.system <> - online nodes : 0
303 [139708457805376] INFO perfrun.system <> - nodes with cpus : 0
303 [139708457805376] INFO perfrun.system <> - nodes with memory : 0
305 [139708457805376] INFO perfrun.sdk <> - Allocating TMU :/home/vtune/intel/vtune/projects/sample (matrix)/r001ue/data.0/systemcollector-46813-9049fa0820a9.jf.intel.com.sc
305 [139708457805376] INFO perfrun.launcher <> - plugin [ptracecollector] was disabled because it doesn't support the given collection type.
305 [139708457805376] INFO perfrun.launcher <> - plugin [gpu] was disabled because it doesn't support the given collection type.
305 [139708457805376] INFO perfrun.launcher <> - plugin [] was disabled because it doesn't support the given collection type.
305 [139708457805376] INFO perfrun.launcher <> - plugin [] was disabled because it doesn't support the given collection type.
306 [139708457805376] INFO perfrun.launcher <> - plugin [] was disabled because it doesn't support the given collection type.
306 [139708457805376] INFO perfrun.mrte <> - system-wide mode is 0
306 [139708457805376] INFO perfrun.mrte <> - Getting  mrte profiling environment ...
310 [139708457805376] INFO perfrun.mrte <> - INTEL_MRTE_DATA_DIR=/home/vtune/intel/vtune/projects/sample (matrix)/r001ue/data.0
310 [139708457805376] INFO perfrun.mrte <> - INTEL_MRTE_HOST_NAME=9049fa0820a9.jf.intel.com
310 [139708457805376] INFO perfrun.mrte <> - JAVA_TOOL_OPTIONS=-agentlib:amplxe_samplingmrte_javaprof_1.0 -Dsun.boot.library.path=/home/vtune/Intel_VTune_Profiler_2023.2.0/lib32/runtime:/home/vtune/Intel_VTune_Profiler_2023.2.0/lib64/runtime
310 [139708457805376] INFO perfrun.mrte <> - LD_LIBRARY_PATH=/home/vtune/Intel_VTune_Profiler_2023.2.0/lib32/runtime:/home/vtune/Intel_VTune_Profiler_2023.2.0/lib64/runtime
310 [139708457805376] INFO perfrun.mrte <> - CORECLR_ENABLE_PROFILING=1
310 [139708457805376] INFO perfrun.mrte <> - CORECLR_PROFILER={AA5E4821-E3B1-479c-B7FF-5AD047D22CED}
310 [139708457805376] INFO perfrun.mrte <> - CORECLR_PROFILER_PATH=/home/vtune/Intel_VTune_Profiler_2023.2.0/lib64/libamplxe_samplingmrte_clrprof_1.0.so
310 [139708457805376] INFO perfrun.mrte <> - INTEL_MRTE_PROFILER_MODE=mixed
310 [139708457805376] INFO perfrun.mrte <> - Data directory: /home/vtune/intel/vtune/projects/sample (matrix)/r001ue/data.0
310 [139708457805376] INFO perfrun.mrte <> - Mrte plugin is initialized
310 [139708457805376] INFO perfrun.launcher <> - plugin [emon] was disabled because it doesn't support the given collection type.
310 [139708457805376] INFO perfrun.launcher <> - plugin [cuscol] was disabled because it doesn't support the given collection type.
310 [139708457805376] INFO perfrun.launcher <> - plugin [stdsrc] was disabled because it doesn't support the given collection type.
310 [139708457805376] INFO perfrun.sdk <> - runCmd: /home/vtune/Intel_VTune_Profiler_2023.2.0/bin64/sep -dry-run -ec CPU_CLK_UNHALTED.THREAD:sa=2900000,CPU_CLK_UNHALTED.REF_TSC:sample:sa=2900000,INST_RETIRED.ANY:sample:sa=2900000,CPU_CLK_UNHALTED.DISTRIBUTED:sa=2900000,CPU_CLK_UNHALTED.THREAD_P,FRONTEND_RETIRED.LATENCY_GE_4,INT_MISC.UOP_DROPPING,TOPDOWN.BACKEND_BOUND_SLOTS,TOPDOWN.MEMORY_BOUND_SLOTS,TOPDOWN.SLOTS:perf_metrics,UOPS_RETIRED.SLOTS:sa=2000003,TOPDOWN_BE_BOUND.ALL,TOPDOWN_FE_BOUND.ALL,TOPDOWN_RETIRING.ALL,BR_MISP_RETIRED.ALL_BRANCHES,DECODE.LCP,DSB2MITE_SWITCHES.PENALTY_CYCLES,FRONTEND_RETIRED.ANY_DSB_MISS,FRONTEND_RETIRED.DSB_MISS,FRONTEND_RETIRED.L2_MISS,FRONTEND_RETIRED.LATENCY_GE_16,FRONTEND_RETIRED.LATENCY_GE_2_BUBBLES_GE_1,FRONTEND_RETIRED.MS_FLOWS,FRONTEND_RETIRED.STLB_MISS,FRONTEND_RETIRED.UNKNOWN_BRANCH,ICACHE_DATA.STALLS,ICACHE_TAG.STALLS,IDQ.DSB_CYCLES_ANY,IDQ.DSB_CYCLES_OK,IDQ.DSB_UOPS,IDQ.MITE_CYCLES_ANY,IDQ.MITE_CYCLES_OK,INST_DECODED.DECODERS:cmask=1,INST_DECODED.DECODERS:cmask=2,INT_MISC.CLEAR_RESTEER_CYCLES,INT_MISC.UNKNOWN_BRANCH_CYCLES,LSD.CYCLES_ACTIVE,LSD.CYCLES_OK,LSD.UOPS,TOPDOWN.BR_MISPREDICT_SLOTS,UOPS_ISSUED.ANY,UOPS_RETIRED.MS:cmask=1:e=yes,TOPDOWN_FE_BOUND.BRANCH_DETECT,TOPDOWN_FE_BOUND.BRANCH_RESTEER,TOPDOWN_FE_BOUND.CISC,TOPDOWN_FE_BOUND.DECODE,TOPDOWN_FE_BOUND.FRONTEND_BANDWIDTH,TOPDOWN_FE_BOUND.FRONTEND_LATENCY,TOPDOWN_FE_BOUND.ICACHE,TOPDOWN_FE_BOUND.ITLB,TOPDOWN_FE_BOUND.OTHER,TOPDOWN_FE_BOUND.PREDECODE,MACHINE_CLEARS.COUNT,MACHINE_CLEARS.DISAMBIGUATION,MACHINE_CLEARS.FP_ASSIST,MACHINE_CLEARS.MEMORY_ORDERING,MACHINE_CLEARS.PAGE_FAULT,MACHINE_CLEARS.SLOW,MACHINE_CLEARS.SMC,TOPDOWN_BAD_SPECULATION.FASTNUKE,TOPDOWN_BAD_SPECULATION.MACHINE_CLEARS,TOPDOWN_BAD_SPECULATION.MISPREDICT,TOPDOWN_BAD_SPECULATION.NUKE,CYCLE_ACTIVITY.CYCLES_L1D_MISS,CYCLE_ACTIVITY.CYCLES_MEM_ANY,DTLB_LOAD_MISSES.STLB_HIT:cmask=1,DTLB_LOAD_MISSES.WALK_ACTIVE,DTLB_STORE_MISSES.STLB_HIT:cmask=1,DTLB_STORE_MISSES.WALK_ACTIVE,EXE_ACTIVITY.BOUND_ON_LOADS,EXE_ACTIVITY.BOUND_ON_STORES,L1D_PEND_MISS.FB_FULL,L1D_PEND_MISS.L2_STALLS,L1D_PEND_MISS.PENDING,L2_RQSTS.ALL_RFO,L2_RQSTS.RFO_HIT,LD_BLOCKS.ADDRESS_ALIAS,LD_BLOCKS.NO_SR,LD_BLOCKS.STORE_FORWARD,MEMORY_ACTIVITY.STALLS_L1D_MISS,MEMORY_ACTIVITY.STALLS_L2_MISS,MEMORY_ACTIVITY.STALLS_L3_MISS,MEM_INST_RETIRED.ALL_STORES,MEM_INST_RETIRED.LOCK_LOADS,MEM_INST_RETIRED.SPLIT_LOADS,MEM_INST_RETIRED.SPLIT_STORES,MEM_INST_RETIRED.STLB_MISS_LOADS,MEM_INST_RETIRED.STLB_MISS_STORES,MEM_LOAD_COMPLETED.L1_MISS_ANY,MEM_LOAD_L3_HIT_RETIRED.XSNP_FWD,MEM_LOAD_L3_HIT_RETIRED.XSNP_MISS,MEM_LOAD_L3_HIT_RETIRED.XSNP_NO_FWD,MEM_LOAD_RETIRED.FB_HIT,MEM_LOAD_RETIRED.L1_HIT,MEM_LOAD_RETIRED.L1_MISS,MEM_LOAD_RETIRED.L2_HIT,MEM_LOAD_RETIRED.L3_HIT,MEM_LOAD_RETIRED.L3_MISS,MEM_STORE_RETIRED.L2_HIT,OFFCORE_REQUESTS_OUTSTANDING.ALL_DATA_RD:cmask=4,OFFCORE_REQUESTS_OUTSTANDING.CYCLES_WITH_DATA_RD,OFFCORE_REQUESTS_OUTSTANDING.CYCLES_WITH_DEMAND_RFO,XQ.FULL_CYCLES,LD_HEAD.ANY_AT_RET,LD_HEAD.DTLB_MISS_AT_RET,LD_HEAD.L1_BOUND_AT_RET,LD_HEAD.L1_MISS_AT_RET,LD_HEAD.OTHER_AT_RET,LD_HEAD.PGWALK_AT_RET,LD_HEAD.ST_ADDR_AT_RET,MEM_BOUND_STALLS.LOAD,MEM_BOUND_STALLS.LOAD_DRAM_HIT,MEM_BOUND_STALLS.LOAD_L2_HIT,MEM_BOUND_STALLS.LOAD_LLC_HIT,MEM_SCHEDULER_BLOCK.ALL,MEM_SCHEDULER_BLOCK.ST_BUF,TOPDOWN_BE_BOUND.MEM_SCHEDULER,ARITH.DIVIDER_ACTIVE,ARITH.DIV_ACTIVE,ASSISTS.SSE_AVX_MIX,CPU_CLK_UNHALTED.PAUSE,CPU_CLK_UNHALTED.PAUSE_INST,CYCLE_ACTIVITY.STALLS_TOTAL,EXE_ACTIVITY.1_PORTS_UTIL,EXE_ACTIVITY.2_PORTS_UTIL,EXE_ACTIVITY.2_PORTS_UTIL:umask=0xc,EXE_ACTIVITY.3_PORTS_UTIL:umask=0x80,FP_ARITH_INST_RETIRED.128B_PACKED_DOUBLE:umask=0x3c,FP_ARITH_INST_RETIRED.SCALAR_SINGLE:umask=0x03,MISC2_RETIRED.LFENCE,RESOURCE_STALLS.SCOREBOARD,UOPS_DISPATCHED.PORT_0,UOPS_DISPATCHED.PORT_1,UOPS_DISPATCHED.PORT_2_3_10,UOPS_DISPATCHED.PORT_4_9,UOPS_DISPATCHED.PORT_5_11,UOPS_DISPATCHED.PORT_6,UOPS_DISPATCHED.PORT_7_8,UOPS_EXECUTED.CYCLES_GE_3,UOPS_EXECUTED.THREAD:sa=2000003,UOPS_EXECUTED.X87:sa=2000003,UOPS_RETIRED.HEAVY,MEM_SCHEDULER_BLOCK.LD_BUF,MEM_SCHEDULER_BLOCK.RSV,TOPDOWN_BE_BOUND.ALLOC_RESTRICTIONS,TOPDOWN_BE_BOUND.NON_MEM_SCHEDULER,TOPDOWN_BE_BOUND.REGISTER,TOPDOWN_BE_BOUND.REORDER_BUFFER,TOPDOWN_BE_BOUND.SERIALIZATION,ASSISTS.ANY,ASSISTS.ANY:umask=0x1B,ASSISTS.FP,ASSISTS.PAGE_FAULT,BR_INST_RETIRED.ALL_BRANCHES,FP_ARITH_INST_RETIRED.128B_PACKED_DOUBLE:sa=2000003,FP_ARITH_INST_RETIRED.128B_PACKED_SINGLE:sa=2000003,FP_ARITH_INST_RETIRED.256B_PACKED_DOUBLE:sa=2000003,FP_ARITH_INST_RETIRED.256B_PACKED_SINGLE:sa=2000003,INST_RETIRED.MACRO_FUSED,INST_RETIRED.NOP,INT_VEC_RETIRED.ADD_128,INT_VEC_RETIRED.ADD_256,INT_VEC_RETIRED.MUL_256,INT_VEC_RETIRED.SHUFFLES,INT_VEC_RETIRED.VNNI_128,INT_VEC_RETIRED.VNNI_256,MEM_UOP_RETIRED.ANY,UOPS_RETIRED.MS,UOPS_RETIRED.FPDIV,OCR.DEMAND_RFO.L3_HIT.SNOOP_HITM,OCR.DEMAND_DATA_RD.L3_HIT.SNOOP_HIT_WITH_FWD,OCR.STREAMING_WR.ANY_RESPONSE,OCR.DEMAND_DATA_RD.L3_HIT.SNOOP_HITM,UNC_M_CAS_COUNT_RD,UNC_M_CAS_COUNT_WR,FP_ARITH_INST_RETIRED.SCALAR_SINGLE:sa=2000003,FP_ARITH_INST_RETIRED.SCALAR_DOUBLE:sa=2000003 -experimental
310 [139708457805376] INFO perfrun.sdk <> - runCmd started PID 46819
455 [139708457805376] INFO perfrun.launcher <> - plugin [vtsspp] was disabled because it doesn't support the given collection type.
455 [139708457805376] INFO perfrun.launcher <> - plugin [perf] was disabled because it doesn't support the given collection type.
455 [139708457805376] INFO perfrun.launcher <> - plugin [aoclprofile] was disabled because it doesn't support the given collection type.
455 [139708457805376] INFO perfrun.tpss <> - initialize tpss controller
455 [139708457805376] INFO perfrun.launcher <> - plugin [tpss] was disabled because it doesn't support the given collection type.
455 [139708457805376] INFO perfrun.launcher <> - plugin [media] was disabled because it doesn't support the given collection type.
455 [139708457805376] INFO perfrun.launcher <> - plugin [] was disabled because it doesn't support the given collection type.
455 [139708457805376] INFO perfrun.launcher <> - plugin [] was disabled because it doesn't support the given collection type.
455 [139708457805376] INFO perfrun.launcher <> - plugin [parallelfs] was disabled because it doesn't support the given collection type.
455 [139708457805376] INFO perfrun.launcher <> - plugin [power] was disabled because it doesn't support the given collection type.
455 [139708457805376] INFO perfrun.launcher <> - plugin [hwloc] was disabled because it doesn't support the given collection type.
455 [139708457805376] INFO perfrun.launcher <> - plugin [ipmwatch] was disabled because it doesn't support the given collection type.
455 [139708457805376] INFO perfrun.launcher <> - plugin [os_counters] was disabled because it doesn't support the given collection type.
455 [139708457805376] INFO perfrun.launcher <> - plugin [l0_metrics] was disabled because it doesn't support the given collection type.
455 [139708609148800] INFO perfrun.launcher <> - set environment variable: LD_LIBRARY_PATH = /home/vtune/Intel_VTune_Profiler_2023.2.0/lib32/runtime:/home/vtune/Intel_VTune_Profiler_2023.2.0/lib64/runtime
455 [139708609148800] INFO perfrun.launcher <> - set environment variable: INTEL_LIBITTNOTIFY32 = /home/vtune/Intel_VTune_Profiler_2023.2.0/lib32/runtime/libittnotify_collector.so
456 [139708609148800] INFO perfrun.launcher <> - set environment variable: INTEL_LIBITTNOTIFY64 = /home/vtune/Intel_VTune_Profiler_2023.2.0/lib64/runtime/libittnotify_collector.so
456 [139708609148800] INFO perfrun.launcher <> - set environment variable: INTEL_ITTNOTIFY_GROUPS = 
456 [139708609148800] INFO perfrun.launcher <> - set environment variable: INTEL_JIT_PROFILER32 = /home/vtune/Intel_VTune_Profiler_2023.2.0/lib32/runtime/libittnotify_collector.so
456 [139708609148800] INFO perfrun.launcher <> - set environment variable: INTEL_JIT_PROFILER64 = /home/vtune/Intel_VTune_Profiler_2023.2.0/lib64/runtime/libittnotify_collector.so
456 [139708609148800] INFO perfrun.launcher <> - set environment variable: ENABLE_JITPROFILING = 1
456 [139708609148800] INFO perfrun.launcher <> - set environment variable: CL_CONFIG_USE_VTUNE = True
456 [139708609148800] INFO perfrun.launcher <> - set environment variable: KMP_FORKJOIN_FRAMES = 0
456 [139708609148800] INFO perfrun.launcher <> - set environment variable: KMP_FORKJOIN_FRAMES_MODE = 0
456 [139708609148800] INFO perfrun.launcher <> - set environment variable: INTEL_MRTE_DATA_DIR = /home/vtune/intel/vtune/projects/sample (matrix)/r001ue/data.0
456 [139708609148800] INFO perfrun.launcher <> - set environment variable: INTEL_MRTE_HOST_NAME = 9049fa0820a9.jf.intel.com
456 [139708609148800] INFO perfrun.launcher <> - set environment variable: JAVA_TOOL_OPTIONS = -agentlib:amplxe_samplingmrte_javaprof_1.0 -Dsun.boot.library.path=/home/vtune/Intel_VTune_Profiler_2023.2.0/lib32/runtime:/home/vtune/Intel_VTune_Profiler_2023.2.0/lib64/runtime
456 [139708609148800] INFO perfrun.launcher <> - set environment variable: LD_LIBRARY_PATH = /home/vtune/Intel_VTune_Profiler_2023.2.0/lib32/runtime:/home/vtune/Intel_VTune_Profiler_2023.2.0/lib64/runtime
456 [139708609148800] INFO perfrun.launcher <> - set environment variable: CORECLR_ENABLE_PROFILING = 1
456 [139708609148800] INFO perfrun.launcher <> - set environment variable: CORECLR_PROFILER = {AA5E4821-E3B1-479c-B7FF-5AD047D22CED}
456 [139708609148800] INFO perfrun.launcher <> - set environment variable: CORECLR_PROFILER_PATH = /home/vtune/Intel_VTune_Profiler_2023.2.0/lib64/libamplxe_samplingmrte_clrprof_1.0.so
456 [139708609148800] INFO perfrun.launcher <> - set environment variable: INTEL_MRTE_PROFILER_MODE = mixed
456 [139708609148800] INFO perfrun.launcher <> - RpcServer: run RPC server to handle requests
456 [139708609148800] INFO perfrun.launcher <> - Launcher: command line to start before modification = /home/vtune/intel/vtune/samples/matrix/matrix
456 [139708609148800] INFO perfrun.launcher <> - Launcher: command line to start after modification = /home/vtune/intel/vtune/samples/matrix/matrix
456 [139708609148800] INFO perfrun.launcher <> - ProcessCreator object was created
456 [139708609148800] INFO perfrun.launcher <> - Launcher: the process was started in suspend mode
456 [139708457805376] INFO perfrun.launcher <> - Messenger::say: Peak bandwidth measurement started.
4280 [139708457805376] INFO perfrun.launcher <> - Messenger::say: Peak bandwidth measurement finished.
4302 [139708457805376] WARN perfrun.system <> - Could not do anything with /sys/kernel/debug/kvm: boost::filesystem::status: Permission denied: "/sys/kernel/debug/kvm", at file: vcs/perfrun1/plugins/system/src/trace_writer.cpp:787
4302 [139708457805376] WARN perfrun.system <> - Folder "/var/run/libvirt/qemu/"doesn't exist, at file: vcs/perfrun1/plugins/system/src/trace_writer.cpp:800
4305 [139708457805376] WARN perfrun.sdk <> - Failed to find xl binary on any of the system paths: /bin, /sbin, /usr/bin, /usr/sbin., at file: vcs/perfrun1/sdk/src/utils.cpp:204
4305 [139708457805376] WARN perfrun.system <> - Could not start ContainerMapping collector, at file: vcs/perfrun1/plugins/system/src/controller.cpp:448
4307 [139708457805376] INFO perfrun.vdso <> - Helper runtool '/home/vtune/Intel_VTune_Profiler_2023.2.0/bin32/amplxe-runss -dump-vdso -r /home/vtune/intel/vtune/projects/sample (matrix)/r001ue --tmp-dir /tmp/amplxe-tmp-vtune' returned 1
5057 [139708457805376] INFO perfrun.vdso <> - Helper runtool '/home/vtune/Intel_VTune_Profiler_2023.2.0/bin64/amplxe-runss -dump-vdso -r /home/vtune/intel/vtune/projects/sample (matrix)/r001ue --tmp-dir /tmp/amplxe-tmp-vtune' returned 0
5057 [139708457805376] INFO perfrun.itt <> - start itt controller for pid #46821
5059 [139708457805376] INFO perfrun.sdk <> - Reading value (1) from file: /proc/sys/kernel/nmi_watchdog
5059 [139708457805376] WARN perfrun.launcher <> - Messenger::say: To enable hardware event-based sampling, VTune Profiler has disabled the NMI watchdog timer. The watchdog timer will be re-enabled after collection completes.
5059 [139708457805376] INFO perfrun.sdk <> - runCmd: /home/vtune/Intel_VTune_Profiler_2023.2.0/bin64/sep -start -experimental -sam 5 -uem timer=10 -em factor=5 -p-state trigger=CPU_CLK_UNHALTED.REF_TSC -out "/home/vtune/intel/vtune/projects/sample (matrix)/r001ue/data.0/sep7f1068ffe640.20230822T024740.789236" -ec INST_RETIRED.ANY:sample:sa=2900000,CPU_CLK_UNHALTED.THREAD:sa=2900000,CPU_CLK_UNHALTED.REF_TSC:sample:sa=2900000,TOPDOWN.SLOTS:perf_metrics,INST_DECODED.DECODERS:cmask=1,DECODE.LCP,DSB2MITE_SWITCHES.PENALTY_CYCLES,ICACHE_DATA.STALLS,INST_RETIRED.MACRO_FUSED,INST_RETIRED.NOP,CPU_CLK_UNHALTED.DISTRIBUTED:sa=2900000,CPU_CLK_UNHALTED.THREAD_P,INST_DECODED.DECODERS:cmask=2,ICACHE_TAG.STALLS,IDQ.DSB_CYCLES_ANY,IDQ.DSB_CYCLES_OK,FRONTEND_RETIRED.LATENCY_GE_4,INT_MISC.UOP_DROPPING,TOPDOWN.BACKEND_BOUND_SLOTS,TOPDOWN.MEMORY_BOUND_SLOTS,TOPDOWN.BR_MISPREDICT_SLOTS,IDQ.DSB_UOPS,IDQ.MITE_CYCLES_ANY,IDQ.MITE_CYCLES_OK,UOPS_RETIRED.SLOTS:sa=2000003,BR_MISP_RETIRED.ALL_BRANCHES,FRONTEND_RETIRED.ANY_DSB_MISS,UOPS_RETIRED.MS:cmask=1:e=yes,EXE_ACTIVITY.2_PORTS_UTIL,CYCLE_ACTIVITY.CYCLES_L1D_MISS,DTLB_LOAD_MISSES.STLB_HIT:cmask=1,DTLB_LOAD_MISSES.WALK_ACTIVE,FRONTEND_RETIRED.DSB_MISS,EXE_ACTIVITY.2_PORTS_UTIL:umask=0xc,DTLB_STORE_MISSES.STLB_HIT:cmask=1,DTLB_STORE_MISSES.WALK_ACTIVE,L1D_PEND_MISS.FB_FULL,FRONTEND_RETIRED.L2_MISS,FP_ARITH_INST_RETIRED.128B_PACKED_DOUBLE:umask=0x3c,L1D_PEND_MISS.L2_STALLS,L1D_PEND_MISS.PENDING,L2_RQSTS.ALL_RFO,FRONTEND_RETIRED.LATENCY_GE_16,FP_ARITH_INST_RETIRED.SCALAR_SINGLE:umask=0x03,L2_RQSTS.RFO_HIT,LD_BLOCKS.ADDRESS_ALIAS,LD_BLOCKS.NO_SR,FRONTEND_RETIRED.LATENCY_GE_2_BUBBLES_GE_1,ASSISTS.ANY,LD_BLOCKS.STORE_FORWARD,MEMORY_ACTIVITY.STALLS_L1D_MISS,MEMORY_ACTIVITY.STALLS_L2_MISS,FRONTEND_RETIRED.MS_FLOWS,ASSISTS.ANY:umask=0x1B,MEMORY_ACTIVITY.STALLS_L3_MISS,MEM_INST_RETIRED.ALL_STORES,MEM_INST_RETIRED.LOCK_LOADS,FRONTEND_RETIRED.STLB_MISS,FP_ARITH_INST_RETIRED.128B_PACKED_DOUBLE:sa=2000003,MEM_INST_RETIRED.SPLIT_LOADS,MEM_INST_RETIRED.SPLIT_STORES,MEM_INST_RETIRED.STLB_MISS_LOADS,FRONTEND_RETIRED.UNKNOWN_BRANCH,INT_MISC.CLEAR_RESTEER_CYCLES,UOPS_RETIRED.MS,MEM_INST_RETIRED.STLB_MISS_STORES,MEM_LOAD_COMPLETED.L1_MISS_ANY,MEM_LOAD_L3_HIT_RETIRED.XSNP_FWD,FP_ARITH_INST_RETIRED.SCALAR_SINGLE:sa=2000003,MEM_LOAD_L3_HIT_RETIRED.XSNP_MISS,MEM_LOAD_L3_HIT_RETIRED.XSNP_NO_FWD,MEM_LOAD_RETIRED.FB_HIT,INT_MISC.UNKNOWN_BRANCH_CYCLES,LSD.CYCLES_ACTIVE,LSD.CYCLES_OK,LSD.UOPS,MEM_LOAD_RETIRED.L1_HIT,MEM_LOAD_RETIRED.L1_MISS,MEM_LOAD_RETIRED.L2_HIT,MEM_LOAD_RETIRED.L3_HIT,UOPS_ISSUED.ANY,MACHINE_CLEARS.COUNT,MACHINE_CLEARS.MEMORY_ORDERING,MACHINE_CLEARS.SMC,MEM_LOAD_RETIRED.L3_MISS,MEM_STORE_RETIRED.L2_HIT,OFFCORE_REQUESTS_OUTSTANDING.ALL_DATA_RD:cmask=4,OFFCORE_REQUESTS_OUTSTANDING.CYCLES_WITH_DATA_RD,CYCLE_ACTIVITY.CYCLES_MEM_ANY,EXE_ACTIVITY.BOUND_ON_LOADS,EXE_ACTIVITY.BOUND_ON_STORES,ARITH.DIVIDER_ACTIVE,OFFCORE_REQUESTS_OUTSTANDING.CYCLES_WITH_DEMAND_RFO,XQ.FULL_CYCLES,ARITH.DIV_ACTIVE,ASSISTS.SSE_AVX_MIX,CPU_CLK_UNHALTED.PAUSE,CPU_CLK_UNHALTED.PAUSE_INST,CYCLE_ACTIVITY.STALLS_TOTAL,EXE_ACTIVITY.1_PORTS_UTIL,EXE_ACTIVITY.3_PORTS_UTIL:umask=0x80,MISC2_RETIRED.LFENCE,RESOURCE_STALLS.SCOREBOARD,UOPS_DISPATCHED.PORT_0,UOPS_DISPATCHED.PORT_1,UOPS_DISPATCHED.PORT_2_3_10,UOPS_DISPATCHED.PORT_4_9,UOPS_DISPATCHED.PORT_5_11,UOPS_DISPATCHED.PORT_6,UOPS_DISPATCHED.PORT_7_8,UOPS_EXECUTED.CYCLES_GE_3,UOPS_EXECUTED.THREAD:sa=2000003,UOPS_EXECUTED.X87:sa=2000003,UOPS_RETIRED.HEAVY,ASSISTS.FP,ASSISTS.PAGE_FAULT,BR_INST_RETIRED.ALL_BRANCHES,FP_ARITH_INST_RETIRED.128B_PACKED_SINGLE:sa=2000003,FP_ARITH_INST_RETIRED.256B_PACKED_DOUBLE:sa=2000003,FP_ARITH_INST_RETIRED.256B_PACKED_SINGLE:sa=2000003,INT_VEC_RETIRED.ADD_128,INT_VEC_RETIRED.ADD_256,INT_VEC_RETIRED.MUL_256,INT_VEC_RETIRED.SHUFFLES,INT_VEC_RETIRED.VNNI_128,INT_VEC_RETIRED.VNNI_256,MEM_UOP_RETIRED.ANY,OCR.DEMAND_RFO.L3_HIT.SNOOP_HITM,OCR.DEMAND_DATA_RD.L3_HIT.SNOOP_HIT_WITH_FWD,FP_ARITH_INST_RETIRED.SCALAR_DOUBLE:sa=2000003,OCR.STREAMING_WR.ANY_RESPONSE,OCR.DEMAND_DATA_RD.L3_HIT.SNOOP_HITM,TOPDOWN_BE_BOUND.ALL,TOPDOWN_FE_BOUND.ALL,TOPDOWN_RETIRING.ALL,TOPDOWN_FE_BOUND.BRANCH_DETECT,TOPDOWN_FE_BOUND.BRANCH_RESTEER,TOPDOWN_FE_BOUND.CISC,TOPDOWN_FE_BOUND.DECODE,TOPDOWN_FE_BOUND.FRONTEND_BANDWIDTH,TOPDOWN_FE_BOUND.FRONTEND_LATENCY,TOPDOWN_FE_BOUND.ICACHE,TOPDOWN_FE_BOUND.ITLB,TOPDOWN_FE_BOUND.OTHER,TOPDOWN_FE_BOUND.PREDECODE,MACHINE_CLEARS.DISAMBIGUATION,MACHINE_CLEARS.FP_ASSIST,MACHINE_CLEARS.PAGE_FAULT,MACHINE_CLEARS.SLOW,TOPDOWN_BAD_SPECULATION.FASTNUKE,TOPDOWN_BAD_SPECULATION.MACHINE_CLEARS,TOPDOWN_BAD_SPECULATION.MISPREDICT,TOPDOWN_BAD_SPECULATION.NUKE,LD_HEAD.ANY_AT_RET,LD_HEAD.DTLB_MISS_AT_RET,LD_HEAD.L1_BOUND_AT_RET,LD_HEAD.L1_MISS_AT_RET,LD_HEAD.OTHER_AT_RET,LD_HEAD.PGWALK_AT_RET,LD_HEAD.ST_ADDR_AT_RET,MEM_BOUND_STALLS.LOAD,MEM_BOUND_STALLS.LOAD_DRAM_HIT,MEM_BOUND_STALLS.LOAD_L2_HIT,MEM_BOUND_STALLS.LOAD_LLC_HIT,MEM_SCHEDULER_BLOCK.ALL,MEM_SCHEDULER_BLOCK.ST_BUF,TOPDOWN_BE_BOUND.MEM_SCHEDULER,MEM_SCHEDULER_BLOCK.LD_BUF,MEM_SCHEDULER_BLOCK.RSV,TOPDOWN_BE_BOUND.ALLOC_RESTRICTIONS,TOPDOWN_BE_BOUND.NON_MEM_SCHEDULER,TOPDOWN_BE_BOUND.REGISTER,TOPDOWN_BE_BOUND.REORDER_BUFFER,TOPDOWN_BE_BOUND.SERIALIZATION,UOPS_RETIRED.FPDIV,UNC_M_CAS_COUNT_RD,UNC_M_CAS_COUNT_WR, -d 0 -uem factor=10
5060 [139708457805376] INFO perfrun.sdk <> - runCmd started PID 46852
5561 [139708609148800] INFO perfrun.launcher <> - Launcher: all plugins were started
5562 [139708609148800] INFO perfrun.launcher <> - DirectoryMonitor object was created
5562 [139708609148800] INFO perfrun.launcher <> - DirectoryMonitor: a callback was added
5562 [139708609148800] INFO perfrun.launcher <> - DirectoryMonitor was started with pingTime = 1000
5562 [139708609148800] INFO perfrun.launcher <> - DeadlineTimer is going to be constructed
5562 [139708609148800] INFO perfrun.launcher <> - DeadlineTimer: a callback was added
5576 [139708609148800] INFO perfrun.launcher <> - Launcher: resume the profiled application and  wait its termination or stop command
12689 [139708609148800] INFO perfrun.launcher <> - Launcher: the profiled application was terminated  with exit code = 0
12691 [139708457805376] INFO perfrun.itt <> - detach itt controller
12691 [139708457805376] INFO perfrun.itt <> - detach itt controller done
12691 [139708457805376] INFO perfrun.sdk <> - runCmd: /home/vtune/Intel_VTune_Profiler_2023.2.0/bin64/sep -stop
12691 [139708457805376] INFO perfrun.sdk <> - runCmd started PID 46902
15362 [139708457805376] INFO perfrun.sepdk <> - Sampling successfully stopped.

15362 [139708457805376] INFO perfrun.sepdk <> - Waiting for main SEP process (46852) to finish...
15362 [139708457805376] INFO perfrun.sepdk <> - Main SEP process finished
15362 [139708457805376] INFO perfrun.sdk <> - De-allocating TMU: /home/vtune/intel/vtune/projects/sample (matrix)/r001ue/data.0/systemcollector-46813-9049fa0820a9.jf.intel.com.sc
15362 [139708457805376] INFO perfrun.system <> - closed the system trace file: /home/vtune/intel/vtune/projects/sample (matrix)/r001ue/data.0/systemcollector-46813-9049fa0820a9.jf.intel.com.sc
15363 [139708609148800] INFO perfrun.launcher <> - Launcher: all plugins were stopped.
15363 [139708609148800] INFO perfrun.launcher <> - DeadlineTimer is going to be destroyed
15363 [139708609148800] INFO perfrun.launcher <> - DeadlineTimer was destroyed
15363 [139708609148800] INFO perfrun.launcher <> - DirectoryMonitor object was destroyed
15363 [139708609148800] WARN perfrun.launcher <> - Stop command is ignored because it is received when collection is already stopped, at file: vcs/perfrun1/launcher/src/command_handler.cpp:226
15364 [139708609148800] INFO perfrun.launcher <> - Application exit code: 0
15364 [139708609148800] INFO perfrun.launcher <> - Exit code: 0
