1 [139781902337856] INFO perfrun.launcher <> - Launcher main begin
4 [139781902337856] INFO perfrun.launcher <> - MessageCatalogInit finished
4 [139781902337856] INFO perfrun.launcher <> - Launcher instance created
4 [139781902337856] INFO perfrun.launcher <> - argc = 6; cmdline = /opt/intel/oneapi/vtune/2024.1/bin64/amplxe-runss -dump-vdso -r /tmp/amplxe-tmp-lyt/amplxe-res-1369316-33561575690475721 --tmp-dir /tmp/amplxe-tmp-lyt 
56 [139781902337856] INFO perfrun.launcher <> - create msngr2::ICliToolContext
56 [139781902337856] INFO perfrun.launcher <> - create file finder object
81 [139781749073472] INFO perfrun.launcher <> - plugin [remoteplug] was disabled because it doesn't support the given collection type.
81 [139781749073472] INFO perfrun.launcher <> - plugin [system] was disabled because it doesn't support the given collection type.
81 [139781749073472] INFO perfrun.vdso <> - dumping [vdso] pseudomodule
82 [139781749073472] INFO perfrun.launcher <> - plugin [itt] was disabled because it doesn't support the given collection type.
82 [139781749073472] INFO perfrun.launcher <> - plugin [ptracecollector] was disabled because it doesn't support the given collection type.
82 [139781749073472] INFO perfrun.launcher <> - plugin [gpu] was disabled because it doesn't support the given collection type.
82 [139781749073472] INFO perfrun.launcher <> - plugin [] was disabled because it doesn't support the given collection type.
82 [139781749073472] INFO perfrun.launcher <> - plugin [] was disabled because it doesn't support the given collection type.
82 [139781749073472] INFO perfrun.launcher <> - plugin [] was disabled because it doesn't support the given collection type.
82 [139781749073472] INFO perfrun.launcher <> - plugin [mrte] was disabled because it doesn't support the given collection type.
82 [139781749073472] INFO perfrun.launcher <> - plugin [emon] was disabled because it doesn't support the given collection type.
82 [139781749073472] INFO perfrun.launcher <> - plugin [cuscol] was disabled because it doesn't support the given collection type.
82 [139781749073472] INFO perfrun.launcher <> - plugin [stdsrc] was disabled because it doesn't support the given collection type.
82 [139781749073472] INFO perfrun.launcher <> - plugin [sep] was disabled because it doesn't support the given collection type.
82 [139781749073472] INFO perfrun.launcher <> - plugin [vtsspp] was disabled because it doesn't support the given collection type.
82 [139781749073472] INFO perfrun.launcher <> - plugin [perf] was disabled because it doesn't support the given collection type.
82 [139781749073472] INFO perfrun.launcher <> - plugin [aoclprofile] was disabled because it doesn't support the given collection type.
82 [139781749073472] INFO perfrun.launcher <> - plugin [tpss] was disabled because it doesn't support the given collection type.
82 [139781749073472] INFO perfrun.launcher <> - plugin [media] was disabled because it doesn't support the given collection type.
82 [139781749073472] INFO perfrun.launcher <> - plugin [] was disabled because it doesn't support the given collection type.
82 [139781749073472] INFO perfrun.launcher <> - plugin [] was disabled because it doesn't support the given collection type.
82 [139781749073472] INFO perfrun.launcher <> - plugin [parallelfs] was disabled because it doesn't support the given collection type.
82 [139781749073472] INFO perfrun.launcher <> - plugin [power] was disabled because it doesn't support the given collection type.
82 [139781749073472] INFO perfrun.launcher <> - plugin [] was disabled because it doesn't support the given collection type.
82 [139781749073472] INFO perfrun.launcher <> - plugin [ipmwatch] was disabled because it doesn't support the given collection type.
82 [139781749073472] INFO perfrun.launcher <> - plugin [os_counters] was disabled because it doesn't support the given collection type.
82 [139781749073472] INFO perfrun.launcher <> - plugin [l0_metrics] was disabled because it doesn't support the given collection type.
82 [139781902337856] INFO perfrun.launcher <> - Application exit code: 0
82 [139781902337856] INFO perfrun.launcher <> - Exit code: 0
