threads_spec: cpu
Using CPUID GenuineIntel-6-6A-6
DEBUGINFOD_URLS=
Compression enabled, disabling build id collection at the end of the session.
nr_threads: 64
thread_masks[0]: 0x55fcb4240380: maps mask[64]: 0
thread_masks[0]: 0x55fcb4240390: affinity mask[64]: 0
thread_masks[1]: 0x55fcb42403a0: maps mask[64]: 1
thread_masks[1]: 0x55fcb42403b0: affinity mask[64]: 1
thread_masks[2]: 0x55fcb42403c0: maps mask[64]: 2
thread_masks[2]: 0x55fcb42403d0: affinity mask[64]: 2
thread_masks[3]: 0x55fcb42403e0: maps mask[64]: 3
thread_masks[3]: 0x55fcb42403f0: affinity mask[64]: 3
thread_masks[4]: 0x55fcb4240400: maps mask[64]: 4
thread_masks[4]: 0x55fcb4240410: affinity mask[64]: 4
thread_masks[5]: 0x55fcb4240420: maps mask[64]: 5
thread_masks[5]: 0x55fcb4240430: affinity mask[64]: 5
thread_masks[6]: 0x55fcb4240440: maps mask[64]: 6
thread_masks[6]: 0x55fcb4240450: affinity mask[64]: 6
thread_masks[7]: 0x55fcb4240460: maps mask[64]: 7
thread_masks[7]: 0x55fcb4240470: affinity mask[64]: 7
thread_masks[8]: 0x55fcb4240480: maps mask[64]: 8
thread_masks[8]: 0x55fcb4240490: affinity mask[64]: 8
thread_masks[9]: 0x55fcb42404a0: maps mask[64]: 9
thread_masks[9]: 0x55fcb42404b0: affinity mask[64]: 9
thread_masks[10]: 0x55fcb42404c0: maps mask[64]: 10
thread_masks[10]: 0x55fcb42404d0: affinity mask[64]: 10
thread_masks[11]: 0x55fcb42404e0: maps mask[64]: 11
thread_masks[11]: 0x55fcb42404f0: affinity mask[64]: 11
thread_masks[12]: 0x55fcb4240500: maps mask[64]: 12
thread_masks[12]: 0x55fcb4240510: affinity mask[64]: 12
thread_masks[13]: 0x55fcb4240520: maps mask[64]: 13
thread_masks[13]: 0x55fcb4240530: affinity mask[64]: 13
thread_masks[14]: 0x55fcb4240540: maps mask[64]: 14
thread_masks[14]: 0x55fcb4240550: affinity mask[64]: 14
thread_masks[15]: 0x55fcb4240560: maps mask[64]: 15
thread_masks[15]: 0x55fcb4240570: affinity mask[64]: 15
thread_masks[16]: 0x55fcb4240580: maps mask[64]: 16
thread_masks[16]: 0x55fcb4240590: affinity mask[64]: 16
thread_masks[17]: 0x55fcb42405a0: maps mask[64]: 17
thread_masks[17]: 0x55fcb42405b0: affinity mask[64]: 17
thread_masks[18]: 0x55fcb42405c0: maps mask[64]: 18
thread_masks[18]: 0x55fcb42405d0: affinity mask[64]: 18
thread_masks[19]: 0x55fcb42405e0: maps mask[64]: 19
thread_masks[19]: 0x55fcb42405f0: affinity mask[64]: 19
thread_masks[20]: 0x55fcb4240600: maps mask[64]: 20
thread_masks[20]: 0x55fcb4240610: affinity mask[64]: 20
thread_masks[21]: 0x55fcb4240620: maps mask[64]: 21
thread_masks[21]: 0x55fcb4240630: affinity mask[64]: 21
thread_masks[22]: 0x55fcb4240640: maps mask[64]: 22
thread_masks[22]: 0x55fcb4240650: affinity mask[64]: 22
thread_masks[23]: 0x55fcb4240660: maps mask[64]: 23
thread_masks[23]: 0x55fcb4240670: affinity mask[64]: 23
thread_masks[24]: 0x55fcb4240680: maps mask[64]: 24
thread_masks[24]: 0x55fcb4240690: affinity mask[64]: 24
thread_masks[25]: 0x55fcb42406a0: maps mask[64]: 25
thread_masks[25]: 0x55fcb42406b0: affinity mask[64]: 25
thread_masks[26]: 0x55fcb42406c0: maps mask[64]: 26
thread_masks[26]: 0x55fcb42406d0: affinity mask[64]: 26
thread_masks[27]: 0x55fcb42406e0: maps mask[64]: 27
thread_masks[27]: 0x55fcb42406f0: affinity mask[64]: 27
thread_masks[28]: 0x55fcb4240700: maps mask[64]: 28
thread_masks[28]: 0x55fcb4240710: affinity mask[64]: 28
thread_masks[29]: 0x55fcb4240720: maps mask[64]: 29
thread_masks[29]: 0x55fcb4240730: affinity mask[64]: 29
thread_masks[30]: 0x55fcb4240740: maps mask[64]: 30
thread_masks[30]: 0x55fcb4240750: affinity mask[64]: 30
thread_masks[31]: 0x55fcb4240760: maps mask[64]: 31
thread_masks[31]: 0x55fcb4240770: affinity mask[64]: 31
thread_masks[32]: 0x55fcb4240780: maps mask[64]: 32
thread_masks[32]: 0x55fcb4240790: affinity mask[64]: 32
thread_masks[33]: 0x55fcb42407a0: maps mask[64]: 33
thread_masks[33]: 0x55fcb42407b0: affinity mask[64]: 33
thread_masks[34]: 0x55fcb42407c0: maps mask[64]: 34
thread_masks[34]: 0x55fcb42407d0: affinity mask[64]: 34
thread_masks[35]: 0x55fcb42407e0: maps mask[64]: 35
thread_masks[35]: 0x55fcb42407f0: affinity mask[64]: 35
thread_masks[36]: 0x55fcb4240800: maps mask[64]: 36
thread_masks[36]: 0x55fcb4240810: affinity mask[64]: 36
thread_masks[37]: 0x55fcb4240820: maps mask[64]: 37
thread_masks[37]: 0x55fcb4240830: affinity mask[64]: 37
thread_masks[38]: 0x55fcb4240840: maps mask[64]: 38
thread_masks[38]: 0x55fcb4240850: affinity mask[64]: 38
thread_masks[39]: 0x55fcb4240860: maps mask[64]: 39
thread_masks[39]: 0x55fcb4240870: affinity mask[64]: 39
thread_masks[40]: 0x55fcb4240880: maps mask[64]: 40
thread_masks[40]: 0x55fcb4240890: affinity mask[64]: 40
thread_masks[41]: 0x55fcb42408a0: maps mask[64]: 41
thread_masks[41]: 0x55fcb42408b0: affinity mask[64]: 41
thread_masks[42]: 0x55fcb42408c0: maps mask[64]: 42
thread_masks[42]: 0x55fcb42408d0: affinity mask[64]: 42
thread_masks[43]: 0x55fcb42408e0: maps mask[64]: 43
thread_masks[43]: 0x55fcb42408f0: affinity mask[64]: 43
thread_masks[44]: 0x55fcb4240900: maps mask[64]: 44
thread_masks[44]: 0x55fcb4240910: affinity mask[64]: 44
thread_masks[45]: 0x55fcb4240920: maps mask[64]: 45
thread_masks[45]: 0x55fcb4240930: affinity mask[64]: 45
thread_masks[46]: 0x55fcb4240940: maps mask[64]: 46
thread_masks[46]: 0x55fcb4240950: affinity mask[64]: 46
thread_masks[47]: 0x55fcb4240960: maps mask[64]: 47
thread_masks[47]: 0x55fcb4240970: affinity mask[64]: 47
thread_masks[48]: 0x55fcb4240980: maps mask[64]: 48
thread_masks[48]: 0x55fcb4240990: affinity mask[64]: 48
thread_masks[49]: 0x55fcb42409a0: maps mask[64]: 49
thread_masks[49]: 0x55fcb42409b0: affinity mask[64]: 49
thread_masks[50]: 0x55fcb42409c0: maps mask[64]: 50
thread_masks[50]: 0x55fcb42409d0: affinity mask[64]: 50
thread_masks[51]: 0x55fcb42409e0: maps mask[64]: 51
thread_masks[51]: 0x55fcb42409f0: affinity mask[64]: 51
thread_masks[52]: 0x55fcb4240a00: maps mask[64]: 52
thread_masks[52]: 0x55fcb4240a10: affinity mask[64]: 52
thread_masks[53]: 0x55fcb4240a20: maps mask[64]: 53
thread_masks[53]: 0x55fcb4240a30: affinity mask[64]: 53
thread_masks[54]: 0x55fcb4240a40: maps mask[64]: 54
thread_masks[54]: 0x55fcb4240a50: affinity mask[64]: 54
thread_masks[55]: 0x55fcb4240a60: maps mask[64]: 55
thread_masks[55]: 0x55fcb4240a70: affinity mask[64]: 55
thread_masks[56]: 0x55fcb4240a80: maps mask[64]: 56
thread_masks[56]: 0x55fcb4240a90: affinity mask[64]: 56
thread_masks[57]: 0x55fcb4240aa0: maps mask[64]: 57
thread_masks[57]: 0x55fcb4240ab0: affinity mask[64]: 57
thread_masks[58]: 0x55fcb4240ac0: maps mask[64]: 58
thread_masks[58]: 0x55fcb4240ad0: affinity mask[64]: 58
thread_masks[59]: 0x55fcb4240ae0: maps mask[64]: 59
thread_masks[59]: 0x55fcb4240af0: affinity mask[64]: 59
thread_masks[60]: 0x55fcb4240b00: maps mask[64]: 60
thread_masks[60]: 0x55fcb4240b10: affinity mask[64]: 60
thread_masks[61]: 0x55fcb4240b20: maps mask[64]: 61
thread_masks[61]: 0x55fcb4240b30: affinity mask[64]: 61
thread_masks[62]: 0x55fcb4240b40: maps mask[64]: 62
thread_masks[62]: 0x55fcb4240b50: affinity mask[64]: 62
thread_masks[63]: 0x55fcb4240b60: maps mask[64]: 63
thread_masks[63]: 0x55fcb4240b70: affinity mask[64]: 63
nr_cblocks: 0
affinity: SYS
mmap flush: 1
comp level: 1
mmap size 528384B
couldn't open /proc/1/task/1/maps
couldn't open /proc/1149/task/1149/maps
couldn't open /proc/1196/task/1196/maps
couldn't open /proc/1200/task/1200/maps
couldn't open /proc/1585/task/1585/maps
couldn't open /proc/1587/task/1587/maps
couldn't open /proc/1686/task/1686/maps
couldn't open /proc/1801/task/1801/maps
couldn't open /proc/1816/task/1816/maps
couldn't open /proc/1817/task/1817/maps
couldn't open /proc/1832/task/1832/maps
couldn't open /proc/1846/task/1846/maps
couldn't open /proc/1947/task/1947/maps
couldn't open /proc/1962/task/1962/maps
couldn't open /proc/1982/task/1982/maps
couldn't open /proc/1985/task/1985/maps
couldn't open /proc/2002/task/2002/maps
couldn't open /proc/2144/task/2144/maps
couldn't open /proc/2314/task/2314/maps
couldn't open /proc/2315/task/2315/maps
couldn't open /proc/2316/task/2316/maps
couldn't open /proc/2910/task/2910/maps
couldn't open /proc/2911/task/2911/maps
couldn't open /proc/10708/task/10708/maps
couldn't open /proc/10712/task/10712/maps
couldn't open /proc/240438/task/240438/maps
couldn't open /proc/790015/task/790015/maps
couldn't open /proc/790016/task/790016/maps
couldn't open /proc/790104/task/790104/maps
couldn't open /proc/790182/task/790182/maps
couldn't open /proc/830840/task/830840/maps
couldn't open /proc/830841/task/830841/maps
couldn't open /proc/830842/task/830842/maps
couldn't open /proc/834023/task/834023/maps
couldn't open /proc/837920/task/837920/maps
couldn't open /proc/837922/task/837922/maps
couldn't open /proc/861486/task/861486/maps
couldn't open /proc/861489/task/861489/maps
couldn't open /proc/1203348/task/1203348/maps
threads[1203815]: started on cpu1
threads[1203816]: started on cpu2
threads[1203817]: started on cpu3
threads[1203818]: started on cpu4
threads[1203819]: started on cpu5
threads[1203820]: started on cpu6
threads[1203821]: started on cpu7
threads[1203822]: started on cpu8
threads[1203823]: started on cpu9
threads[1203824]: started on cpu10
threads[1203825]: started on cpu11
threads[1203826]: started on cpu12
threads[1203827]: started on cpu13
threads[1203828]: started on cpu14
threads[1203829]: started on cpu15
threads[1203830]: started on cpu16
threads[1203831]: started on cpu17
threads[1203832]: started on cpu18
threads[1203833]: started on cpu19
threads[1203834]: started on cpu20
threads[1203835]: started on cpu21
threads[1203836]: started on cpu22
threads[1203837]: started on cpu23
threads[1203838]: started on cpu24
threads[1203839]: started on cpu25
threads[1203840]: started on cpu26
threads[1203841]: started on cpu27
threads[1203842]: started on cpu28
threads[1203843]: started on cpu29
threads[1203844]: started on cpu30
threads[1203845]: started on cpu31
threads[1203846]: started on cpu32
threads[1203847]: started on cpu33
threads[1203848]: started on cpu34
threads[1203849]: started on cpu35
threads[1203850]: started on cpu36
threads[1203851]: started on cpu37
threads[1203852]: started on cpu38
threads[1203853]: started on cpu39
threads[1203854]: started on cpu40
threads[1203855]: started on cpu41
threads[1203856]: started on cpu42
threads[1203857]: started on cpu43
threads[1203858]: started on cpu44
threads[1203859]: started on cpu45
threads[1203860]: started on cpu46
threads[1203861]: started on cpu47
threads[1203862]: started on cpu48
threads[1203863]: started on cpu49
threads[1203864]: started on cpu50
threads[1203865]: started on cpu51
threads[1203866]: started on cpu52
threads[1203867]: started on cpu53
threads[1203868]: started on cpu54
threads[1203869]: started on cpu55
threads[1203870]: started on cpu56
threads[1203871]: started on cpu57
threads[1203872]: started on cpu58
threads[1203873]: started on cpu59
threads[1203874]: started on cpu60
threads[1203875]: started on cpu61
threads[1203876]: started on cpu62
threads[1203877]: started on cpu63
threads[1203809]: started on cpu0

1203814:perf-sync:ready:SYS=4774757128923273
[ perf record: Woken up 1 times to write data ]
threads[1203809]: samples=1, wakes=1, transferred=56336, compressed=7628
threads[1203815]: samples=1, wakes=2, transferred=27032, compressed=4583
threads[1203816]: samples=3, wakes=2, transferred=26448, compressed=4190
threads[1203817]: samples=1, wakes=2, transferred=21504, compressed=3432
threads[1203818]: samples=3, wakes=2, transferred=14704, compressed=2609
threads[1203819]: samples=1, wakes=2, transferred=16424, compressed=2795
threads[1203820]: samples=1, wakes=2, transferred=15376, compressed=2635
threads[1203821]: samples=1, wakes=2, transferred=15816, compressed=2592
threads[1203822]: samples=1, wakes=2, transferred=17320, compressed=2826
threads[1203823]: samples=1, wakes=2, transferred=20064, compressed=3205
threads[1203824]: samples=1, wakes=2, transferred=21432, compressed=3507
threads[1203825]: samples=1, wakes=2, transferred=22152, compressed=3585
threads[1203826]: samples=1, wakes=2, transferred=18688, compressed=3221
threads[1203827]: samples=1, wakes=2, transferred=16528, compressed=2730
threads[1203828]: samples=1, wakes=2, transferred=23448, compressed=3825
threads[1203829]: samples=1, wakes=2, transferred=14080, compressed=2409
threads[1203830]: samples=0, wakes=2, written=0
threads[1203831]: samples=2, wakes=2, transferred=624, compressed=218
threads[1203832]: samples=3, wakes=2, transferred=4656, compressed=665
threads[1203833]: samples=2, wakes=2, transferred=624, compressed=219
threads[1203834]: samples=0, wakes=2, written=0
threads[1203835]: samples=0, wakes=2, written=0
threads[1203836]: samples=0, wakes=2, written=0
threads[1203837]: samples=0, wakes=2, written=0
threads[1203838]: samples=0, wakes=2, written=0
threads[1203839]: samples=0, wakes=2, written=0
threads[1203840]: samples=0, wakes=2, written=0
threads[1203841]: samples=0, wakes=2, written=0
threads[1203842]: samples=0, wakes=2, written=0
threads[1203843]: samples=0, wakes=2, written=0
threads[1203844]: samples=0, wakes=2, written=0
threads[1203845]: samples=0, wakes=2, written=0
threads[1203846]: samples=1, wakes=2, transferred=2160, compressed=505
threads[1203847]: samples=0, wakes=2, written=0
threads[1203848]: samples=3, wakes=2, transferred=16160, compressed=1922
threads[1203849]: samples=0, wakes=2, written=0
threads[1203850]: samples=2, wakes=2, transferred=624, compressed=210
threads[1203851]: samples=1, wakes=2, transferred=7680, compressed=1422
threads[1203852]: samples=0, wakes=2, written=0
threads[1203853]: samples=0, wakes=2, written=0
threads[1203854]: samples=0, wakes=2, written=0
threads[1203855]: samples=0, wakes=2, written=0
threads[1203856]: samples=0, wakes=2, written=0
threads[1203857]: samples=0, wakes=2, written=0
threads[1203858]: samples=0, wakes=2, written=0
threads[1203859]: samples=0, wakes=2, written=0
threads[1203860]: samples=0, wakes=2, written=0
threads[1203861]: samples=0, wakes=2, written=0
threads[1203862]: samples=0, wakes=2, written=0
threads[1203863]: samples=0, wakes=2, written=0
threads[1203864]: samples=0, wakes=2, written=0
threads[1203865]: samples=0, wakes=2, written=0
threads[1203866]: samples=0, wakes=2, written=0
threads[1203867]: samples=0, wakes=2, written=0
threads[1203868]: samples=1, wakes=2, transferred=176, compressed=120
threads[1203869]: samples=0, wakes=2, written=0
threads[1203870]: samples=1, wakes=2, transferred=4776, compressed=812
threads[1203871]: samples=0, wakes=2, written=0
threads[1203872]: samples=0, wakes=2, written=0
threads[1203873]: samples=0, wakes=2, written=0
threads[1203874]: samples=0, wakes=2, written=0
threads[1203875]: samples=0, wakes=2, written=0
threads[1203876]: samples=2, wakes=2, transferred=5344, compressed=689
threads[1203877]: samples=2, wakes=2, transferred=400, compressed=175
failed to write feature HYBRID_TOPOLOGY
[ perf record: Captured and wrote 0.510 MB /tmp/amplxe-tmp-lyt/amplxe-res-1203631-33490032733331321/data.0/system-wide.perf, compressed (original 0.372 MB, ratio is 6.226) ]
