cuBLAS error at winograd.cc:106 - code: 7
CUDA error at winograd.cc:99 - driver shutting down
CUDA error at winograd.cc:95 - driver shutting down
CUDA error at winograd.cc:100 - driver shutting down
CUDA error at winograd.cc:95 - driver shutting down
CUDA error at winograd.cc:95 - driver shutting down
./winograd: Segmentation fault

 Performance counter stats for './winograd conf/small.conf':

          1,777.70 msec task-clock                #    1.458 CPUs utilized          
               357      context-switches          #  200.821 /sec                   
                 6      cpu-migrations            #    3.375 /sec                   
           249,843      page-faults               #  140.543 K/sec                  
     2,815,425,965      cycles                    #    1.584 GHz                      (38.38%)
     4,179,254,854      instructions              #    1.48  insn per cycle           (46.52%)
       689,367,360      branches                  #  387.786 M/sec                    (59.27%)
         4,874,449      branch-misses             #    0.71% of all branches          (71.74%)
    18,353,639,350      slots                     #   10.324 G/sec                    (80.41%)
     2,764,233,796      topdown-retiring          #     14.2% retiring                (80.41%)
     5,359,230,291      topdown-bad-spec          #     27.4% bad speculation         (80.41%)
     1,423,158,116      topdown-fe-bound          #      7.3% frontend bound          (80.41%)
     9,981,869,266      topdown-be-bound          #     51.1% backend bound           (80.41%)
       993,146,821      L1-dcache-loads           #  558.669 M/sec                    (80.91%)
        61,935,299      L1-dcache-load-misses     #    6.24% of all L1-dcache accesses  (81.09%)
         4,714,030      LLC-loads                 #    2.652 M/sec                    (81.08%)
         2,431,590      LLC-load-misses           #   51.58% of all LL-cache accesses  (81.09%)
   <not supported>      L1-icache-loads                                             
        40,398,895      L1-icache-load-misses                                         (19.82%)
     1,295,419,224      dTLB-loads                #  728.704 M/sec                    (25.55%)
           632,636      dTLB-load-misses          #    0.05% of all dTLB cache accesses  (30.47%)
   <not supported>      iTLB-loads                                                  
           117,781      iTLB-load-misses                                              (30.46%)
   <not supported>      L1-dcache-prefetches                                        
   <not supported>      L1-dcache-prefetch-misses                                   

       1.219377330 seconds time elapsed

       1.235935000 seconds user
       0.547117000 seconds sys


