
 Performance counter stats for './winograd conf/small.conf':

          5,784.35 msec task-clock                #   13.786 CPUs utilized          
             6,768      context-switches          #    1.170 K/sec                  
             1,457      cpu-migrations            #  251.886 /sec                   
           294,774      page-faults               #   50.961 K/sec                  
    10,049,648,005      cycles                    #    1.737 GHz                      (55.32%)
     6,436,681,384      instructions              #    0.64  insn per cycle           (61.66%)
     1,051,691,451      branches                  #  181.817 M/sec                    (68.21%)
         1,148,992      branch-misses             #    0.11% of all branches          (73.89%)
    62,917,539,077      slots                     #   10.877 G/sec                    (78.87%)
     8,601,204,790      topdown-retiring          #     13.3% retiring                (78.87%)
     5,624,348,097      topdown-bad-spec          #      8.7% bad speculation         (78.87%)
     1,495,582,944      topdown-fe-bound          #      2.3% frontend bound          (78.87%)
    49,175,793,067      topdown-be-bound          #     75.8% backend bound           (78.87%)
     2,109,267,294      L1-dcache-loads           #  364.650 M/sec                    (74.40%)
       447,312,843      L1-dcache-load-misses     #   21.21% of all L1-dcache accesses  (72.89%)
         5,634,068      LLC-loads                 #  974.019 K/sec                    (72.52%)
         1,765,397      LLC-load-misses           #   31.33% of all LL-cache accesses  (73.16%)
   <not supported>      L1-icache-loads                                             
         9,632,013      L1-icache-load-misses                                         (32.65%)
     1,281,266,857      dTLB-loads                #  221.506 M/sec                    (43.99%)
           381,685      dTLB-load-misses          #    0.03% of all dTLB cache accesses  (42.66%)
   <not supported>      iTLB-loads                                                  
           201,949      iTLB-load-misses                                              (40.74%)
   <not supported>      L1-dcache-prefetches                                        
   <not supported>      L1-dcache-prefetch-misses                                   

       0.419569588 seconds time elapsed

       4.725742000 seconds user
       1.071276000 seconds sys


