cuBLAS error at winograd.cc:86 - code: 1
cuBLAS error at winograd.cc:86 - code: 1
CUDA error at winograd.cc:73 - driver shutting down
cuBLAS error at winograd.cc:86 - code: 1
CUDA error at winograd.cc:77 - driver shutting down
CUDA error at winograd.cc:72 - driver shutting down
CUDA error at winograd.cc:73 - driver shutting down
./winograd: Segmentation fault

 Performance counter stats for './winograd conf/small.conf':

            685.13 msec task-clock                #    2.449 CPUs utilized          
               541      context-switches          #  789.633 /sec                   
                 7      cpu-migrations            #   10.217 /sec                   
             4,908      page-faults               #    7.164 K/sec                  
       357,121,561      cycles                    #    0.521 GHz                      (39.72%)
       429,674,426      instructions              #    1.20  insn per cycle           (47.37%)
        87,464,246      branches                  #  127.661 M/sec                    (72.73%)
           326,866      branch-misses             #    0.37% of all branches          (87.79%)
     5,357,250,154      slots                     #    7.819 G/sec                    (92.17%)
       571,318,551      topdown-retiring          #     10.4% retiring                (92.17%)
       384,593,124      topdown-bad-spec          #      7.0% bad speculation         (92.17%)
       184,562,914      topdown-fe-bound          #      3.4% frontend bound          (92.17%)
     4,355,587,137      topdown-be-bound          #     79.2% backend bound           (92.17%)
       112,829,776      L1-dcache-loads           #  164.684 M/sec                    (93.07%)
         6,870,929      L1-dcache-load-misses     #    6.09% of all L1-dcache accesses  (93.03%)
           652,097      LLC-loads                 #  951.789 K/sec                    (92.97%)
           423,371      LLC-load-misses           #   64.92% of all LL-cache accesses  (93.07%)
   <not supported>      L1-icache-loads                                             
        14,883,016      L1-icache-load-misses                                         (7.42%)
       308,162,668      dTLB-loads                #  449.788 M/sec                    (9.82%)
            97,992      dTLB-load-misses          #    0.03% of all dTLB cache accesses  (20.10%)
   <not supported>      iTLB-loads                                                  
            16,527      iTLB-load-misses                                              (30.59%)
   <not supported>      L1-dcache-prefetches                                        
   <not supported>      L1-dcache-prefetch-misses                                   

       0.279722387 seconds time elapsed

       0.384510000 seconds user
       0.304532000 seconds sys


