
 Performance counter stats for './winograd conf/small.conf':

          5,645.40 msec task-clock                #   12.919 CPUs utilized          
             7,026      context-switches          #    1.245 K/sec                  
             1,723      cpu-migrations            #  305.204 /sec                   
           296,157      page-faults               #   52.460 K/sec                  
     8,735,986,864      cycles                    #    1.547 GHz                      (54.93%)
     6,216,349,113      instructions              #    0.71  insn per cycle           (61.98%)
       966,420,125      branches                  #  171.187 M/sec                    (67.35%)
         1,051,232      branch-misses             #    0.11% of all branches          (72.35%)
    58,256,869,699      slots                     #   10.319 G/sec                    (76.28%)
     7,779,104,392      topdown-retiring          #     13.0% retiring                (76.28%)
     4,225,363,206      topdown-bad-spec          #      7.1% bad speculation         (76.28%)
     1,457,683,290      topdown-fe-bound          #      2.4% frontend bound          (76.28%)
    46,254,131,343      topdown-be-bound          #     77.5% backend bound           (76.28%)
     1,718,043,403      L1-dcache-loads           #  304.326 M/sec                    (74.18%)
       322,279,581      L1-dcache-load-misses     #   18.76% of all L1-dcache accesses  (73.53%)
         6,427,361      LLC-loads                 #    1.139 M/sec                    (74.50%)
         2,035,344      LLC-load-misses           #   31.67% of all LL-cache accesses  (74.14%)
   <not supported>      L1-icache-loads                                             
         7,370,004      L1-icache-load-misses                                         (31.40%)
     2,005,932,222      dTLB-loads                #  355.321 M/sec                    (43.15%)
           379,563      dTLB-load-misses          #    0.02% of all dTLB cache accesses  (41.03%)
   <not supported>      iTLB-loads                                                  
           154,190      iTLB-load-misses                                              (41.49%)
   <not supported>      L1-dcache-prefetches                                        
   <not supported>      L1-dcache-prefetch-misses                                   

       0.436976376 seconds time elapsed

       4.630983000 seconds user
       1.028655000 seconds sys


