
 Performance counter stats for './winograd conf/vgg16.conf':

        396,310.03 msec task-clock                #   12.235 CPUs utilized          
            40,163      context-switches          #  101.342 /sec                   
                30      cpu-migrations            #    0.076 /sec                   
        29,816,159      page-faults               #   75.234 K/sec                  
 1,019,614,562,994      cycles                    #    2.573 GHz                      (38.45%)
 1,895,432,247,611      instructions              #    1.86  insn per cycle           (46.15%)
   261,088,539,563      branches                  #  658.799 M/sec                    (53.85%)
       117,171,381      branch-misses             #    0.04% of all branches          (61.55%)
 5,101,204,137,074      slots                     #   12.872 G/sec                    (69.24%)
   374,783,143,133      topdown-retiring          #      7.1% retiring                (69.24%)
 3,563,991,448,012      topdown-bad-spec          #     67.5% bad speculation         (69.24%)
    15,923,269,374      topdown-fe-bound          #      0.3% frontend bound          (69.24%)
 1,322,073,183,725      topdown-be-bound          #     25.1% backend bound           (69.24%)
   533,185,262,694      L1-dcache-loads           #    1.345 G/sec                    (69.25%)
    85,229,984,708      L1-dcache-load-misses     #   15.99% of all L1-dcache accesses  (69.25%)
       700,531,156      LLC-loads                 #    1.768 M/sec                    (69.25%)
       303,466,489      LLC-load-misses           #   43.32% of all LL-cache accesses  (69.25%)
   <not supported>      L1-icache-loads                                             
       111,202,848      L1-icache-load-misses                                         (30.75%)
   530,072,827,476      dTLB-loads                #    1.338 G/sec                    (30.76%)
        37,125,330      dTLB-load-misses          #    0.01% of all dTLB cache accesses  (30.77%)
   <not supported>      iTLB-loads                                                  
        22,369,926      iTLB-load-misses                                              (30.76%)
   <not supported>      L1-dcache-prefetches                                        
   <not supported>      L1-dcache-prefetch-misses                                   

      32.391266105 seconds time elapsed

     308.007101000 seconds user
      88.108213000 seconds sys


