
 Performance counter stats for './winograd conf/small.conf':

          2,922.41 msec task-clock                #   13.802 CPUs utilized          
                93      context-switches          #   31.823 /sec                   
                 0      cpu-migrations            #    0.000 /sec                   
           287,374      page-faults               #   98.335 K/sec                  
     6,576,538,446      cycles                    #    2.250 GHz                      (39.01%)
     8,322,183,844      instructions              #    1.27  insn per cycle           (47.84%)
     1,134,029,914      branches                  #  388.047 M/sec                    (56.30%)
         2,188,058      branch-misses             #    0.19% of all branches          (64.39%)
    35,475,521,308      slots                     #   12.139 G/sec                    (72.13%)
     7,625,292,239      topdown-retiring          #     21.3% retiring                (72.13%)
     3,591,737,709      topdown-bad-spec          #     10.0% bad speculation         (72.13%)
     1,073,834,569      topdown-fe-bound          #      3.0% frontend bound          (72.13%)
    23,471,682,017      topdown-be-bound          #     65.6% backend bound           (72.13%)
     2,068,427,449      L1-dcache-loads           #  707.782 M/sec                    (72.71%)
       438,333,423      L1-dcache-load-misses     #   21.19% of all L1-dcache accesses  (73.29%)
         4,373,999      LLC-loads                 #    1.497 M/sec                    (73.29%)
           989,237      LLC-load-misses           #   22.62% of all LL-cache accesses  (73.23%)
   <not supported>      L1-icache-loads                                             
         3,685,834      L1-icache-load-misses                                         (28.68%)
     1,834,857,493      dTLB-loads                #  627.859 M/sec                    (26.71%)
           412,484      dTLB-load-misses          #    0.02% of all dTLB cache accesses  (31.91%)
   <not supported>      iTLB-loads                                                  
            11,908      iTLB-load-misses                                              (31.20%)
   <not supported>      L1-dcache-prefetches                                        
   <not supported>      L1-dcache-prefetch-misses                                   

       0.211744603 seconds time elapsed

       2.002983000 seconds user
       0.921050000 seconds sys


