
 Performance counter stats for './winograd conf/vgg16.conf':

        476,613.66 msec task-clock                #   28.305 CPUs utilized          
            43,430      context-switches          #   91.122 /sec                   
                72      cpu-migrations            #    0.151 /sec                   
        22,029,123      page-faults               #   46.220 K/sec                  
 1,131,501,369,656      cycles                    #    2.374 GHz                      (40.71%)
 1,535,457,667,281      instructions              #    1.36  insn per cycle           (48.22%)
   221,766,817,168      branches                  #  465.297 M/sec                    (55.60%)
       285,297,837      branch-misses             #    0.13% of all branches          (62.90%)
 5,897,591,520,808      slots                     #   12.374 G/sec                    (70.19%)
   903,586,965,790      topdown-retiring          #     14.7% retiring                (70.19%)
 2,167,293,691,391      topdown-bad-spec          #     35.2% bad speculation         (70.19%)
    64,046,396,810      topdown-fe-bound          #      1.0% frontend bound          (70.19%)
 3,021,226,053,384      topdown-be-bound          #     49.1% backend bound           (70.19%)
   484,480,345,937      L1-dcache-loads           #    1.017 G/sec                    (69.76%)
   105,733,670,603      L1-dcache-load-misses     #   21.82% of all L1-dcache accesses  (69.92%)
       569,956,562      LLC-loads                 #    1.196 M/sec                    (70.02%)
       402,080,068      LLC-load-misses           #   70.55% of all LL-cache accesses  (69.87%)
   <not supported>      L1-icache-loads                                             
       431,587,391      L1-icache-load-misses                                         (31.12%)
   464,443,126,887      dTLB-loads                #  974.465 M/sec                    (32.41%)
        77,020,272      dTLB-load-misses          #    0.02% of all dTLB cache accesses  (32.42%)
   <not supported>      iTLB-loads                                                  
         1,478,144      iTLB-load-misses                                              (32.76%)
   <not supported>      L1-dcache-prefetches                                        
   <not supported>      L1-dcache-prefetch-misses                                   

      16.838708235 seconds time elapsed

     385.625865000 seconds user
      91.200925000 seconds sys


