cuBLAS error at winograd.cc:86 - code: 1
CUDA error at winograd.cc:72 - driver shutting down
CUDA error at winograd.cc:73 - driver shutting down
CUDA error at winograd.cc:73 - driver shutting down
CUDA error at winograd.cc:72 - driver shutting down
CUDA error at winograd.cc:73 - driver shutting down
CUDA error at winograd.cc:72 - driver shutting down
./winograd: Segmentation fault

 Performance counter stats for './winograd conf/small.conf':

          2,846.41 msec task-clock                #    9.334 CPUs utilized          
               650      context-switches          #  228.357 /sec                   
                19      cpu-migrations            #    6.675 /sec                   
             4,940      page-faults               #    1.736 K/sec                  
     7,075,296,910      cycles                    #    2.486 GHz                      (40.42%)
     1,442,833,450      instructions              #    0.20  insn per cycle           (42.01%)
       385,320,694      branches                  #  135.371 M/sec                    (44.89%)
           603,185      branch-misses             #    0.16% of all branches          (53.81%)
    31,856,334,169      slots                     #   11.192 G/sec                    (63.11%)
     2,388,521,220      topdown-retiring          #      7.4% retiring                (63.11%)
     1,310,966,392      topdown-bad-spec          #      4.0% bad speculation         (63.11%)
       258,294,825      topdown-fe-bound          #      0.8% frontend bound          (63.11%)
    28,459,334,716      topdown-be-bound          #     87.8% backend bound           (63.11%)
       249,744,711      L1-dcache-loads           #   87.740 M/sec                    (63.33%)
         9,739,324      L1-dcache-load-misses     #    3.90% of all L1-dcache accesses  (63.40%)
         1,004,778      LLC-loads                 #  352.998 K/sec                    (64.24%)
           592,779      LLC-load-misses           #   59.00% of all LL-cache accesses  (67.12%)
   <not supported>      L1-icache-loads                                             
         3,354,372      L1-icache-load-misses                                         (40.76%)
       182,345,777      dTLB-loads                #   64.062 M/sec                    (46.65%)
            18,249      dTLB-load-misses          #    0.01% of all dTLB cache accesses  (41.72%)
   <not supported>      iTLB-loads                                                  
            19,760      iTLB-load-misses                                              (36.73%)
   <not supported>      L1-dcache-prefetches                                        
   <not supported>      L1-dcache-prefetch-misses                                   

       0.304942209 seconds time elapsed

       2.711047000 seconds user
       0.143093000 seconds sys


