cuBLAS error at winograd.cc:86 - code: 1
CUDA error at winograd.cc:72 - driver shutting down
CUDA error at winograd.cc:72 - driver shutting down
CUDA error at winograd.cc:72 - driver shutting down
CUDA error at winograd.cc:73 - driver shutting down
CUDA error at winograd.cc:73 - driver shutting down
CUDA error at winograd.cc:77 - driver shutting down
./winograd: Segmentation fault

 Performance counter stats for './winograd conf/small.conf':

            682.14 msec task-clock                #    1.871 CPUs utilized          
               525      context-switches          #  769.639 /sec                   
                 8      cpu-migrations            #   11.728 /sec                   
             4,751      page-faults               #    6.965 K/sec                  
       402,225,976      cycles                    #    0.590 GHz                      (39.99%)
       555,449,068      instructions              #    1.38  insn per cycle           (45.15%)
       121,815,342      branches                  #  178.579 M/sec                    (49.69%)
           391,652      branch-misses             #    0.32% of all branches          (56.86%)
     2,515,880,975      slots                     #    3.688 G/sec                    (78.67%)
       450,160,582      topdown-retiring          #     17.2% retiring                (78.67%)
       306,192,867      topdown-bad-spec          #     11.7% bad speculation         (78.67%)
       231,137,788      topdown-fe-bound          #      8.8% frontend bound          (78.67%)
     1,624,729,496      topdown-be-bound          #     62.2% backend bound           (78.67%)
       109,829,069      L1-dcache-loads           #  161.007 M/sec                    (86.30%)
         5,523,570      L1-dcache-load-misses     #    5.03% of all L1-dcache accesses  (89.33%)
           623,084      LLC-loads                 #  913.428 K/sec                    (90.54%)
           383,049      LLC-load-misses           #   61.48% of all LL-cache accesses  (90.97%)
   <not supported>      L1-icache-loads                                             
         3,337,791      L1-icache-load-misses                                         (37.76%)
       157,094,226      dTLB-loads                #  230.297 M/sec                    (28.35%)
           293,208      dTLB-load-misses          #    0.19% of all dTLB cache accesses  (14.22%)
   <not supported>      iTLB-loads                                                  
            37,683      iTLB-load-misses                                              (27.65%)
   <not supported>      L1-dcache-prefetches                                        
   <not supported>      L1-dcache-prefetch-misses                                   

       0.364642945 seconds time elapsed

       0.475957000 seconds user
       0.212780000 seconds sys


