
 Performance counter stats for './winograd conf/vgg16.conf':

        511,440.37 msec task-clock                #    4.990 CPUs utilized          
            28,681      context-switches          #   56.079 /sec                   
                80      cpu-migrations            #    0.156 /sec                   
        30,050,888      page-faults               #   58.757 K/sec                  
 1,178,257,004,664      cycles                    #    2.304 GHz                      (41.43%)
 1,393,344,820,041      instructions              #    1.18  insn per cycle           (48.87%)
   213,313,580,679      branches                  #  417.084 M/sec                    (56.14%)
       307,942,599      branch-misses             #    0.14% of all branches          (63.40%)
 6,234,158,835,522      slots                     #   12.189 G/sec                    (70.70%)
   542,949,972,891      topdown-retiring          #      8.5% retiring                (70.70%)
 2,193,926,967,147      topdown-bad-spec          #     34.4% bad speculation         (70.70%)
    86,430,008,899      topdown-fe-bound          #      1.4% frontend bound          (70.70%)
 3,560,654,969,261      topdown-be-bound          #     55.8% backend bound           (70.70%)
   434,036,886,089      L1-dcache-loads           #  848.656 M/sec                    (70.45%)
   103,981,224,059      L1-dcache-load-misses     #   23.96% of all L1-dcache accesses  (70.69%)
       709,011,574      LLC-loads                 #    1.386 M/sec                    (70.60%)
       458,693,411      LLC-load-misses           #   64.69% of all LL-cache accesses  (70.12%)
   <not supported>      L1-icache-loads                                             
       509,361,811      L1-icache-load-misses                                         (31.08%)
   413,213,183,949      dTLB-loads                #  807.940 M/sec                    (32.96%)
        77,650,380      dTLB-load-misses          #    0.02% of all dTLB cache accesses  (32.63%)
   <not supported>      iTLB-loads                                                  
         1,399,172      iTLB-load-misses                                              (33.00%)
   <not supported>      L1-dcache-prefetches                                        
   <not supported>      L1-dcache-prefetch-misses                                   

     102.490009603 seconds time elapsed

     339.243012000 seconds user
     172.438394000 seconds sys


