
 Performance counter stats for './winograd conf/small.conf':

          2,899.57 msec task-clock                #   13.811 CPUs utilized          
                89      context-switches          #   30.694 /sec                   
                 0      cpu-migrations            #    0.000 /sec                   
           285,973      page-faults               #   98.626 K/sec                  
     6,577,174,079      cycles                    #    2.268 GHz                      (38.90%)
     8,217,258,847      instructions              #    1.25  insn per cycle           (47.75%)
     1,095,074,782      branches                  #  377.669 M/sec                    (56.21%)
         2,127,425      branch-misses             #    0.19% of all branches          (64.30%)
    35,459,042,482      slots                     #   12.229 G/sec                    (72.05%)
     7,228,281,313      topdown-retiring          #     20.2% retiring                (72.05%)
     3,813,732,865      topdown-bad-spec          #     10.7% bad speculation         (72.05%)
     1,156,098,019      topdown-fe-bound          #      3.2% frontend bound          (72.05%)
    23,537,301,909      topdown-be-bound          #     65.9% backend bound           (72.05%)
     2,000,633,284      L1-dcache-loads           #  689.977 M/sec                    (72.63%)
       418,815,953      L1-dcache-load-misses     #   20.93% of all L1-dcache accesses  (72.96%)
         4,298,706      LLC-loads                 #    1.483 M/sec                    (72.95%)
         1,026,497      LLC-load-misses           #   23.88% of all LL-cache accesses  (72.98%)
   <not supported>      L1-icache-loads                                             
         3,808,627      L1-icache-load-misses                                         (28.19%)
     1,942,090,904      dTLB-loads                #  669.787 M/sec                    (27.04%)
           434,558      dTLB-load-misses          #    0.02% of all dTLB cache accesses  (32.06%)
   <not supported>      iTLB-loads                                                  
            11,519      iTLB-load-misses                                              (31.26%)
   <not supported>      L1-dcache-prefetches                                        
   <not supported>      L1-dcache-prefetch-misses                                   

       0.209952339 seconds time elapsed

       1.935439000 seconds user
       0.965724000 seconds sys


