
 Performance counter stats for './winograd conf/small.conf':

          8,064.00 msec task-clock                #   10.965 CPUs utilized          
            11,429      context-switches          #    1.417 K/sec                  
             2,536      cpu-migrations            #  314.484 /sec                   
           293,747      page-faults               #   36.427 K/sec                  
    10,749,821,897      cycles                    #    1.333 GHz                      (52.11%)
     5,307,118,612      instructions              #    0.49  insn per cycle           (58.33%)
       976,569,422      branches                  #  121.102 M/sec                    (65.49%)
         1,284,483      branch-misses             #    0.13% of all branches          (71.31%)
    77,229,881,870      slots                     #    9.577 G/sec                    (76.23%)
     9,386,707,178      topdown-retiring          #     12.0% retiring                (76.23%)
     3,349,213,108      topdown-bad-spec          #      4.3% bad speculation         (76.23%)
     1,451,121,543      topdown-fe-bound          #      1.9% frontend bound          (76.23%)
    64,135,416,381      topdown-be-bound          #     81.9% backend bound           (76.23%)
     1,943,623,376      L1-dcache-loads           #  241.025 M/sec                    (73.22%)
       332,109,121      L1-dcache-load-misses     #   17.09% of all L1-dcache accesses  (74.99%)
         7,142,315      LLC-loads                 #  885.704 K/sec                    (78.27%)
         1,991,579      LLC-load-misses           #   27.88% of all LL-cache accesses  (79.77%)
   <not supported>      L1-icache-loads                                             
        14,147,883      L1-icache-load-misses                                         (34.08%)
     1,735,304,238      dTLB-loads                #  215.192 M/sec                    (46.13%)
           379,498      dTLB-load-misses          #    0.02% of all dTLB cache accesses  (44.35%)
   <not supported>      iTLB-loads                                                  
           195,563      iTLB-load-misses                                              (39.88%)
   <not supported>      L1-dcache-prefetches                                        
   <not supported>      L1-dcache-prefetch-misses                                   

       0.735460836 seconds time elapsed

       6.863033000 seconds user
       1.241614000 seconds sys


