
 Performance counter stats for './winograd conf/small.conf':

          5,618.41 msec task-clock                #   13.414 CPUs utilized          
             6,307      context-switches          #    1.123 K/sec                  
             1,680      cpu-migrations            #  299.017 /sec                   
           296,825      page-faults               #   52.831 K/sec                  
    10,421,145,090      cycles                    #    1.855 GHz                      (46.77%)
     5,674,754,047      instructions              #    0.54  insn per cycle           (53.20%)
       988,658,439      branches                  #  175.968 M/sec                    (60.38%)
         1,187,160      branch-misses             #    0.12% of all branches          (66.90%)
    62,082,314,537      slots                     #   11.050 G/sec                    (73.26%)
     7,960,611,598      topdown-retiring          #     12.5% retiring                (73.26%)
     4,633,673,245      topdown-bad-spec          #      7.3% bad speculation         (73.26%)
     1,498,202,725      topdown-fe-bound          #      2.4% frontend bound          (73.26%)
    49,568,486,080      topdown-be-bound          #     77.9% backend bound           (73.26%)
     1,727,525,936      L1-dcache-loads           #  307.476 M/sec                    (73.45%)
       349,077,463      L1-dcache-load-misses     #   20.21% of all L1-dcache accesses  (74.90%)
         6,499,685      LLC-loads                 #    1.157 M/sec                    (74.39%)
         2,093,782      LLC-load-misses           #   32.21% of all LL-cache accesses  (75.44%)
   <not supported>      L1-icache-loads                                             
         4,796,781      L1-icache-load-misses                                         (32.84%)
     1,772,147,532      dTLB-loads                #  315.418 M/sec                    (40.33%)
           295,924      dTLB-load-misses          #    0.02% of all dTLB cache accesses  (38.98%)
   <not supported>      iTLB-loads                                                  
           199,336      iTLB-load-misses                                              (39.21%)
   <not supported>      L1-dcache-prefetches                                        
   <not supported>      L1-dcache-prefetch-misses                                   

       0.418836398 seconds time elapsed

       4.713820000 seconds user
       0.917954000 seconds sys


