
 Performance counter stats for './winograd conf/vgg16.conf':

        573,158.49 msec task-clock                #   23.427 CPUs utilized          
           105,307      context-switches          #  183.731 /sec                   
             5,958      cpu-migrations            #   10.395 /sec                   
        29,883,179      page-faults               #   52.138 K/sec                  
 1,376,737,573,059      cycles                    #    2.402 GHz                      (39.74%)
 1,483,469,653,760      instructions              #    1.08  insn per cycle           (47.31%)
   228,307,775,651      branches                  #  398.333 M/sec                    (54.79%)
       326,771,141      branch-misses             #    0.14% of all branches          (62.26%)
 7,048,813,229,207      slots                     #   12.298 G/sec                    (69.70%)
   954,857,949,951      topdown-retiring          #     12.0% retiring                (69.70%)
 3,160,755,903,560      topdown-bad-spec          #     39.8% bad speculation         (69.70%)
    89,030,939,556      topdown-fe-bound          #      1.1% frontend bound          (69.70%)
 3,735,340,388,337      topdown-be-bound          #     47.0% backend bound           (69.70%)
   444,600,885,157      L1-dcache-loads           #  775.703 M/sec                    (69.46%)
   106,657,976,697      L1-dcache-load-misses     #   23.99% of all L1-dcache accesses  (69.49%)
       696,602,068      LLC-loads                 #    1.215 M/sec                    (69.48%)
       463,232,105      LLC-load-misses           #   66.50% of all LL-cache accesses  (69.59%)
   <not supported>      L1-icache-loads                                             
       179,460,012      L1-icache-load-misses                                         (31.07%)
   432,881,737,716      dTLB-loads                #  755.257 M/sec                    (31.89%)
        42,627,441      dTLB-load-misses          #    0.01% of all dTLB cache accesses  (31.89%)
   <not supported>      iTLB-loads                                                  
        19,112,402      iTLB-load-misses                                              (31.84%)
   <not supported>      L1-dcache-prefetches                                        
   <not supported>      L1-dcache-prefetch-misses                                   

      24.465483270 seconds time elapsed

     416.681929000 seconds user
     156.228126000 seconds sys


