cuBLAS error at winograd.cc:86 - code: 1

 Performance counter stats for './winograd conf/small.conf':

          2,293.72 msec task-clock                #    5.040 CPUs utilized          
               517      context-switches          #  225.398 /sec                   
                10      cpu-migrations            #    4.360 /sec                   
            25,163      page-faults               #   10.970 K/sec                  
     5,438,985,992      cycles                    #    2.371 GHz                      (20.93%)
     2,295,417,336      instructions              #    0.42  insn per cycle           (22.26%)
       487,528,747      branches                  #  212.550 M/sec                    (27.27%)
           913,624      branch-misses             #    0.19% of all branches          (38.77%)
    24,536,290,669      slots                     #   10.697 G/sec                    (51.11%)
     2,106,737,446      topdown-retiring          #      8.1% retiring                (51.11%)
     2,592,760,562      topdown-bad-spec          #     10.0% bad speculation         (51.11%)
       486,154,249      topdown-fe-bound          #      1.9% frontend bound          (51.11%)
    20,765,860,479      topdown-be-bound          #     80.0% backend bound           (51.11%)
       357,146,293      L1-dcache-loads           #  155.706 M/sec                    (52.08%)
        11,356,684      L1-dcache-load-misses     #    3.18% of all L1-dcache accesses  (65.44%)
           745,570      LLC-loads                 #  325.049 K/sec                    (93.00%)
           430,136      LLC-load-misses           #   57.69% of all LL-cache accesses  (94.08%)
   <not supported>      L1-icache-loads                                             
         1,307,558      L1-icache-load-misses                                         (50.04%)
       266,695,119      dTLB-loads                #  116.272 M/sec                    (42.62%)
           141,199      dTLB-load-misses          #    0.05% of all dTLB cache accesses  (31.14%)
   <not supported>      iTLB-loads                                                  
            85,791      iTLB-load-misses                                              (19.70%)
   <not supported>      L1-dcache-prefetches                                        
   <not supported>      L1-dcache-prefetch-misses                                   

       0.455121842 seconds time elapsed

       1.928762000 seconds user
       0.365233000 seconds sys


