
 Performance counter stats for './winograd conf/vgg16.conf':

        541,369.83 msec task-clock                #   23.058 CPUs utilized          
            99,216      context-switches          #  183.268 /sec                   
            11,502      cpu-migrations            #   21.246 /sec                   
        30,045,252      page-faults               #   55.499 K/sec                  
 1,267,230,217,374      cycles                    #    2.341 GHz                      (41.06%)
 1,417,303,945,273      instructions              #    1.12  insn per cycle           (48.67%)
   216,849,631,503      branches                  #  400.557 M/sec                    (56.03%)
       312,731,587      branch-misses             #    0.14% of all branches          (63.29%)
 6,649,378,739,484      slots                     #   12.283 G/sec                    (70.53%)
 1,228,699,366,004      topdown-retiring          #     17.4% retiring                (70.53%)
 1,419,179,146,870      topdown-bad-spec          #     20.1% bad speculation         (70.53%)
   153,988,022,300      topdown-fe-bound          #      2.2% frontend bound          (70.53%)
 4,258,909,662,041      topdown-be-bound          #     60.3% backend bound           (70.53%)
   436,268,705,044      L1-dcache-loads           #  805.861 M/sec                    (70.11%)
   105,184,482,801      L1-dcache-load-misses     #   24.11% of all L1-dcache accesses  (70.25%)
       757,869,371      LLC-loads                 #    1.400 M/sec                    (70.28%)
       516,018,738      LLC-load-misses           #   68.09% of all LL-cache accesses  (70.09%)
   <not supported>      L1-icache-loads                                             
       543,855,048      L1-icache-load-misses                                         (30.95%)
   424,376,325,271      dTLB-loads                #  783.894 M/sec                    (32.63%)
        84,077,131      dTLB-load-misses          #    0.02% of all dTLB cache accesses  (32.68%)
   <not supported>      iTLB-loads                                                  
         2,126,460      iTLB-load-misses                                              (32.83%)
   <not supported>      L1-dcache-prefetches                                        
   <not supported>      L1-dcache-prefetch-misses                                   

      23.478176509 seconds time elapsed

     363.234789000 seconds user
     178.430984000 seconds sys


