/var/spool/slurmd/job20817/slurm_script: line 25: ./env.sh: No such file or directory
cuBLAS error at winograd.cc:106 - code: 7
CUDA error at winograd.cc:95 - driver shutting down
CUDA error at winograd.cc:100 - driver shutting down
CUDA error at winograd.cc:95 - driver shutting down
CUDA error at winograd.cc:95 - driver shutting down
./winograd: Segmentation fault

 Performance counter stats for './winograd conf/small.conf':

          1,770.63 msec task-clock                #    1.476 CPUs utilized          
               405      context-switches          #  228.732 /sec                   
                 5      cpu-migrations            #    2.824 /sec                   
           242,098      page-faults               #  136.730 K/sec                  
     2,748,813,549      cycles                    #    1.552 GHz                      (37.79%)
     4,138,089,810      instructions              #    1.51  insn per cycle           (45.55%)
       695,372,283      branches                  #  392.726 M/sec                    (55.27%)
         5,179,496      branch-misses             #    0.74% of all branches          (69.22%)
    17,122,898,836      slots                     #    9.671 G/sec                    (79.17%)
     2,757,042,363      topdown-retiring          #     15.0% retiring                (79.17%)
     5,211,220,707      topdown-bad-spec          #     28.4% bad speculation         (79.17%)
     1,413,783,844      topdown-fe-bound          #      7.7% frontend bound          (79.17%)
     8,982,186,736      topdown-be-bound          #     48.9% backend bound           (79.17%)
       973,707,656      L1-dcache-loads           #  549.921 M/sec                    (80.95%)
        59,951,443      L1-dcache-load-misses     #    6.16% of all L1-dcache accesses  (81.23%)
         4,533,855      LLC-loads                 #    2.561 M/sec                    (81.48%)
         2,369,921      LLC-load-misses           #   52.27% of all LL-cache accesses  (81.56%)
   <not supported>      L1-icache-loads                                             
        38,285,916      L1-icache-load-misses                                         (19.29%)
     1,136,149,354      dTLB-loads                #  641.663 M/sec                    (29.71%)
           613,064      dTLB-load-misses          #    0.05% of all dTLB cache accesses  (30.32%)
   <not supported>      iTLB-loads                                                  
           113,180      iTLB-load-misses                                              (30.18%)
   <not supported>      L1-dcache-prefetches                                        
   <not supported>      L1-dcache-prefetch-misses                                   

       1.199971459 seconds time elapsed

       1.216251000 seconds user
       0.557279000 seconds sys


