
 Performance counter stats for './winograd conf/vgg16.conf':

        475,639.94 msec task-clock                #   28.211 CPUs utilized          
            33,232      context-switches          #   69.868 /sec                   
               159      cpu-migrations            #    0.334 /sec                   
        22,078,442      page-faults               #   46.418 K/sec                  
 1,164,802,282,492      cycles                    #    2.449 GHz                      (39.79%)
 1,460,139,442,560      instructions              #    1.25  insn per cycle           (47.33%)
   216,109,169,939      branches                  #  454.355 M/sec                    (54.86%)
       284,523,080      branch-misses             #    0.13% of all branches          (62.36%)
 5,968,614,357,340      slots                     #   12.549 G/sec                    (69.80%)
   783,335,427,969      topdown-retiring          #     12.5% retiring                (69.80%)
 2,301,590,771,167      topdown-bad-spec          #     36.8% bad speculation         (69.80%)
    43,264,009,442      topdown-fe-bound          #      0.7% frontend bound          (69.80%)
 3,123,924,347,482      topdown-be-bound          #     50.0% backend bound           (69.80%)
   429,885,292,046      L1-dcache-loads           #  903.804 M/sec                    (69.52%)
   107,534,275,404      L1-dcache-load-misses     #   25.01% of all L1-dcache accesses  (69.52%)
       648,303,871      LLC-loads                 #    1.363 M/sec                    (69.51%)
       457,112,139      LLC-load-misses           #   70.51% of all LL-cache accesses  (69.45%)
   <not supported>      L1-icache-loads                                             
       296,649,219      L1-icache-load-misses                                         (31.04%)
   419,990,079,912      dTLB-loads                #  883.000 M/sec                    (31.90%)
        80,705,479      dTLB-load-misses          #    0.02% of all dTLB cache accesses  (31.85%)
   <not supported>      iTLB-loads                                                  
         1,352,691      iTLB-load-misses                                              (31.85%)
   <not supported>      L1-dcache-prefetches                                        
   <not supported>      L1-dcache-prefetch-misses                                   

      16.860174897 seconds time elapsed

     357.718860000 seconds user
     118.052386000 seconds sys


