
 Performance counter stats for './winograd conf/vgg16.conf':

        377,834.14 msec task-clock                #   11.876 CPUs utilized          
            29,471      context-switches          #   78.000 /sec                   
             8,752      cpu-migrations            #   23.164 /sec                   
        29,985,234      page-faults               #   79.361 K/sec                  
   955,552,819,370      cycles                    #    2.529 GHz                      (39.35%)
 1,439,240,942,373      instructions              #    1.51  insn per cycle           (47.03%)
   215,206,804,983      branches                  #  569.580 M/sec                    (54.69%)
       320,928,599      branch-misses             #    0.15% of all branches          (62.30%)
 4,857,537,141,971      slots                     #   12.856 G/sec                    (69.85%)
 1,097,724,142,613      topdown-retiring          #     21.0% retiring                (69.85%)
 1,652,150,375,378      topdown-bad-spec          #     31.6% bad speculation         (69.85%)
   151,825,479,554      topdown-fe-bound          #      2.9% frontend bound          (69.85%)
 2,330,285,153,345      topdown-be-bound          #     44.5% backend bound           (69.85%)
   437,644,378,169      L1-dcache-loads           #    1.158 G/sec                    (69.63%)
   106,457,051,054      L1-dcache-load-misses     #   24.33% of all L1-dcache accesses  (69.55%)
       634,603,703      LLC-loads                 #    1.680 M/sec                    (69.53%)
       253,415,738      LLC-load-misses           #   39.93% of all LL-cache accesses  (69.51%)
   <not supported>      L1-icache-loads                                             
       111,424,482      L1-icache-load-misses                                         (30.73%)
   428,272,136,445      dTLB-loads                #    1.133 G/sec                    (31.38%)
        37,665,685      dTLB-load-misses          #    0.01% of all dTLB cache accesses  (31.44%)
   <not supported>      iTLB-loads                                                  
        18,900,252      iTLB-load-misses                                              (31.46%)
   <not supported>      L1-dcache-prefetches                                        
   <not supported>      L1-dcache-prefetch-misses                                   

      31.814393913 seconds time elapsed

     290.658627000 seconds user
      87.201192000 seconds sys


