12 [4130199296] INFO perfrun.launcher <> - Launcher main begin
14 [4130199296] INFO perfrun.launcher <> - MessageCatalogInit finished
14 [4130199296] INFO perfrun.launcher <> - Launcher instance created
14 [4130199296] INFO perfrun.launcher <> - argc = 6; cmdline = /data/spack/opt/spack/linux-ubuntu22.04-icelake/gcc-11.4.0/intel-oneapi-vtune-2024.0.1-w6lwvbxd4wkqfv4m5tgkvamrxbvllffr/vtune/2024.0/bin32/amplxe-runss -dump-vdso -r /tmp/amplxe-tmp-lyt/amplxe-res-1451516-33590841190875817 --tmp-dir /tmp/amplxe-tmp-lyt 
63 [4130199296] INFO perfrun.launcher <> - create msngr2::ICliToolContext
63 [4130199296] INFO perfrun.launcher <> - create file finder object
103 [4129667776] INFO perfrun.launcher <> - plugin [remoteplug] was disabled because it doesn't support the given collection type.
103 [4129667776] INFO perfrun.launcher <> - plugin [] was disabled because it doesn't support the given collection type.
103 [4129667776] INFO perfrun.vdso <> - dumping [vdso] pseudomodule
104 [4129667776] INFO perfrun.launcher <> - plugin [] was disabled because it doesn't support the given collection type.
104 [4129667776] INFO perfrun.launcher <> - plugin [] was disabled because it doesn't support the given collection type.
104 [4129667776] INFO perfrun.launcher <> - plugin [] was disabled because it doesn't support the given collection type.
104 [4129667776] INFO perfrun.launcher <> - plugin [] was disabled because it doesn't support the given collection type.
104 [4129667776] INFO perfrun.launcher <> - plugin [] was disabled because it doesn't support the given collection type.
104 [4129667776] INFO perfrun.launcher <> - plugin [] was disabled because it doesn't support the given collection type.
104 [4129667776] INFO perfrun.launcher <> - plugin [] was disabled because it doesn't support the given collection type.
104 [4129667776] INFO perfrun.launcher <> - plugin [] was disabled because it doesn't support the given collection type.
104 [4129667776] INFO perfrun.launcher <> - plugin [] was disabled because it doesn't support the given collection type.
104 [4129667776] INFO perfrun.launcher <> - plugin [] was disabled because it doesn't support the given collection type.
104 [4129667776] INFO perfrun.launcher <> - plugin [] was disabled because it doesn't support the given collection type.
104 [4129667776] INFO perfrun.launcher <> - plugin [] was disabled because it doesn't support the given collection type.
104 [4129667776] INFO perfrun.launcher <> - plugin [] was disabled because it doesn't support the given collection type.
104 [4129667776] INFO perfrun.launcher <> - plugin [] was disabled because it doesn't support the given collection type.
104 [4129667776] INFO perfrun.launcher <> - plugin [] was disabled because it doesn't support the given collection type.
104 [4129667776] INFO perfrun.launcher <> - plugin [] was disabled because it doesn't support the given collection type.
104 [4129667776] INFO perfrun.launcher <> - plugin [] was disabled because it doesn't support the given collection type.
104 [4129667776] INFO perfrun.launcher <> - plugin [] was disabled because it doesn't support the given collection type.
104 [4129667776] INFO perfrun.launcher <> - plugin [] was disabled because it doesn't support the given collection type.
104 [4129667776] INFO perfrun.launcher <> - plugin [] was disabled because it doesn't support the given collection type.
104 [4129667776] INFO perfrun.launcher <> - plugin [] was disabled because it doesn't support the given collection type.
104 [4129667776] INFO perfrun.launcher <> - plugin [] was disabled because it doesn't support the given collection type.
104 [4129667776] INFO perfrun.launcher <> - plugin [] was disabled because it doesn't support the given collection type.
104 [4129667776] INFO perfrun.launcher <> - plugin [] was disabled because it doesn't support the given collection type.
104 [4130199296] INFO perfrun.launcher <> - Application exit code: 0
104 [4130199296] INFO perfrun.launcher <> - Exit code: 0
