12 [4130166528] INFO perfrun.launcher <> - Launcher main begin
13 [4130166528] INFO perfrun.launcher <> - MessageCatalogInit finished
13 [4130166528] INFO perfrun.launcher <> - Launcher instance created
13 [4130166528] INFO perfrun.launcher <> - argc = 6; cmdline = /data/spack/opt/spack/linux-ubuntu22.04-icelake/gcc-11.4.0/intel-oneapi-vtune-2024.0.1-w6lwvbxd4wkqfv4m5tgkvamrxbvllffr/vtune/2024.0/bin32/amplxe-runss -dump-vdso -r /tmp/amplxe-tmp-lyt/amplxe-res-1444135-33590480977101053 --tmp-dir /tmp/amplxe-tmp-lyt 
61 [4130166528] INFO perfrun.launcher <> - create msngr2::ICliToolContext
62 [4130166528] INFO perfrun.launcher <> - create file finder object
101 [4129635008] INFO perfrun.launcher <> - plugin [remoteplug] was disabled because it doesn't support the given collection type.
101 [4129635008] INFO perfrun.launcher <> - plugin [] was disabled because it doesn't support the given collection type.
101 [4129635008] INFO perfrun.vdso <> - dumping [vdso] pseudomodule
103 [4129635008] INFO perfrun.launcher <> - plugin [] was disabled because it doesn't support the given collection type.
103 [4129635008] INFO perfrun.launcher <> - plugin [] was disabled because it doesn't support the given collection type.
103 [4129635008] INFO perfrun.launcher <> - plugin [] was disabled because it doesn't support the given collection type.
103 [4129635008] INFO perfrun.launcher <> - plugin [] was disabled because it doesn't support the given collection type.
103 [4129635008] INFO perfrun.launcher <> - plugin [] was disabled because it doesn't support the given collection type.
103 [4129635008] INFO perfrun.launcher <> - plugin [] was disabled because it doesn't support the given collection type.
103 [4129635008] INFO perfrun.launcher <> - plugin [] was disabled because it doesn't support the given collection type.
103 [4129635008] INFO perfrun.launcher <> - plugin [] was disabled because it doesn't support the given collection type.
103 [4129635008] INFO perfrun.launcher <> - plugin [] was disabled because it doesn't support the given collection type.
103 [4129635008] INFO perfrun.launcher <> - plugin [] was disabled because it doesn't support the given collection type.
103 [4129635008] INFO perfrun.launcher <> - plugin [] was disabled because it doesn't support the given collection type.
103 [4129635008] INFO perfrun.launcher <> - plugin [] was disabled because it doesn't support the given collection type.
103 [4129635008] INFO perfrun.launcher <> - plugin [] was disabled because it doesn't support the given collection type.
103 [4129635008] INFO perfrun.launcher <> - plugin [] was disabled because it doesn't support the given collection type.
103 [4129635008] INFO perfrun.launcher <> - plugin [] was disabled because it doesn't support the given collection type.
103 [4129635008] INFO perfrun.launcher <> - plugin [] was disabled because it doesn't support the given collection type.
103 [4129635008] INFO perfrun.launcher <> - plugin [] was disabled because it doesn't support the given collection type.
103 [4129635008] INFO perfrun.launcher <> - plugin [] was disabled because it doesn't support the given collection type.
103 [4129635008] INFO perfrun.launcher <> - plugin [] was disabled because it doesn't support the given collection type.
103 [4129635008] INFO perfrun.launcher <> - plugin [] was disabled because it doesn't support the given collection type.
103 [4129635008] INFO perfrun.launcher <> - plugin [] was disabled because it doesn't support the given collection type.
103 [4129635008] INFO perfrun.launcher <> - plugin [] was disabled because it doesn't support the given collection type.
103 [4129635008] INFO perfrun.launcher <> - plugin [] was disabled because it doesn't support the given collection type.
103 [4129635008] INFO perfrun.launcher <> - plugin [] was disabled because it doesn't support the given collection type.
103 [4130166528] INFO perfrun.launcher <> - Application exit code: 0
103 [4130166528] INFO perfrun.launcher <> - Exit code: 0
