threads_spec: cpu
Using CPUID GenuineIntel-6-6A-6
DEBUGINFOD_URLS=
Compression enabled, disabling build id collection at the end of the session.
nr_threads: 64
thread_masks[0]: 0x55fe827cbba0: maps mask[64]: 0
thread_masks[0]: 0x55fe827cbbb0: affinity mask[64]: 0
thread_masks[1]: 0x55fe827cbbc0: maps mask[64]: 1
thread_masks[1]: 0x55fe827cbbd0: affinity mask[64]: 1
thread_masks[2]: 0x55fe827cbbe0: maps mask[64]: 2
thread_masks[2]: 0x55fe827cbbf0: affinity mask[64]: 2
thread_masks[3]: 0x55fe827cbc00: maps mask[64]: 3
thread_masks[3]: 0x55fe827cbc10: affinity mask[64]: 3
thread_masks[4]: 0x55fe827cbc20: maps mask[64]: 4
thread_masks[4]: 0x55fe827cbc30: affinity mask[64]: 4
thread_masks[5]: 0x55fe827cbc40: maps mask[64]: 5
thread_masks[5]: 0x55fe827cbc50: affinity mask[64]: 5
thread_masks[6]: 0x55fe827cbc60: maps mask[64]: 6
thread_masks[6]: 0x55fe827cbc70: affinity mask[64]: 6
thread_masks[7]: 0x55fe827cbc80: maps mask[64]: 7
thread_masks[7]: 0x55fe827cbc90: affinity mask[64]: 7
thread_masks[8]: 0x55fe827cbca0: maps mask[64]: 8
thread_masks[8]: 0x55fe827cbcb0: affinity mask[64]: 8
thread_masks[9]: 0x55fe827cbcc0: maps mask[64]: 9
thread_masks[9]: 0x55fe827cbcd0: affinity mask[64]: 9
thread_masks[10]: 0x55fe827cbce0: maps mask[64]: 10
thread_masks[10]: 0x55fe827cbcf0: affinity mask[64]: 10
thread_masks[11]: 0x55fe827cbd00: maps mask[64]: 11
thread_masks[11]: 0x55fe827cbd10: affinity mask[64]: 11
thread_masks[12]: 0x55fe827cbd20: maps mask[64]: 12
thread_masks[12]: 0x55fe827cbd30: affinity mask[64]: 12
thread_masks[13]: 0x55fe827cbd40: maps mask[64]: 13
thread_masks[13]: 0x55fe827cbd50: affinity mask[64]: 13
thread_masks[14]: 0x55fe827cbd60: maps mask[64]: 14
thread_masks[14]: 0x55fe827cbd70: affinity mask[64]: 14
thread_masks[15]: 0x55fe827cbd80: maps mask[64]: 15
thread_masks[15]: 0x55fe827cbd90: affinity mask[64]: 15
thread_masks[16]: 0x55fe827cbda0: maps mask[64]: 16
thread_masks[16]: 0x55fe827cbdb0: affinity mask[64]: 16
thread_masks[17]: 0x55fe827cbdc0: maps mask[64]: 17
thread_masks[17]: 0x55fe827cbdd0: affinity mask[64]: 17
thread_masks[18]: 0x55fe827cbde0: maps mask[64]: 18
thread_masks[18]: 0x55fe827cbdf0: affinity mask[64]: 18
thread_masks[19]: 0x55fe827cbe00: maps mask[64]: 19
thread_masks[19]: 0x55fe827cbe10: affinity mask[64]: 19
thread_masks[20]: 0x55fe827cbe20: maps mask[64]: 20
thread_masks[20]: 0x55fe827cbe30: affinity mask[64]: 20
thread_masks[21]: 0x55fe827cbe40: maps mask[64]: 21
thread_masks[21]: 0x55fe827cbe50: affinity mask[64]: 21
thread_masks[22]: 0x55fe827cbe60: maps mask[64]: 22
thread_masks[22]: 0x55fe827cbe70: affinity mask[64]: 22
thread_masks[23]: 0x55fe827cbe80: maps mask[64]: 23
thread_masks[23]: 0x55fe827cbe90: affinity mask[64]: 23
thread_masks[24]: 0x55fe827cbea0: maps mask[64]: 24
thread_masks[24]: 0x55fe827cbeb0: affinity mask[64]: 24
thread_masks[25]: 0x55fe827cbec0: maps mask[64]: 25
thread_masks[25]: 0x55fe827cbed0: affinity mask[64]: 25
thread_masks[26]: 0x55fe827cbee0: maps mask[64]: 26
thread_masks[26]: 0x55fe827cbef0: affinity mask[64]: 26
thread_masks[27]: 0x55fe827cbf00: maps mask[64]: 27
thread_masks[27]: 0x55fe827cbf10: affinity mask[64]: 27
thread_masks[28]: 0x55fe827cbf20: maps mask[64]: 28
thread_masks[28]: 0x55fe827cbf30: affinity mask[64]: 28
thread_masks[29]: 0x55fe827cbf40: maps mask[64]: 29
thread_masks[29]: 0x55fe827cbf50: affinity mask[64]: 29
thread_masks[30]: 0x55fe827cbf60: maps mask[64]: 30
thread_masks[30]: 0x55fe827cbf70: affinity mask[64]: 30
thread_masks[31]: 0x55fe827cbf80: maps mask[64]: 31
thread_masks[31]: 0x55fe827cbf90: affinity mask[64]: 31
thread_masks[32]: 0x55fe827cbfa0: maps mask[64]: 32
thread_masks[32]: 0x55fe827cbfb0: affinity mask[64]: 32
thread_masks[33]: 0x55fe827cbfc0: maps mask[64]: 33
thread_masks[33]: 0x55fe827cbfd0: affinity mask[64]: 33
thread_masks[34]: 0x55fe827cbfe0: maps mask[64]: 34
thread_masks[34]: 0x55fe827cbff0: affinity mask[64]: 34
thread_masks[35]: 0x55fe827cc000: maps mask[64]: 35
thread_masks[35]: 0x55fe827cc010: affinity mask[64]: 35
thread_masks[36]: 0x55fe827cc020: maps mask[64]: 36
thread_masks[36]: 0x55fe827cc030: affinity mask[64]: 36
thread_masks[37]: 0x55fe827cc040: maps mask[64]: 37
thread_masks[37]: 0x55fe827cc050: affinity mask[64]: 37
thread_masks[38]: 0x55fe827cc060: maps mask[64]: 38
thread_masks[38]: 0x55fe827cc070: affinity mask[64]: 38
thread_masks[39]: 0x55fe827cc080: maps mask[64]: 39
thread_masks[39]: 0x55fe827cc090: affinity mask[64]: 39
thread_masks[40]: 0x55fe827cc0a0: maps mask[64]: 40
thread_masks[40]: 0x55fe827cc0b0: affinity mask[64]: 40
thread_masks[41]: 0x55fe827cc0c0: maps mask[64]: 41
thread_masks[41]: 0x55fe827cc0d0: affinity mask[64]: 41
thread_masks[42]: 0x55fe827cc0e0: maps mask[64]: 42
thread_masks[42]: 0x55fe827cc0f0: affinity mask[64]: 42
thread_masks[43]: 0x55fe827cc100: maps mask[64]: 43
thread_masks[43]: 0x55fe827cc110: affinity mask[64]: 43
thread_masks[44]: 0x55fe827cc120: maps mask[64]: 44
thread_masks[44]: 0x55fe827cc130: affinity mask[64]: 44
thread_masks[45]: 0x55fe827cc140: maps mask[64]: 45
thread_masks[45]: 0x55fe827cc150: affinity mask[64]: 45
thread_masks[46]: 0x55fe827cc160: maps mask[64]: 46
thread_masks[46]: 0x55fe827cc170: affinity mask[64]: 46
thread_masks[47]: 0x55fe827cc180: maps mask[64]: 47
thread_masks[47]: 0x55fe827cc190: affinity mask[64]: 47
thread_masks[48]: 0x55fe827cc1a0: maps mask[64]: 48
thread_masks[48]: 0x55fe827cc1b0: affinity mask[64]: 48
thread_masks[49]: 0x55fe827cc1c0: maps mask[64]: 49
thread_masks[49]: 0x55fe827cc1d0: affinity mask[64]: 49
thread_masks[50]: 0x55fe827cc1e0: maps mask[64]: 50
thread_masks[50]: 0x55fe827cc1f0: affinity mask[64]: 50
thread_masks[51]: 0x55fe827cc200: maps mask[64]: 51
thread_masks[51]: 0x55fe827cc210: affinity mask[64]: 51
thread_masks[52]: 0x55fe827cc220: maps mask[64]: 52
thread_masks[52]: 0x55fe827cc230: affinity mask[64]: 52
thread_masks[53]: 0x55fe827cc240: maps mask[64]: 53
thread_masks[53]: 0x55fe827cc250: affinity mask[64]: 53
thread_masks[54]: 0x55fe827cc260: maps mask[64]: 54
thread_masks[54]: 0x55fe827cc270: affinity mask[64]: 54
thread_masks[55]: 0x55fe827cc280: maps mask[64]: 55
thread_masks[55]: 0x55fe827cc290: affinity mask[64]: 55
thread_masks[56]: 0x55fe827cc2a0: maps mask[64]: 56
thread_masks[56]: 0x55fe827cc2b0: affinity mask[64]: 56
thread_masks[57]: 0x55fe827cc2c0: maps mask[64]: 57
thread_masks[57]: 0x55fe827cc2d0: affinity mask[64]: 57
thread_masks[58]: 0x55fe827cc2e0: maps mask[64]: 58
thread_masks[58]: 0x55fe827cc2f0: affinity mask[64]: 58
thread_masks[59]: 0x55fe827cc300: maps mask[64]: 59
thread_masks[59]: 0x55fe827cc310: affinity mask[64]: 59
thread_masks[60]: 0x55fe827cc320: maps mask[64]: 60
thread_masks[60]: 0x55fe827cc330: affinity mask[64]: 60
thread_masks[61]: 0x55fe827cc340: maps mask[64]: 61
thread_masks[61]: 0x55fe827cc350: affinity mask[64]: 61
thread_masks[62]: 0x55fe827cc360: maps mask[64]: 62
thread_masks[62]: 0x55fe827cc370: affinity mask[64]: 62
thread_masks[63]: 0x55fe827cc380: maps mask[64]: 63
thread_masks[63]: 0x55fe827cc390: affinity mask[64]: 63
nr_cblocks: 0
affinity: SYS
mmap flush: 1
comp level: 1
mmap size 528384B
couldn't open /proc/1/task/1/maps
couldn't open /proc/1149/task/1149/maps
couldn't open /proc/1196/task/1196/maps
couldn't open /proc/1200/task/1200/maps
couldn't open /proc/1585/task/1585/maps
couldn't open /proc/1587/task/1587/maps
couldn't open /proc/1686/task/1686/maps
couldn't open /proc/1801/task/1801/maps
couldn't open /proc/1816/task/1816/maps
couldn't open /proc/1817/task/1817/maps
couldn't open /proc/1832/task/1832/maps
couldn't open /proc/1846/task/1846/maps
couldn't open /proc/1947/task/1947/maps
couldn't open /proc/1962/task/1962/maps
couldn't open /proc/1982/task/1982/maps
couldn't open /proc/1985/task/1985/maps
couldn't open /proc/2002/task/2002/maps
couldn't open /proc/2144/task/2144/maps
couldn't open /proc/2314/task/2314/maps
couldn't open /proc/2315/task/2315/maps
couldn't open /proc/2316/task/2316/maps
couldn't open /proc/2910/task/2910/maps
couldn't open /proc/2911/task/2911/maps
couldn't open /proc/10708/task/10708/maps
couldn't open /proc/10712/task/10712/maps
couldn't open /proc/240438/task/240438/maps
couldn't open /proc/790015/task/790015/maps
couldn't open /proc/790016/task/790016/maps
couldn't open /proc/790104/task/790104/maps
couldn't open /proc/790182/task/790182/maps
couldn't open /proc/830840/task/830840/maps
couldn't open /proc/830841/task/830841/maps
couldn't open /proc/830842/task/830842/maps
couldn't open /proc/834023/task/834023/maps
couldn't open /proc/837920/task/837920/maps
couldn't open /proc/837922/task/837922/maps
couldn't open /proc/861486/task/861486/maps
couldn't open /proc/861489/task/861489/maps
couldn't open /proc/1368263/task/1368263/maps
threads[1369703]: started on cpu1
threads[1369704]: started on cpu2
threads[1369705]: started on cpu3
threads[1369706]: started on cpu4
threads[1369707]: started on cpu5
threads[1369708]: started on cpu6
threads[1369709]: started on cpu7
threads[1369710]: started on cpu8
threads[1369711]: started on cpu9
threads[1369712]: started on cpu10
threads[1369713]: started on cpu11
threads[1369714]: started on cpu12
threads[1369715]: started on cpu13
threads[1369716]: started on cpu14
threads[1369717]: started on cpu15
threads[1369718]: started on cpu16
threads[1369719]: started on cpu17
threads[1369720]: started on cpu18
threads[1369721]: started on cpu19
threads[1369722]: started on cpu20
threads[1369723]: started on cpu21
threads[1369724]: started on cpu22
threads[1369725]: started on cpu23
threads[1369726]: started on cpu24
threads[1369727]: started on cpu25
threads[1369728]: started on cpu26
threads[1369729]: started on cpu27
threads[1369730]: started on cpu28
threads[1369731]: started on cpu29
threads[1369732]: started on cpu30
threads[1369733]: started on cpu31
threads[1369734]: started on cpu32
threads[1369735]: started on cpu33
threads[1369736]: started on cpu34
threads[1369737]: started on cpu35
threads[1369738]: started on cpu36
threads[1369739]: started on cpu37
threads[1369740]: started on cpu38
threads[1369741]: started on cpu39
threads[1369742]: started on cpu40
threads[1369743]: started on cpu41
threads[1369744]: started on cpu42
threads[1369745]: started on cpu43
threads[1369746]: started on cpu44
threads[1369747]: started on cpu45
threads[1369748]: started on cpu46
threads[1369749]: started on cpu47
threads[1369750]: started on cpu48
threads[1369751]: started on cpu49
threads[1369752]: started on cpu50
threads[1369753]: started on cpu51
threads[1369754]: started on cpu52
threads[1369755]: started on cpu53
threads[1369756]: started on cpu54
threads[1369757]: started on cpu55
threads[1369758]: started on cpu56
threads[1369759]: started on cpu57
threads[1369760]: started on cpu58
threads[1369761]: started on cpu59
threads[1369762]: started on cpu60
threads[1369763]: started on cpu61
threads[1369764]: started on cpu62
threads[1369765]: started on cpu63
threads[1369697]: started on cpu0

1369702:perf-sync:ready:SYS=4810643738607573
[ perf record: Woken up 133 times to write data ]
threads[1369697]: samples=21, wakes=11, transferred=2771352, compressed=413767
threads[1369703]: samples=17, wakes=9, transferred=2035456, compressed=297981
threads[1369704]: samples=20, wakes=10, transferred=2308896, compressed=340834
threads[1369705]: samples=20, wakes=10, transferred=2294560, compressed=340286
threads[1369706]: samples=20, wakes=10, transferred=2185072, compressed=321394
threads[1369707]: samples=19, wakes=10, transferred=2297680, compressed=339133
threads[1369708]: samples=19, wakes=10, transferred=2125408, compressed=307902
threads[1369709]: samples=19, wakes=10, transferred=2303120, compressed=341609
threads[1369710]: samples=19, wakes=10, transferred=2255792, compressed=333763
threads[1369711]: samples=18, wakes=10, transferred=2273232, compressed=335384
threads[1369712]: samples=20, wakes=10, transferred=2285648, compressed=339056
threads[1369713]: samples=22, wakes=11, transferred=2364720, compressed=349540
threads[1369714]: samples=19, wakes=10, transferred=2263424, compressed=334822
threads[1369715]: samples=17, wakes=10, transferred=2235376, compressed=330922
threads[1369716]: samples=20, wakes=11, transferred=2377264, compressed=352124
threads[1369717]: samples=20, wakes=10, transferred=2263424, compressed=334849
threads[1369718]: samples=1, wakes=2, transferred=4000, compressed=791
threads[1369719]: samples=3, wakes=2, transferred=4512, compressed=1014
threads[1369720]: samples=3, wakes=2, transferred=3440, compressed=868
threads[1369721]: samples=3, wakes=2, transferred=7408, compressed=1420
threads[1369722]: samples=1, wakes=2, transferred=3136, compressed=596
threads[1369723]: samples=3, wakes=2, transferred=3920, compressed=833
threads[1369724]: samples=3, wakes=2, transferred=4208, compressed=844
threads[1369725]: samples=3, wakes=2, transferred=3184, compressed=756
threads[1369726]: samples=3, wakes=2, transferred=3152, compressed=676
threads[1369727]: samples=3, wakes=2, transferred=3792, compressed=832
threads[1369728]: samples=3, wakes=2, transferred=3792, compressed=767
threads[1369729]: samples=3, wakes=2, transferred=3152, compressed=710
threads[1369730]: samples=3, wakes=2, transferred=4048, compressed=876
threads[1369731]: samples=3, wakes=2, transferred=3536, compressed=753
threads[1369732]: samples=3, wakes=2, transferred=3152, compressed=669
threads[1369733]: samples=3, wakes=2, transferred=3472, compressed=739
threads[1369734]: samples=1, wakes=2, transferred=9696, compressed=1724
threads[1369735]: samples=3, wakes=2, transferred=9984, compressed=1784
threads[1369736]: samples=1, wakes=2, transferred=8768, compressed=1940
threads[1369737]: samples=1, wakes=2, transferred=249720, compressed=30941
threads[1369738]: samples=5, wakes=3, transferred=390336, compressed=45742
threads[1369739]: samples=1, wakes=2, transferred=3136, compressed=577
threads[1369740]: samples=1, wakes=2, transferred=2816, compressed=565
threads[1369741]: samples=1, wakes=2, transferred=2816, compressed=547
threads[1369742]: samples=1, wakes=2, transferred=3456, compressed=623
threads[1369743]: samples=1, wakes=2, transferred=2624, compressed=496
threads[1369744]: samples=1, wakes=2, transferred=2944, compressed=525
threads[1369745]: samples=1, wakes=2, transferred=3008, compressed=554
threads[1369746]: samples=1, wakes=2, transferred=3520, compressed=703
threads[1369747]: samples=1, wakes=2, transferred=20480, compressed=3271
threads[1369748]: samples=1, wakes=2, transferred=6320, compressed=1309
threads[1369749]: samples=1, wakes=2, transferred=26680, compressed=4323
threads[1369750]: samples=1, wakes=2, transferred=3648, compressed=670
threads[1369751]: samples=3, wakes=2, transferred=6672, compressed=1290
threads[1369752]: samples=3, wakes=2, transferred=3264, compressed=754
threads[1369753]: samples=3, wakes=2, transferred=6512, compressed=1141
threads[1369754]: samples=3, wakes=2, transferred=12472, compressed=2212
threads[1369755]: samples=1, wakes=2, transferred=3776, compressed=717
threads[1369756]: samples=1, wakes=2, transferred=3008, compressed=578
threads[1369757]: samples=1, wakes=2, transferred=7776, compressed=1436
threads[1369758]: samples=1, wakes=2, transferred=3008, compressed=610
threads[1369759]: samples=1, wakes=2, transferred=3136, compressed=595
threads[1369760]: samples=1, wakes=2, transferred=3136, compressed=581
threads[1369761]: samples=3, wakes=2, transferred=5104, compressed=1016
threads[1369762]: samples=1, wakes=2, transferred=3072, compressed=601
threads[1369763]: samples=1, wakes=2, transferred=2880, compressed=563
threads[1369764]: samples=1, wakes=2, transferred=3072, compressed=586
threads[1369765]: samples=1, wakes=2, transferred=3008, compressed=567
failed to write feature HYBRID_TOPOLOGY
[ perf record: Captured and wrote 5.856 MB /tmp/amplxe-tmp-lyt/amplxe-res-1369659-33561663133276199/data.0/system-wide.perf, compressed (original 35.784 MB, ratio is 6.778) ]
